Log file open, 04/01/20 14:38:08
LogWindows: Failed to load 'aqProf.dll' (GetLastError=126)
LogWindows: File 'aqProf.dll' does not exist
LogWindows: Failed to load 'VtuneApi.dll' (GetLastError=126)
LogWindows: File 'VtuneApi.dll' does not exist
LogWindows: Failed to load 'VtuneApi32e.dll' (GetLastError=126)
LogWindows: File 'VtuneApi32e.dll' does not exist
LogConsoleResponse: Display: Failed to find resolution value strings in scalability ini. Falling back to default.
LogInit: Display: Running engine for game: GemChasers
LogPlatformFile: Not using cached read wrapper
LogTaskGraph: Started task graph with 5 named threads and 23 total threads with 3 sets of task threads.
LogStats: Stats thread started at 21.359479
LogD3D11RHI: Loaded GFSDK_Aftermath_Lib.x64.dll
LogICUInternationalization: ICU TimeZone Detection - Raw Offset: -5:00, Platform Override: ''
LogPluginManager: Mounting plugin Paper2D
LogPluginManager: Mounting plugin AISupport
LogPluginManager: Mounting plugin LightPropagationVolume
LogPluginManager: Mounting plugin ActorLayerUtilities
LogPluginManager: Mounting plugin AnimationSharing
LogPluginManager: Mounting plugin CLionSourceCodeAccess
LogPluginManager: Mounting plugin CodeLiteSourceCodeAccess
LogPluginManager: Mounting plugin GitSourceControl
LogPluginManager: Mounting plugin KDevelopSourceCodeAccess
LogPluginManager: Mounting plugin NullSourceCodeAccess
LogPluginManager: Mounting plugin PerforceSourceControl
LogPluginManager: Mounting plugin PlasticSourceControl
LogPluginManager: Mounting plugin SubversionSourceControl
LogPluginManager: Mounting plugin UObjectPlugin
LogPluginManager: Mounting plugin VisualStudioCodeSourceCodeAccess
LogPluginManager: Mounting plugin VisualStudioSourceCodeAccess
LogPluginManager: Mounting plugin XCodeSourceCodeAccess
LogPluginManager: Mounting plugin AssetManagerEditor
LogPluginManager: Mounting plugin CryptoKeys
LogPluginManager: Mounting plugin CurveEditorTools
LogPluginManager: Mounting plugin DataValidation
LogPluginManager: Mounting plugin FacialAnimation
LogPluginManager: Mounting plugin GameplayTagsEditor
LogPluginManager: Mounting plugin MacGraphicsSwitching
LogPluginManager: Mounting plugin MaterialAnalyzer
LogPluginManager: Mounting plugin MobileLauncherProfileWizard
LogPluginManager: Mounting plugin PluginBrowser
LogPluginManager: Mounting plugin SpeedTreeImporter
LogPluginManager: Mounting plugin DatasmithContent
LogPluginManager: Mounting plugin VariantManagerContent
LogPluginManager: Mounting plugin AlembicImporter
LogPluginManager: Mounting plugin AutomationUtils
LogPluginManager: Mounting plugin BackChannel
LogPluginManager: Mounting plugin CharacterAI
LogPluginManager: Mounting plugin GeometryCache
LogPluginManager: Mounting plugin PlatformCrypto
LogPluginManager: Mounting plugin ProxyLODPlugin
LogPluginManager: Mounting plugin SkeletalReduction
LogPluginManager: Mounting plugin MagicLeap
LogPluginManager: Mounting plugin MagicLeapMedia
LogPluginManager: Mounting plugin MLSDK
LogPluginManager: Mounting plugin AndroidMedia
LogPluginManager: Mounting plugin AvfMedia
LogPluginManager: Mounting plugin ImgMedia
LogPluginManager: Mounting plugin MediaCompositing
LogPluginManager: Mounting plugin MediaPlayerEditor
LogPluginManager: Mounting plugin WebMMedia
LogPluginManager: Mounting plugin WmfMedia
LogPluginManager: Mounting plugin TcpMessaging
LogPluginManager: Mounting plugin UdpMessaging
LogPluginManager: Mounting plugin ActorSequence
LogPluginManager: Mounting plugin LevelSequenceEditor
LogPluginManager: Mounting plugin MatineeToLevelSequence
LogPluginManager: Mounting plugin NetcodeUnitTest
LogPluginManager: Mounting plugin NUTUnrealEngine4
LogPluginManager: Mounting plugin OnlineSubsystemGooglePlay
LogPluginManager: Mounting plugin OnlineSubsystemIOS
LogPluginManager: Mounting plugin OnlineSubsystem
LogPluginManager: Mounting plugin OnlineSubsystemNull
LogPluginManager: Mounting plugin OnlineSubsystemUtils
LogPluginManager: Mounting plugin LauncherChunkInstaller
LogPluginManager: Mounting plugin AndroidDeviceProfileSelector
LogPluginManager: Mounting plugin AndroidMoviePlayer
LogPluginManager: Mounting plugin AndroidPermission
LogPluginManager: Mounting plugin AppleImageUtils
LogPluginManager: Mounting plugin AppleMoviePlayer
LogPluginManager: Mounting plugin ArchVisCharacter
LogPluginManager: Mounting plugin AssetTags
LogPluginManager: Mounting plugin AudioCapture
LogPluginManager: Mounting plugin CableComponent
LogPluginManager: Mounting plugin CustomMeshComponent
LogPluginManager: Mounting plugin EditableMesh
LogPluginManager: Mounting plugin ExampleDeviceProfileSelector
LogPluginManager: Mounting plugin GoogleCloudMessaging
LogPluginManager: Mounting plugin IOSDeviceProfileSelector
LogPluginManager: Mounting plugin LinuxDeviceProfileSelector
LogPluginManager: Mounting plugin LocationServicesBPLibrary
LogPluginManager: Mounting plugin MobilePatchingUtils
LogPluginManager: Mounting plugin OculusVR
LogPluginManager: Mounting plugin PhysXVehicles
LogPluginManager: Mounting plugin PostSplashScreen
LogPluginManager: Mounting plugin ProceduralMeshComponent
LogPluginManager: Mounting plugin RuntimePhysXCooking
LogPluginManager: Mounting plugin SignificanceManager
LogPluginManager: Mounting plugin SteamVR
LogPluginManager: Mounting plugin WebMMoviePlayer
LogPluginManager: Mounting plugin WindowsMoviePlayer
LogPluginManager: Mounting plugin ScreenshotTools
LogInit: Warning: Incompatible or missing module: GemChasers
Running D:/Epic Games/UE_4.24/Engine/Binaries/DotNET/UnrealBuildTool.exe Development Win64 -Project="D:/College Stuff/Unity/GemChasers/GemChasers/GemChasers.uproject" -TargetType=Editor -Progress -NoHotReloadFromIDE
Using 'git status' to determine working set for adaptive non-unity build (D:\College Stuff\Unity\GemChasers).
@progress push 5%
@progress pop
Building GemChasersEditor...
Using Visual Studio 2019 14.26.28619 toolchain (C:\Program Files (x86)\Microsoft Visual Studio\2019\Preview\VC\Tools\MSVC\14.26.28619) and Windows 10.0.16299.0 SDK (C:\Program Files (x86)\Windows Kits\10).
[Upgrade]
[Upgrade] Using backward-compatible build settings. The latest version of UE4 sets the following values by default, which may require code changes:
[Upgrade]     bLegacyPublicIncludePaths = false                 => Omits subfolders from public include paths to reduce compiler command line length. (Previously: true).
[Upgrade]     ShadowVariableWarningLevel = WarningLevel.Error   => Treats shadowed variable warnings as errors. (Previously: WarningLevel.Warning).
[Upgrade]     PCHUsage = PCHUsageMode.UseExplicitOrSharedPCHs   => Set in build.cs files to enables IWYU-style PCH model. See https://docs.unrealengine.com/en-US/Programming/BuildTools/UnrealBuildTool/IWYU/index.html. (Previously: PCHUsageMode.UseSharedPCHs).
[Upgrade] Suppress this message by setting 'DefaultBuildSettings = BuildSettingsVersion.V2;' in GemChasersEditor.Target.cs, and explicitly overriding settings that differ from the new defaults.
[Upgrade]
Building 32 actions with 8 processes...
  @progress 'Compiling C++ source code...' 0%
  @progress 'Compiling C++ source code...' 3%
  [1/32] SharedPCH.Engine.cpp
  @progress 'Compiling C++ source code...' 6%
  [2/32] GemChasersGameModeBase.cpp
  @progress 'Compiling C++ source code...' 9%
  [3/32] MainGamemode.cpp
  @progress 'Compiling C++ source code...' 12%
  [4/32] PathToFollow.cpp
  @progress 'Compiling C++ source code...' 16%
  [5/32] BaseGem.cpp
  @progress 'Compiling C++ source code...' 19%
  [6/32] BattleAreaSpawnPoint.cpp
  @progress 'Compiling C++ source code...' 22%
  [7/32] BaseBuff.cpp
  @progress 'Compiling C++ source code...' 25%
  [8/32] MainGamemode.gen.cpp
  @progress 'Compiling C++ source code...' 28%
  [9/32] WanderingUIWidget.cpp
  @progress 'Compiling C++ source code...' 31%
  [10/32] GemChasersInstance.cpp
  @progress 'Compiling C++ source code...' 34%
  [11/32] MainPlayerController.cpp
  @progress 'Compiling C++ source code...' 38%
  [12/32] EnemySpawner.gen.cpp
  @progress 'Compiling C++ source code...' 41%
  [13/32] BattleAreaSpawnPoint.gen.cpp
  @progress 'Compiling C++ source code...' 44%
  [14/32] BattleUIWidget.cpp
  @progress 'Compiling C++ source code...' 47%
  [15/32] GemChasers.init.gen.cpp
  @progress 'Compiling C++ source code...' 50%
  [16/32] GemChasersGameModeBase.gen.cpp
  @progress 'Compiling C++ source code...' 53%
  [17/32] GemChasersInstance.gen.cpp
  @progress 'Compiling C++ source code...' 56%
  [18/32] BattleArea.gen.cpp
  @progress 'Compiling C++ source code...' 59%
  [19/32] MainPlayerController.gen.cpp
  @progress 'Compiling C++ source code...' 62%
  [20/32] PlayerPawn.gen.cpp
  @progress 'Compiling C++ source code...' 66%
  [21/32] PathToFollow.gen.cpp
  @progress 'Compiling C++ source code...' 69%
  [22/32] BattleUIWidget.gen.cpp
  @progress 'Compiling C++ source code...' 72%
  [23/32] GemChasers.cpp
  @progress 'Compiling C++ source code...' 75%
  [24/32] TestEnemy.gen.cpp
  @progress 'Compiling C++ source code...' 78%
  [25/32] WanderingUIWidget.gen.cpp
  @progress 'Compiling C++ source code...' 81%
  [26/32] EnemySpawner.cpp
  @progress 'Compiling C++ source code...' 84%
  [27/32] TestEnemy.cpp
  @progress 'Compiling C++ source code...' 88%
  [28/32] PlayerPawn.cpp
  @progress 'Compiling C++ source code...' 91%
  [29/32] BattleArea.cpp
  @progress 'Compiling C++ source code...' 94%
  [30/32] UE4Editor-GemChasers.lib
     Creating library D:\College Stuff\Unity\GemChasers\GemChasers\Intermediate\Build\Win64\UE4Editor\Development\GemChasers\UE4Editor-GemChasers.lib and object D:\College Stuff\Unity\GemChasers\GemChasers\Intermediate\Build\Win64\UE4Editor\Development\GemChasers\UE4Editor-GemChasers.exp
  @progress 'Compiling C++ source code...' 97%
  [31/32] UE4Editor-GemChasers.dll
     Creating library D:\College Stuff\Unity\GemChasers\GemChasers\Intermediate\Build\Win64\UE4Editor\Development\GemChasers\UE4Editor-GemChasers.suppressed.lib and object D:\College Stuff\Unity\GemChasers\GemChasers\Intermediate\Build\Win64\UE4Editor\Development\GemChasers\UE4Editor-GemChasers.suppressed.exp
  @progress 'Compiling C++ source code...' 100%
  [32/32] GemChasersEditor.target
Total time in Parallel executor: 172.18 seconds
Total execution time: 186.79 seconds
LogInit: Using libcurl 7.55.1-DEV
LogInit:  - built for x86_64-pc-win32
LogInit:  - supports SSL with OpenSSL/1.1.1
LogInit:  - supports HTTP deflate (compression) using libz 1.2.8
LogInit:  - other features:
LogInit:      CURL_VERSION_SSL
LogInit:      CURL_VERSION_LIBZ
LogInit:      CURL_VERSION_IPV6
LogInit:      CURL_VERSION_ASYNCHDNS
LogInit:      CURL_VERSION_LARGEFILE
LogInit:      CURL_VERSION_IDN
LogInit:  CurlRequestOptions (configurable via config and command line):
LogInit:  - bVerifyPeer = true  - Libcurl will verify peer certificate
LogInit:  - bUseHttpProxy = false  - Libcurl will NOT use HTTP proxy
LogInit:  - bDontReuseConnections = false  - Libcurl will reuse connections
LogInit:  - MaxHostConnections = 16  - Libcurl will limit the number of connections to a host
LogInit:  - LocalHostAddr = Default
LogInit:  - BufferSize = 65536
LogOnline: OSS: Creating online subsystem instance for: NULL
LogInit: WinSock: version 1.1 (2.2), MaxSocks=32767, MaxUdp=65467
LogOnline: OSS: TryLoadSubsystemAndSetDefault: Loaded subsystem for module [NULL]
LogInit: Build: ++UE4+Release-4.24-CL-11590370
LogInit: Engine Version: 4.24.3-11590370+++UE4+Release-4.24
LogInit: Compatible Engine Version: 4.24.0-10570792+++UE4+Release-4.24
LogInit: Net CL: 10570792
LogInit: OS: Windows 10 (Release 1909) (), CPU: Intel(R) Core(TM) i7-6700HQ CPU @ 2.60GHz, GPU: Intel(R) HD Graphics 530
LogInit: Compiled (64-bit): Feb 24 2020 15:39:18
LogInit: Compiled with Visual C++: 19.16.27032.01
LogInit: Build Configuration: Development
LogInit: Branch Name: ++UE4+Release-4.24
LogInit: Command Line: 
LogInit: Base Directory: D:/Epic Games/UE_4.24/Engine/Binaries/Win64/
LogInit: Installed Engine Build: 1
LogDevObjectVersion: Number of dev versions registered: 25
LogDevObjectVersion:   Dev-Blueprints (B0D832E4-1F89-4F0D-ACCF-7EB736FD4AA2): 10
LogDevObjectVersion:   Dev-Build (E1C64328-A22C-4D53-A36C-8E866417BD8C): 0
LogDevObjectVersion:   Dev-Core (375EC13C-06E4-48FB-B500-84F0262A717E): 3
LogDevObjectVersion:   Dev-Editor (E4B068ED-F494-42E9-A231-DA0B2E46BB41): 37
LogDevObjectVersion:   Dev-Framework (CFFC743F-43B0-4480-9391-14DF171D2073): 36
LogDevObjectVersion:   Dev-Mobile (B02B49B5-BB20-44E9-A304-32B752E40360): 2
LogDevObjectVersion:   Dev-Networking (A4E4105C-59A1-49B5-A7C5-40C4547EDFEE): 0
LogDevObjectVersion:   Dev-Online (39C831C9-5AE6-47DC-9A44-9C173E1C8E7C): 0
LogDevObjectVersion:   Dev-Physics (78F01B33-EBEA-4F98-B9B4-84EACCB95AA2): 2
LogDevObjectVersion:   Dev-Platform (6631380F-2D4D-43E0-8009-CF276956A95A): 0
LogDevObjectVersion:   Dev-Rendering (12F88B9F-8875-4AFC-A67C-D90C383ABD29): 36
LogDevObjectVersion:   Dev-Sequencer (7B5AE74C-D270-4C10-A958-57980B212A5A): 11
LogDevObjectVersion:   Dev-VR (D7296918-1DD6-4BDD-9DE2-64A83CC13884): 2
LogDevObjectVersion:   Dev-LoadTimes (C2A15278-BFE7-4AFE-6C17-90FF531DF755): 1
LogDevObjectVersion:   Private-Geometry (6EACA3D4-40EC-4CC1-B786-8BED09428FC5): 3
LogDevObjectVersion:   Dev-AnimPhys (29E575DD-E0A3-4627-9D10-D276232CDCEA): 17
LogDevObjectVersion:   Dev-Anim (AF43A65D-7FD3-4947-9873-3E8ED9C1BB05): 2
LogDevObjectVersion:   Dev-ReflectionCapture (6B266CEC-1EC7-4B8F-A30B-E4D90942FC07): 1
LogDevObjectVersion:   Dev-Automation (0DF73D61-A23F-47EA-B727-89E90C41499A): 1
LogDevObjectVersion:   FortniteMain (601D1886-AC64-4F84-AA16-D3DE0DEAC7D6): 31
LogDevObjectVersion:   Dev-Enterprise (9DFFBCD6-494F-0158-E221-12823C92A888): 8
LogDevObjectVersion:   Dev-Niagara (F2AED0AC-9AFE-416F-8664-AA7FFA26D6FC): 1
LogDevObjectVersion:   Dev-Destruction (174F1F0B-B4C6-45A5-B13F-2EE8D0FB917D): 9
LogDevObjectVersion:   Dev-Physics-Ext (35F94A83-E258-406C-A318-09F59610247C): 8
LogDevObjectVersion:   Dev-CineCamera (B2E18506-4273-CFC2-A54E-F4BB758BBA07): 1
LogInit: Presizing for max 25165824 objects, including 0 objects not considered by GC, pre-allocating 0 bytes for permanent pool.
LogInit: Object subsystem initialized
LogConfig: Setting CVar [[con.DebugEarlyDefault:1]]
LogConfig: Setting CVar [[r.setres:1280x720]]
[2020.04.01-18.42.17:700][  0]LogConfig: Setting CVar [[r.VSync:0]]
[2020.04.01-18.42.17:700][  0]LogConfig: Setting CVar [[r.RHICmdBypass:0]]
[2020.04.01-18.42.17:799][  0]LogConfig: Applying CVar settings from Section [/Script/Engine.RendererSettings] File [D:/College Stuff/Unity/GemChasers/GemChasers/Saved/Config/Windows/Engine.ini]
[2020.04.01-18.42.17:799][  0]LogConfig: Setting CVar [[r.GPUCrashDebugging:0]]
[2020.04.01-18.42.17:799][  0]LogConfig: Applying CVar settings from Section [/Script/Engine.RendererOverrideSettings] File [D:/College Stuff/Unity/GemChasers/GemChasers/Saved/Config/Windows/Engine.ini]
[2020.04.01-18.42.17:799][  0]LogConfig: Applying CVar settings from Section [/Script/Engine.StreamingSettings] File [D:/College Stuff/Unity/GemChasers/GemChasers/Saved/Config/Windows/Engine.ini]
[2020.04.01-18.42.17:799][  0]LogConfig: Setting CVar [[s.MinBulkDataSizeForAsyncLoading:131072]]
[2020.04.01-18.42.17:799][  0]LogConfig: Setting CVar [[s.AsyncLoadingThreadEnabled:0]]
[2020.04.01-18.42.17:799][  0]LogConfig: Setting CVar [[s.EventDrivenLoaderEnabled:0]]
[2020.04.01-18.42.17:799][  0]LogConfig: Setting CVar [[s.WarnIfTimeLimitExceeded:0]]
[2020.04.01-18.42.17:799][  0]LogConfig: Setting CVar [[s.TimeLimitExceededMultiplier:1.5]]
[2020.04.01-18.42.17:799][  0]LogConfig: Setting CVar [[s.TimeLimitExceededMinTime:0.005]]
[2020.04.01-18.42.17:799][  0]LogConfig: Setting CVar [[s.UseBackgroundLevelStreaming:1]]
[2020.04.01-18.42.17:799][  0]LogConfig: Setting CVar [[s.PriorityAsyncLoadingExtraTime:15.0]]
[2020.04.01-18.42.17:799][  0]LogConfig: Setting CVar [[s.LevelStreamingActorsUpdateTimeLimit:5.0]]
[2020.04.01-18.42.17:799][  0]LogConfig: Setting CVar [[s.PriorityLevelStreamingActorsUpdateExtraTime:5.0]]
[2020.04.01-18.42.17:799][  0]LogConfig: Setting CVar [[s.LevelStreamingComponentsRegistrationGranularity:10]]
[2020.04.01-18.42.17:799][  0]LogConfig: Setting CVar [[s.UnregisterComponentsTimeLimit:1.0]]
[2020.04.01-18.42.17:799][  0]LogConfig: Setting CVar [[s.LevelStreamingComponentsUnregistrationGranularity:5]]
[2020.04.01-18.42.17:799][  0]LogConfig: Setting CVar [[s.FlushStreamingOnExit:1]]
[2020.04.01-18.42.17:800][  0]LogConfig: Applying CVar settings from Section [/Script/Engine.GarbageCollectionSettings] File [D:/College Stuff/Unity/GemChasers/GemChasers/Saved/Config/Windows/Engine.ini]
[2020.04.01-18.42.17:800][  0]LogConfig: Setting CVar [[gc.MaxObjectsNotConsideredByGC:1]]
[2020.04.01-18.42.17:800][  0]LogConfig: Setting CVar [[gc.SizeOfPermanentObjectPool:0]]
[2020.04.01-18.42.17:800][  0]LogConfig: Setting CVar [[gc.FlushStreamingOnGC:0]]
[2020.04.01-18.42.17:800][  0]LogConfig: Setting CVar [[gc.NumRetriesBeforeForcingGC:10]]
[2020.04.01-18.42.17:800][  0]LogConfig: Setting CVar [[gc.AllowParallelGC:1]]
[2020.04.01-18.42.17:800][  0]LogConfig: Setting CVar [[gc.TimeBetweenPurgingPendingKillObjects:61.1]]
[2020.04.01-18.42.17:800][  0]LogConfig: Setting CVar [[gc.MaxObjectsInEditor:25165824]]
[2020.04.01-18.42.17:800][  0]LogConfig: Setting CVar [[gc.IncrementalBeginDestroyEnabled:1]]
[2020.04.01-18.42.17:800][  0]LogConfig: Setting CVar [[gc.CreateGCClusters:1]]
[2020.04.01-18.42.17:800][  0]LogConfig: Setting CVar [[gc.MinGCClusterSize:5]]
[2020.04.01-18.42.17:800][  0]LogConfig: Setting CVar [[gc.ActorClusteringEnabled:0]]
[2020.04.01-18.42.17:800][  0]LogConfig: Setting CVar [[gc.BlueprintClusteringEnabled:0]]
[2020.04.01-18.42.17:800][  0]LogConfig: Setting CVar [[gc.UseDisregardForGCOnDedicatedServers:0]]
[2020.04.01-18.42.17:800][  0]LogConfig: Applying CVar settings from Section [/Script/Engine.NetworkSettings] File [D:/College Stuff/Unity/GemChasers/GemChasers/Saved/Config/Windows/Engine.ini]
[2020.04.01-18.42.17:800][  0]LogConfig: Applying CVar settings from Section [/Script/UnrealEd.CookerSettings] File [D:/College Stuff/Unity/GemChasers/GemChasers/Saved/Config/Windows/Engine.ini]
[2020.04.01-18.42.18:626][  0]LogConfig: Applying CVar settings from Section [ViewDistanceQuality@3] File [D:/College Stuff/Unity/GemChasers/GemChasers/Saved/Config/Windows/Scalability.ini]
[2020.04.01-18.42.18:626][  0]LogConfig: Setting CVar [[r.SkeletalMeshLODBias:0]]
[2020.04.01-18.42.18:626][  0]LogConfig: Setting CVar [[r.ViewDistanceScale:1.0]]
[2020.04.01-18.42.18:626][  0]LogConfig: Applying CVar settings from Section [AntiAliasingQuality@3] File [D:/College Stuff/Unity/GemChasers/GemChasers/Saved/Config/Windows/Scalability.ini]
[2020.04.01-18.42.18:626][  0]LogConfig: Setting CVar [[r.PostProcessAAQuality:4]]
[2020.04.01-18.42.18:626][  0]LogConfig: Applying CVar settings from Section [ShadowQuality@3] File [D:/College Stuff/Unity/GemChasers/GemChasers/Saved/Config/Windows/Scalability.ini]
[2020.04.01-18.42.18:626][  0]LogConfig: Setting CVar [[r.LightFunctionQuality:1]]
[2020.04.01-18.42.18:626][  0]LogConfig: Setting CVar [[r.ShadowQuality:5]]
[2020.04.01-18.42.18:626][  0]LogConfig: Setting CVar [[r.Shadow.CSM.MaxCascades:10]]
[2020.04.01-18.42.18:626][  0]LogConfig: Setting CVar [[r.Shadow.MaxResolution:2048]]
[2020.04.01-18.42.18:626][  0]LogConfig: Setting CVar [[r.Shadow.MaxCSMResolution:2048]]
[2020.04.01-18.42.18:626][  0]LogConfig: Setting CVar [[r.Shadow.RadiusThreshold:0.01]]
[2020.04.01-18.42.18:626][  0]LogConfig: Setting CVar [[r.Shadow.DistanceScale:1.0]]
[2020.04.01-18.42.18:626][  0]LogConfig: Setting CVar [[r.Shadow.CSM.TransitionScale:1.0]]
[2020.04.01-18.42.18:626][  0]LogConfig: Setting CVar [[r.Shadow.PreShadowResolutionFactor:1.0]]
[2020.04.01-18.42.18:626][  0]LogConfig: Setting CVar [[r.DistanceFieldShadowing:1]]
[2020.04.01-18.42.18:626][  0]LogConfig: Setting CVar [[r.DistanceFieldAO:1]]
[2020.04.01-18.42.18:626][  0]LogConfig: Setting CVar [[r.AOQuality:2]]
[2020.04.01-18.42.18:626][  0]LogConfig: Setting CVar [[r.VolumetricFog:1]]
[2020.04.01-18.42.18:626][  0]LogConfig: Setting CVar [[r.VolumetricFog.GridPixelSize:8]]
[2020.04.01-18.42.18:626][  0]LogConfig: Setting CVar [[r.VolumetricFog.GridSizeZ:128]]
[2020.04.01-18.42.18:626][  0]LogConfig: Setting CVar [[r.VolumetricFog.HistoryMissSupersampleCount:4]]
[2020.04.01-18.42.18:627][  0]LogConfig: Setting CVar [[r.LightMaxDrawDistanceScale:1]]
[2020.04.01-18.42.18:627][  0]LogConfig: Setting CVar [[r.CapsuleShadows:1]]
[2020.04.01-18.42.18:627][  0]LogConfig: Applying CVar settings from Section [PostProcessQuality@3] File [D:/College Stuff/Unity/GemChasers/GemChasers/Saved/Config/Windows/Scalability.ini]
[2020.04.01-18.42.18:627][  0]LogConfig: Setting CVar [[r.MotionBlurQuality:4]]
[2020.04.01-18.42.18:627][  0]LogConfig: Setting CVar [[r.AmbientOcclusionMipLevelFactor:0.4]]
[2020.04.01-18.42.18:627][  0]LogConfig: Setting CVar [[r.AmbientOcclusionMaxQuality:100]]
[2020.04.01-18.42.18:627][  0]LogConfig: Setting CVar [[r.AmbientOcclusionLevels:-1]]
[2020.04.01-18.42.18:627][  0]LogConfig: Setting CVar [[r.AmbientOcclusionRadiusScale:1.0]]
[2020.04.01-18.42.18:627][  0]LogConfig: Setting CVar [[r.DepthOfFieldQuality:2]]
[2020.04.01-18.42.18:627][  0]LogConfig: Setting CVar [[r.RenderTargetPoolMin:400]]
[2020.04.01-18.42.18:627][  0]LogConfig: Setting CVar [[r.LensFlareQuality:2]]
[2020.04.01-18.42.18:627][  0]LogConfig: Setting CVar [[r.SceneColorFringeQuality:1]]
[2020.04.01-18.42.18:627][  0]LogConfig: Setting CVar [[r.EyeAdaptationQuality:2]]
[2020.04.01-18.42.18:627][  0]LogConfig: Setting CVar [[r.BloomQuality:5]]
[2020.04.01-18.42.18:627][  0]LogConfig: Setting CVar [[r.FastBlurThreshold:100]]
[2020.04.01-18.42.18:627][  0]LogConfig: Setting CVar [[r.Upscale.Quality:3]]
[2020.04.01-18.42.18:627][  0]LogConfig: Setting CVar [[r.Tonemapper.GrainQuantization:1]]
[2020.04.01-18.42.18:627][  0]LogConfig: Setting CVar [[r.LightShaftQuality:1]]
[2020.04.01-18.42.18:627][  0]LogConfig: Setting CVar [[r.Filter.SizeScale:1]]
[2020.04.01-18.42.18:627][  0]LogConfig: Setting CVar [[r.Tonemapper.Quality:5]]
[2020.04.01-18.42.18:627][  0]LogConfig: Setting CVar [[r.DOF.Gather.AccumulatorQuality:1        ; higher gathering accumulator quality]]
[2020.04.01-18.42.18:627][  0]LogConfig: Setting CVar [[r.DOF.Gather.PostfilterMethod:1          ; Median3x3 postfilering method]]
[2020.04.01-18.42.18:627][  0]LogConfig: Setting CVar [[r.DOF.Gather.EnableBokehSettings:0       ; no bokeh simulation when gathering]]
[2020.04.01-18.42.18:627][  0]LogConfig: Setting CVar [[r.DOF.Gather.RingCount:4                 ; medium number of samples when gathering]]
[2020.04.01-18.42.18:627][  0]LogConfig: Setting CVar [[r.DOF.Scatter.ForegroundCompositing:1    ; additive foreground scattering]]
[2020.04.01-18.42.18:627][  0]LogConfig: Setting CVar [[r.DOF.Scatter.BackgroundCompositing:2    ; additive background scattering]]
[2020.04.01-18.42.18:627][  0]LogConfig: Setting CVar [[r.DOF.Scatter.EnableBokehSettings:1      ; bokeh simulation when scattering]]
[2020.04.01-18.42.18:627][  0]LogConfig: Setting CVar [[r.DOF.Scatter.MaxSpriteRatio:0.1         ; only a maximum of 10% of scattered bokeh]]
[2020.04.01-18.42.18:627][  0]LogConfig: Setting CVar [[r.DOF.Recombine.Quality:1                ; cheap slight out of focus]]
[2020.04.01-18.42.18:627][  0]LogConfig: Setting CVar [[r.DOF.Recombine.EnableBokehSettings:0    ; no bokeh simulation on slight out of focus]]
[2020.04.01-18.42.18:627][  0]LogConfig: Setting CVar [[r.DOF.TemporalAAQuality:1                ; more stable temporal accumulation]]
[2020.04.01-18.42.18:627][  0]LogConfig: Setting CVar [[r.DOF.Kernel.MaxForegroundRadius:0.025]]
[2020.04.01-18.42.18:627][  0]LogConfig: Setting CVar [[r.DOF.Kernel.MaxBackgroundRadius:0.025]]
[2020.04.01-18.42.18:627][  0]LogConfig: Applying CVar settings from Section [TextureQuality@3] File [D:/College Stuff/Unity/GemChasers/GemChasers/Saved/Config/Windows/Scalability.ini]
[2020.04.01-18.42.18:627][  0]LogConfig: Setting CVar [[r.Streaming.MipBias:0]]
[2020.04.01-18.42.18:627][  0]LogConfig: Setting CVar [[r.Streaming.AmortizeCPUToGPUCopy:0]]
[2020.04.01-18.42.18:627][  0]LogConfig: Setting CVar [[r.Streaming.MaxNumTexturesToStreamPerFrame:0]]
[2020.04.01-18.42.18:627][  0]LogConfig: Setting CVar [[r.Streaming.Boost:1]]
[2020.04.01-18.42.18:627][  0]LogConfig: Setting CVar [[r.MaxAnisotropy:8]]
[2020.04.01-18.42.18:627][  0]LogConfig: Setting CVar [[r.VT.MaxAnisotropy:8]]
[2020.04.01-18.42.18:627][  0]LogConfig: Setting CVar [[r.Streaming.LimitPoolSizeToVRAM:0]]
[2020.04.01-18.42.18:627][  0]LogConfig: Setting CVar [[r.Streaming.PoolSize:1000]]
[2020.04.01-18.42.18:627][  0]LogConfig: Setting CVar [[r.Streaming.MaxEffectiveScreenSize:0]]
[2020.04.01-18.42.18:627][  0]LogConfig: Applying CVar settings from Section [EffectsQuality@3] File [D:/College Stuff/Unity/GemChasers/GemChasers/Saved/Config/Windows/Scalability.ini]
[2020.04.01-18.42.18:627][  0]LogConfig: Setting CVar [[r.TranslucencyLightingVolumeDim:64]]
[2020.04.01-18.42.18:627][  0]LogConfig: Setting CVar [[r.RefractionQuality:2]]
[2020.04.01-18.42.18:627][  0]LogConfig: Setting CVar [[r.SSR.Quality:3]]
[2020.04.01-18.42.18:627][  0]LogConfig: Setting CVar [[r.SSR.HalfResSceneColor:0]]
[2020.04.01-18.42.18:627][  0]LogConfig: Setting CVar [[r.SceneColorFormat:4]]
[2020.04.01-18.42.18:627][  0]LogConfig: Setting CVar [[r.DetailMode:2]]
[2020.04.01-18.42.18:627][  0]LogConfig: Setting CVar [[r.TranslucencyVolumeBlur:1]]
[2020.04.01-18.42.18:627][  0]LogConfig: Setting CVar [[r.MaterialQualityLevel:1 ; High quality]]
[2020.04.01-18.42.18:627][  0]LogConfig: Setting CVar [[r.SSS.Scale:1]]
[2020.04.01-18.42.18:627][  0]LogConfig: Setting CVar [[r.SSS.SampleSet:2]]
[2020.04.01-18.42.18:627][  0]LogConfig: Setting CVar [[r.SSS.Quality:1]]
[2020.04.01-18.42.18:627][  0]LogConfig: Setting CVar [[r.SSS.HalfRes:1]]
[2020.04.01-18.42.18:627][  0]LogConfig: Setting CVar [[r.SSGI.Quality:3]]
[2020.04.01-18.42.18:627][  0]LogConfig: Setting CVar [[r.EmitterSpawnRateScale:1.0]]
[2020.04.01-18.42.18:627][  0]LogConfig: Setting CVar [[r.ParticleLightQuality:2]]
[2020.04.01-18.42.18:627][  0]LogConfig: Setting CVar [[r.SkyAtmosphere.AerialPerspectiveLUT.FastApplyOnOpaque:1 ; Always have FastSkyLUT 1 in this case to avoid wrong sky]]
[2020.04.01-18.42.18:627][  0]LogConfig: Setting CVar [[r.SkyAtmosphere.AerialPerspectiveLUT.SampleCountPerSlice:1]]
[2020.04.01-18.42.18:627][  0]LogConfig: Setting CVar [[r.SkyAtmosphere.AerialPerspectiveLUT.DepthResolution:16.0]]
[2020.04.01-18.42.18:627][  0]LogConfig: Setting CVar [[r.SkyAtmosphere.FastSkyLUT:1]]
[2020.04.01-18.42.18:627][  0]LogConfig: Setting CVar [[r.SkyAtmosphere.FastSkyLUT.SampleCountMin:4.0]]
[2020.04.01-18.42.18:627][  0]LogConfig: Setting CVar [[r.SkyAtmosphere.FastSkyLUT.SampleCountMax:32.0]]
[2020.04.01-18.42.18:627][  0]LogConfig: Setting CVar [[r.SkyAtmosphere.SampleCountMin:4.0]]
[2020.04.01-18.42.18:627][  0]LogConfig: Setting CVar [[r.SkyAtmosphere.SampleCountMax:32.0]]
[2020.04.01-18.42.18:628][  0]LogConfig: Setting CVar [[r.SkyAtmosphere.TransmittanceLUT.UseSmallFormat:0]]
[2020.04.01-18.42.18:628][  0]LogConfig: Setting CVar [[r.SkyAtmosphere.TransmittanceLUT.SampleCount:10.0]]
[2020.04.01-18.42.18:628][  0]LogConfig: Setting CVar [[r.SkyAtmosphere.MultiScatteringLUT.SampleCount:15.0]]
[2020.04.01-18.42.18:628][  0]LogConfig: Applying CVar settings from Section [FoliageQuality@3] File [D:/College Stuff/Unity/GemChasers/GemChasers/Saved/Config/Windows/Scalability.ini]
[2020.04.01-18.42.18:628][  0]LogConfig: Setting CVar [[foliage.DensityScale:1.0]]
[2020.04.01-18.42.18:628][  0]LogConfig: Setting CVar [[grass.DensityScale:1.0]]
[2020.04.01-18.42.18:628][  0]LogConfig: Applying CVar settings from Section [ShadingQuality@3] File [D:/College Stuff/Unity/GemChasers/GemChasers/Saved/Config/Windows/Scalability.ini]
[2020.04.01-18.42.18:628][  0]LogConfig: Setting CVar [[r.HairStrands.SkyLighting.SampleCount:16]]
[2020.04.01-18.42.18:628][  0]LogConfig: Setting CVar [[r.HairStrands.SkyLighting.JitterIntegration:0]]
[2020.04.01-18.42.18:628][  0]LogConfig: Setting CVar [[r.HairStrands.SkyAO.SampleCount:16]]
[2020.04.01-18.42.18:635][  0]LogInit: Selected Device Profile: [Windows]
[2020.04.01-18.42.18:641][  0]LogInit: Applying CVar settings loaded from the selected device profile: [Windows]
[2020.04.01-18.42.18:928][  0]LogHAL: Display: Platform has ~ 16 GB [17086115840 / 17179869184 / 16], which maps to Larger [LargestMinGB=32, LargerMinGB=12, DefaultMinGB=8, SmallerMinGB=6, SmallestMinGB=0)
[2020.04.01-18.42.18:928][  0]LogInit: Going up to parent DeviceProfile []
[2020.04.01-18.42.18:975][  0]LogConfig: Applying CVar settings from Section [ViewDistanceQuality@3] File [D:/College Stuff/Unity/GemChasers/GemChasers/Saved/Config/Windows/Scalability.ini]
[2020.04.01-18.42.18:975][  0]LogConfig: Setting CVar [[r.SkeletalMeshLODBias:0]]
[2020.04.01-18.42.18:975][  0]LogConfig: Setting CVar [[r.ViewDistanceScale:1.0]]
[2020.04.01-18.42.18:975][  0]LogConfig: Applying CVar settings from Section [AntiAliasingQuality@3] File [D:/College Stuff/Unity/GemChasers/GemChasers/Saved/Config/Windows/Scalability.ini]
[2020.04.01-18.42.18:975][  0]LogConfig: Setting CVar [[r.PostProcessAAQuality:4]]
[2020.04.01-18.42.18:975][  0]LogConfig: Applying CVar settings from Section [ShadowQuality@3] File [D:/College Stuff/Unity/GemChasers/GemChasers/Saved/Config/Windows/Scalability.ini]
[2020.04.01-18.42.18:975][  0]LogConfig: Setting CVar [[r.LightFunctionQuality:1]]
[2020.04.01-18.42.18:975][  0]LogConfig: Setting CVar [[r.ShadowQuality:5]]
[2020.04.01-18.42.18:975][  0]LogConfig: Setting CVar [[r.Shadow.CSM.MaxCascades:10]]
[2020.04.01-18.42.18:975][  0]LogConfig: Setting CVar [[r.Shadow.MaxResolution:2048]]
[2020.04.01-18.42.18:975][  0]LogConfig: Setting CVar [[r.Shadow.MaxCSMResolution:2048]]
[2020.04.01-18.42.18:975][  0]LogConfig: Setting CVar [[r.Shadow.RadiusThreshold:0.01]]
[2020.04.01-18.42.18:975][  0]LogConfig: Setting CVar [[r.Shadow.DistanceScale:1.0]]
[2020.04.01-18.42.18:975][  0]LogConfig: Setting CVar [[r.Shadow.CSM.TransitionScale:1.0]]
[2020.04.01-18.42.18:975][  0]LogConfig: Setting CVar [[r.Shadow.PreShadowResolutionFactor:1.0]]
[2020.04.01-18.42.18:975][  0]LogConfig: Setting CVar [[r.DistanceFieldShadowing:1]]
[2020.04.01-18.42.18:975][  0]LogConfig: Setting CVar [[r.DistanceFieldAO:1]]
[2020.04.01-18.42.18:975][  0]LogConfig: Setting CVar [[r.AOQuality:2]]
[2020.04.01-18.42.18:975][  0]LogConfig: Setting CVar [[r.VolumetricFog:1]]
[2020.04.01-18.42.18:975][  0]LogConfig: Setting CVar [[r.VolumetricFog.GridPixelSize:8]]
[2020.04.01-18.42.18:975][  0]LogConfig: Setting CVar [[r.VolumetricFog.GridSizeZ:128]]
[2020.04.01-18.42.18:975][  0]LogConfig: Setting CVar [[r.VolumetricFog.HistoryMissSupersampleCount:4]]
[2020.04.01-18.42.18:975][  0]LogConfig: Setting CVar [[r.LightMaxDrawDistanceScale:1]]
[2020.04.01-18.42.18:975][  0]LogConfig: Setting CVar [[r.CapsuleShadows:1]]
[2020.04.01-18.42.18:975][  0]LogConfig: Applying CVar settings from Section [PostProcessQuality@3] File [D:/College Stuff/Unity/GemChasers/GemChasers/Saved/Config/Windows/Scalability.ini]
[2020.04.01-18.42.18:975][  0]LogConfig: Setting CVar [[r.MotionBlurQuality:4]]
[2020.04.01-18.42.18:975][  0]LogConfig: Setting CVar [[r.AmbientOcclusionMipLevelFactor:0.4]]
[2020.04.01-18.42.18:975][  0]LogConfig: Setting CVar [[r.AmbientOcclusionMaxQuality:100]]
[2020.04.01-18.42.18:975][  0]LogConfig: Setting CVar [[r.AmbientOcclusionLevels:-1]]
[2020.04.01-18.42.18:975][  0]LogConfig: Setting CVar [[r.AmbientOcclusionRadiusScale:1.0]]
[2020.04.01-18.42.18:975][  0]LogConfig: Setting CVar [[r.DepthOfFieldQuality:2]]
[2020.04.01-18.42.18:975][  0]LogConfig: Setting CVar [[r.RenderTargetPoolMin:400]]
[2020.04.01-18.42.18:975][  0]LogConfig: Setting CVar [[r.LensFlareQuality:2]]
[2020.04.01-18.42.18:975][  0]LogConfig: Setting CVar [[r.SceneColorFringeQuality:1]]
[2020.04.01-18.42.18:975][  0]LogConfig: Setting CVar [[r.EyeAdaptationQuality:2]]
[2020.04.01-18.42.18:975][  0]LogConfig: Setting CVar [[r.BloomQuality:5]]
[2020.04.01-18.42.18:975][  0]LogConfig: Setting CVar [[r.FastBlurThreshold:100]]
[2020.04.01-18.42.18:975][  0]LogConfig: Setting CVar [[r.Upscale.Quality:3]]
[2020.04.01-18.42.18:975][  0]LogConfig: Setting CVar [[r.Tonemapper.GrainQuantization:1]]
[2020.04.01-18.42.18:975][  0]LogConfig: Setting CVar [[r.LightShaftQuality:1]]
[2020.04.01-18.42.18:975][  0]LogConfig: Setting CVar [[r.Filter.SizeScale:1]]
[2020.04.01-18.42.18:975][  0]LogConfig: Setting CVar [[r.Tonemapper.Quality:5]]
[2020.04.01-18.42.18:975][  0]LogConfig: Setting CVar [[r.DOF.Gather.AccumulatorQuality:1        ; higher gathering accumulator quality]]
[2020.04.01-18.42.18:975][  0]LogConfig: Setting CVar [[r.DOF.Gather.PostfilterMethod:1          ; Median3x3 postfilering method]]
[2020.04.01-18.42.18:975][  0]LogConfig: Setting CVar [[r.DOF.Gather.EnableBokehSettings:0       ; no bokeh simulation when gathering]]
[2020.04.01-18.42.18:975][  0]LogConfig: Setting CVar [[r.DOF.Gather.RingCount:4                 ; medium number of samples when gathering]]
[2020.04.01-18.42.18:975][  0]LogConfig: Setting CVar [[r.DOF.Scatter.ForegroundCompositing:1    ; additive foreground scattering]]
[2020.04.01-18.42.18:975][  0]LogConfig: Setting CVar [[r.DOF.Scatter.BackgroundCompositing:2    ; additive background scattering]]
[2020.04.01-18.42.18:975][  0]LogConfig: Setting CVar [[r.DOF.Scatter.EnableBokehSettings:1      ; bokeh simulation when scattering]]
[2020.04.01-18.42.18:975][  0]LogConfig: Setting CVar [[r.DOF.Scatter.MaxSpriteRatio:0.1         ; only a maximum of 10% of scattered bokeh]]
[2020.04.01-18.42.18:975][  0]LogConfig: Setting CVar [[r.DOF.Recombine.Quality:1                ; cheap slight out of focus]]
[2020.04.01-18.42.18:975][  0]LogConfig: Setting CVar [[r.DOF.Recombine.EnableBokehSettings:0    ; no bokeh simulation on slight out of focus]]
[2020.04.01-18.42.18:975][  0]LogConfig: Setting CVar [[r.DOF.TemporalAAQuality:1                ; more stable temporal accumulation]]
[2020.04.01-18.42.18:975][  0]LogConfig: Setting CVar [[r.DOF.Kernel.MaxForegroundRadius:0.025]]
[2020.04.01-18.42.18:975][  0]LogConfig: Setting CVar [[r.DOF.Kernel.MaxBackgroundRadius:0.025]]
[2020.04.01-18.42.18:975][  0]LogConfig: Applying CVar settings from Section [TextureQuality@3] File [D:/College Stuff/Unity/GemChasers/GemChasers/Saved/Config/Windows/Scalability.ini]
[2020.04.01-18.42.18:975][  0]LogConfig: Setting CVar [[r.Streaming.MipBias:0]]
[2020.04.01-18.42.18:975][  0]LogConfig: Setting CVar [[r.Streaming.AmortizeCPUToGPUCopy:0]]
[2020.04.01-18.42.18:976][  0]LogConfig: Setting CVar [[r.Streaming.MaxNumTexturesToStreamPerFrame:0]]
[2020.04.01-18.42.18:976][  0]LogConfig: Setting CVar [[r.Streaming.Boost:1]]
[2020.04.01-18.42.18:976][  0]LogConfig: Setting CVar [[r.MaxAnisotropy:8]]
[2020.04.01-18.42.18:976][  0]LogConfig: Setting CVar [[r.VT.MaxAnisotropy:8]]
[2020.04.01-18.42.18:976][  0]LogConfig: Setting CVar [[r.Streaming.LimitPoolSizeToVRAM:0]]
[2020.04.01-18.42.18:976][  0]LogConfig: Setting CVar [[r.Streaming.PoolSize:1000]]
[2020.04.01-18.42.18:976][  0]LogConfig: Setting CVar [[r.Streaming.MaxEffectiveScreenSize:0]]
[2020.04.01-18.42.18:976][  0]LogConfig: Applying CVar settings from Section [EffectsQuality@3] File [D:/College Stuff/Unity/GemChasers/GemChasers/Saved/Config/Windows/Scalability.ini]
[2020.04.01-18.42.18:976][  0]LogConfig: Setting CVar [[r.TranslucencyLightingVolumeDim:64]]
[2020.04.01-18.42.18:976][  0]LogConfig: Setting CVar [[r.RefractionQuality:2]]
[2020.04.01-18.42.18:976][  0]LogConfig: Setting CVar [[r.SSR.Quality:3]]
[2020.04.01-18.42.18:976][  0]LogConfig: Setting CVar [[r.SSR.HalfResSceneColor:0]]
[2020.04.01-18.42.18:976][  0]LogConfig: Setting CVar [[r.SceneColorFormat:4]]
[2020.04.01-18.42.18:976][  0]LogConfig: Setting CVar [[r.DetailMode:2]]
[2020.04.01-18.42.18:976][  0]LogConfig: Setting CVar [[r.TranslucencyVolumeBlur:1]]
[2020.04.01-18.42.18:976][  0]LogConfig: Setting CVar [[r.MaterialQualityLevel:1 ; High quality]]
[2020.04.01-18.42.18:976][  0]LogConfig: Setting CVar [[r.SSS.Scale:1]]
[2020.04.01-18.42.18:976][  0]LogConfig: Setting CVar [[r.SSS.SampleSet:2]]
[2020.04.01-18.42.18:976][  0]LogConfig: Setting CVar [[r.SSS.Quality:1]]
[2020.04.01-18.42.18:976][  0]LogConfig: Setting CVar [[r.SSS.HalfRes:1]]
[2020.04.01-18.42.18:976][  0]LogConfig: Setting CVar [[r.SSGI.Quality:3]]
[2020.04.01-18.42.18:976][  0]LogConfig: Setting CVar [[r.EmitterSpawnRateScale:1.0]]
[2020.04.01-18.42.18:976][  0]LogConfig: Setting CVar [[r.ParticleLightQuality:2]]
[2020.04.01-18.42.18:976][  0]LogConfig: Setting CVar [[r.SkyAtmosphere.AerialPerspectiveLUT.FastApplyOnOpaque:1 ; Always have FastSkyLUT 1 in this case to avoid wrong sky]]
[2020.04.01-18.42.18:976][  0]LogConfig: Setting CVar [[r.SkyAtmosphere.AerialPerspectiveLUT.SampleCountPerSlice:1]]
[2020.04.01-18.42.18:976][  0]LogConfig: Setting CVar [[r.SkyAtmosphere.AerialPerspectiveLUT.DepthResolution:16.0]]
[2020.04.01-18.42.18:976][  0]LogConfig: Setting CVar [[r.SkyAtmosphere.FastSkyLUT:1]]
[2020.04.01-18.42.18:976][  0]LogConfig: Setting CVar [[r.SkyAtmosphere.FastSkyLUT.SampleCountMin:4.0]]
[2020.04.01-18.42.18:976][  0]LogConfig: Setting CVar [[r.SkyAtmosphere.FastSkyLUT.SampleCountMax:32.0]]
[2020.04.01-18.42.18:976][  0]LogConfig: Setting CVar [[r.SkyAtmosphere.SampleCountMin:4.0]]
[2020.04.01-18.42.18:976][  0]LogConfig: Setting CVar [[r.SkyAtmosphere.SampleCountMax:32.0]]
[2020.04.01-18.42.18:976][  0]LogConfig: Setting CVar [[r.SkyAtmosphere.TransmittanceLUT.UseSmallFormat:0]]
[2020.04.01-18.42.18:976][  0]LogConfig: Setting CVar [[r.SkyAtmosphere.TransmittanceLUT.SampleCount:10.0]]
[2020.04.01-18.42.18:976][  0]LogConfig: Setting CVar [[r.SkyAtmosphere.MultiScatteringLUT.SampleCount:15.0]]
[2020.04.01-18.42.18:976][  0]LogConfig: Applying CVar settings from Section [FoliageQuality@3] File [D:/College Stuff/Unity/GemChasers/GemChasers/Saved/Config/Windows/Scalability.ini]
[2020.04.01-18.42.18:976][  0]LogConfig: Setting CVar [[foliage.DensityScale:1.0]]
[2020.04.01-18.42.18:976][  0]LogConfig: Setting CVar [[grass.DensityScale:1.0]]
[2020.04.01-18.42.18:976][  0]LogConfig: Applying CVar settings from Section [ShadingQuality@3] File [D:/College Stuff/Unity/GemChasers/GemChasers/Saved/Config/Windows/Scalability.ini]
[2020.04.01-18.42.18:976][  0]LogConfig: Setting CVar [[r.HairStrands.SkyLighting.SampleCount:16]]
[2020.04.01-18.42.18:976][  0]LogConfig: Setting CVar [[r.HairStrands.SkyLighting.JitterIntegration:0]]
[2020.04.01-18.42.18:976][  0]LogConfig: Setting CVar [[r.HairStrands.SkyAO.SampleCount:16]]
[2020.04.01-18.42.18:976][  0]LogConfig: Applying CVar settings from Section [Startup] File [../../../Engine/Config/ConsoleVariables.ini]
[2020.04.01-18.42.19:036][  0]LogConfig: Setting CVar [[net.UseAdaptiveNetUpdateFrequency:0]]
[2020.04.01-18.42.19:036][  0]LogConfig: Setting CVar [[p.chaos.AllowCreatePhysxBodies:1]]
[2020.04.01-18.42.19:036][  0]LogConfig: Applying CVar settings from Section [ConsoleVariables] File [D:/College Stuff/Unity/GemChasers/GemChasers/Saved/Config/Windows/Engine.ini]
[2020.04.01-18.42.19:109][  0]LogInit: Computer: DAVIDSMSILAPTOP
[2020.04.01-18.42.19:109][  0]LogInit: User: Thero
[2020.04.01-18.42.19:109][  0]LogInit: CPU Page size=4096, Cores=4
[2020.04.01-18.42.19:109][  0]LogInit: High frequency timer resolution =10.000000 MHz
[2020.04.01-18.42.19:309][  0]LogMemory: Memory total: Physical=15.9GB (16GB approx)
[2020.04.01-18.42.19:313][  0]LogMemory: Platform Memory Stats for Windows
[2020.04.01-18.42.19:313][  0]LogMemory: Process Physical Memory: 116.04 MB used, 118.61 MB peak
[2020.04.01-18.42.19:313][  0]LogMemory: Process Virtual Memory: 101.18 MB used, 101.18 MB peak
[2020.04.01-18.42.19:313][  0]LogMemory: Physical Memory: 5985.79 MB used,  10308.80 MB free, 16294.59 MB total
[2020.04.01-18.42.19:313][  0]LogMemory: Virtual Memory: 5187.73 MB used,  134212544.00 MB free, 134217728.00 MB total
[2020.04.01-18.42.19:332][  0]LogWindows: WindowsPlatformFeatures enabled
[2020.04.01-18.42.23:609][  0]LogInit: Using OS detected language (en-US).
[2020.04.01-18.42.23:609][  0]LogInit: Using OS detected locale (en-US).
[2020.04.01-18.42.24:133][  0]LogTextLocalizationManager: No specific localization for 'en-US' exists, so the 'en' localization will be used.
[2020.04.01-18.42.27:873][  0]LogInit: Setting process to per monitor DPI aware
[2020.04.01-18.42.31:624][  0]LogSlate: New Slate User Created.  User Index 0, Is Virtual User: 0
[2020.04.01-18.42.31:624][  0]LogSlate: Slate User Registered.  User Index 0, Is Virtual User: 0
[2020.04.01-18.42.56:873][  0]LogHMD: Failed to initialize OpenVR with code 110
[2020.04.01-18.42.56:873][  0]LogD3D11RHI: D3D11 min allowed feature level: 11_0
[2020.04.01-18.42.56:873][  0]LogD3D11RHI: D3D11 max allowed feature level: 11_0
[2020.04.01-18.42.56:873][  0]LogD3D11RHI: D3D11 adapters:
[2020.04.01-18.42.57:395][  0]LogD3D11RHI:    0. 'NVIDIA GeForce GTX 970M' (Feature Level 11_0)
[2020.04.01-18.42.57:395][  0]LogD3D11RHI:       3032/0/8147 MB DedicatedVideo/DedicatedSystem/SharedSystem, Outputs:1, VendorId:0x10de
[2020.04.01-18.42.57:414][  0]LogD3D11RHI:    1. 'Intel(R) HD Graphics 530' (Feature Level 11_0)
[2020.04.01-18.42.57:414][  0]LogD3D11RHI:       128/0/8147 MB DedicatedVideo/DedicatedSystem/SharedSystem, Outputs:0, VendorId:0x8086
[2020.04.01-18.42.57:417][  0]LogD3D11RHI:    2. 'Microsoft Basic Render Driver' (Feature Level 11_0)
[2020.04.01-18.42.57:417][  0]LogD3D11RHI:       0/0/8147 MB DedicatedVideo/DedicatedSystem/SharedSystem, Outputs:0, VendorId:0x1414
[2020.04.01-18.42.57:417][  0]LogD3D11RHI: Chosen D3D11 Adapter: 0
[2020.04.01-18.42.57:902][  0]LogD3D11RHI: Creating new Direct3DDevice
[2020.04.01-18.42.57:904][  0]LogD3D11RHI:     GPU DeviceId: 0x13d8 (for the marketing name, search the web for "GPU Device Id")
[2020.04.01-18.42.57:904][  0]LogWindows: EnumDisplayDevices:
[2020.04.01-18.42.57:904][  0]LogWindows:    0. 'Intel(R) HD Graphics 530' (P:1 D:1)
[2020.04.01-18.42.57:961][  0]LogWindows:    1. 'Intel(R) HD Graphics 530' (P:0 D:0)
[2020.04.01-18.42.57:962][  0]LogWindows:    2. 'Intel(R) HD Graphics 530' (P:0 D:0)
[2020.04.01-18.42.57:963][  0]LogWindows: DebugString: PrimaryIsNotTheChoosenAdapter PrimaryIsNotTheChoosenAdapter PrimaryIsNotTheChoosenAdapter FoundDriverCount:0 
[2020.04.01-18.42.57:963][  0]LogD3D11RHI:     Adapter Name: NVIDIA GeForce GTX 970M
[2020.04.01-18.42.57:963][  0]LogD3D11RHI:   Driver Version: Unknown (internal:Unknown, unified:Unknown)
[2020.04.01-18.42.57:963][  0]LogD3D11RHI:      Driver Date: Unknown
[2020.04.01-18.42.57:963][  0]LogRHI: Texture pool is 2122 MB (70% of 3032 MB)
[2020.04.01-18.42.58:172][  0]LogD3D11RHI: RHI has support for 64 bit atomics
[2020.04.01-18.42.58:172][  0]LogD3D11RHI: Async texture creation enabled
[2020.04.01-18.43.00:770][  0]LogD3D11RHI: GPU Timing Frequency: 1000.000000 (Debug: 2 1)
[2020.04.01-18.43.03:716][  0]LogTargetPlatformManager: Display: Loaded TargetPlatform 'AllDesktop'
[2020.04.01-18.43.04:082][  0]LogTargetPlatformManager: Display: Loaded TargetPlatform 'Android'
[2020.04.01-18.43.04:082][  0]LogTargetPlatformManager: Display: Loaded TargetPlatform 'Android_ASTC'
[2020.04.01-18.43.04:082][  0]LogTargetPlatformManager: Display: Loaded TargetPlatform 'Android_ATC'
[2020.04.01-18.43.04:083][  0]LogTargetPlatformManager: Display: Loaded TargetPlatform 'Android_DXT'
[2020.04.01-18.43.04:083][  0]LogTargetPlatformManager: Display: Loaded TargetPlatform 'Android_ETC1'
[2020.04.01-18.43.04:083][  0]LogTargetPlatformManager: Display: Loaded TargetPlatform 'Android_ETC1a'
[2020.04.01-18.43.04:083][  0]LogTargetPlatformManager: Display: Loaded TargetPlatform 'Android_ETC2'
[2020.04.01-18.43.04:083][  0]LogTargetPlatformManager: Display: Loaded TargetPlatform 'Android_PVRTC'
[2020.04.01-18.43.04:083][  0]LogTargetPlatformManager: Display: Loaded TargetPlatform 'AndroidClient'
[2020.04.01-18.43.04:083][  0]LogTargetPlatformManager: Display: Loaded TargetPlatform 'Android_ASTCClient'
[2020.04.01-18.43.04:083][  0]LogTargetPlatformManager: Display: Loaded TargetPlatform 'Android_ATCClient'
[2020.04.01-18.43.04:083][  0]LogTargetPlatformManager: Display: Loaded TargetPlatform 'Android_DXTClient'
[2020.04.01-18.43.04:083][  0]LogTargetPlatformManager: Display: Loaded TargetPlatform 'Android_ETC1Client'
[2020.04.01-18.43.04:083][  0]LogTargetPlatformManager: Display: Loaded TargetPlatform 'Android_ETC1aClient'
[2020.04.01-18.43.04:083][  0]LogTargetPlatformManager: Display: Loaded TargetPlatform 'Android_ETC2Client'
[2020.04.01-18.43.04:083][  0]LogTargetPlatformManager: Display: Loaded TargetPlatform 'Android_PVRTCClient'
[2020.04.01-18.43.04:083][  0]LogTargetPlatformManager: Display: Loaded TargetPlatform 'Android_Multi'
[2020.04.01-18.43.04:083][  0]LogTargetPlatformManager: Display: Loaded TargetPlatform 'Android_MultiClient'
[2020.04.01-18.43.04:669][  0]LogTargetPlatformManager: Display: Loaded TargetPlatform 'IOSClient'
[2020.04.01-18.43.04:669][  0]LogTargetPlatformManager: Display: Loaded TargetPlatform 'IOS'
[2020.04.01-18.43.04:781][  0]LogTargetPlatformManager: Display: Loaded TargetPlatform 'LinuxNoEditor'
[2020.04.01-18.43.04:880][  0]LogTargetPlatformManager: Display: Loaded TargetPlatform 'LinuxClient'
[2020.04.01-18.43.04:930][  0]LogTargetPlatformManager: Display: Loaded TargetPlatform 'LinuxServer'
[2020.04.01-18.43.04:982][  0]LogTargetPlatformManager: Display: Loaded TargetPlatform 'LinuxAArch64NoEditor'
[2020.04.01-18.43.05:035][  0]LogTargetPlatformManager: Display: Loaded TargetPlatform 'LinuxAArch64Client'
[2020.04.01-18.43.05:223][  0]LogTargetPlatformManager: Display: Loaded TargetPlatform 'LinuxAArch64Server'
[2020.04.01-18.43.05:374][  0]LogTargetPlatformManager: Display: Loaded TargetPlatform 'Lumin'
[2020.04.01-18.43.05:374][  0]LogTargetPlatformManager: Display: Loaded TargetPlatform 'LuminClient'
[2020.04.01-18.43.05:524][  0]LogTargetPlatformManager: Display: Loaded TargetPlatform 'TVOSClient'
[2020.04.01-18.43.05:524][  0]LogTargetPlatformManager: Display: Loaded TargetPlatform 'TVOS'
[2020.04.01-18.43.05:610][  0]LogTargetPlatformManager: Display: Loaded TargetPlatform 'WindowsNoEditor'
[2020.04.01-18.43.05:859][  0]LogTargetPlatformManager: Display: Loaded TargetPlatform 'Windows'
[2020.04.01-18.43.06:067][  0]LogTargetPlatformManager: Display: Loaded TargetPlatform 'WindowsClient'
[2020.04.01-18.43.06:258][  0]LogTargetPlatformManager: Display: Loaded TargetPlatform 'WindowsServer'
[2020.04.01-18.43.06:323][  0]LogTargetPlatformManager: Display: Building Assets For Windows
[2020.04.01-18.43.06:769][  0]LogAudioDebug: Display: Lib vorbis DLL was dynamically loaded.
[2020.04.01-18.43.10:814][  0]LogShaderCompilers: Guid format shader working directory is -10 characters bigger than the processId version (../../../../../College Stuff/Unity/GemChasers/GemChasers/Intermediate/Shaders/WorkingDirectory/9476/).
[2020.04.01-18.43.10:814][  0]LogShaderCompilers: Cleaned the shader compiler working directory 'C:/Users/Thero/AppData/Local/Temp/UnrealShaderWorkingDir/7BE853F442B04298BD2D66A11802D5E3/'.
[2020.04.01-18.43.10:902][  0]LogXGEController: Cleaning working directory: C:/Users/Thero/AppData/Local/Temp/UnrealXGEWorkingDir/
[2020.04.01-18.43.10:903][  0]LogXGEController: Cannot use XGE Controller as Incredibuild is not installed on this machine.
[2020.04.01-18.43.10:906][  0]LogShaderCompilers: Cannot use XGE Shader Compiler as Incredibuild is not installed on this machine.
[2020.04.01-18.43.10:906][  0]LogShaderCompilers: Display: Using Local Shader Compiler.
[2020.04.01-18.43.45:211][  0]LogDerivedDataCache: Display: Max Cache Size: 512 MB
[2020.04.01-18.43.45:355][  0]LogDerivedDataCache: Loaded boot cache 0.14s 78MB C:/Users/Thero/AppData/Local/UnrealEngine/4.24/DerivedDataCache/Boot.ddc.
[2020.04.01-18.43.45:355][  0]LogDerivedDataCache: Display: Loaded Boot cache: C:/Users/Thero/AppData/Local/UnrealEngine/4.24/DerivedDataCache/Boot.ddc
[2020.04.01-18.43.45:355][  0]LogDerivedDataCache: FDerivedDataBackendGraph:  Pak pak cache file ../../../../../College Stuff/Unity/GemChasers/GemChasers/DerivedDataCache/DDC.ddp not found, will not use a pak cache.
[2020.04.01-18.43.45:355][  0]LogDerivedDataCache: Unable to find inner node Pak for hierarchical cache Hierarchy.
[2020.04.01-18.43.45:355][  0]LogDerivedDataCache: FDerivedDataBackendGraph:  CompressedPak pak cache file ../../../../../College Stuff/Unity/GemChasers/GemChasers/DerivedDataCache/Compressed.ddp not found, will not use a pak cache.
[2020.04.01-18.43.45:355][  0]LogDerivedDataCache: Unable to find inner node CompressedPak for hierarchical cache Hierarchy.
[2020.04.01-18.43.45:813][  0]LogDerivedDataCache: Display: Pak cache opened for reading ../../../Engine/DerivedDataCache/Compressed.ddp.
[2020.04.01-18.43.45:813][  0]LogDerivedDataCache: FDerivedDataBackendGraph:  EnterprisePak pak cache file ../../../Enterprise/DerivedDataCache/Compressed.ddp not found, will not use a pak cache.
[2020.04.01-18.43.45:813][  0]LogDerivedDataCache: Unable to find inner node EnterprisePak for hierarchical cache Hierarchy.
[2020.04.01-18.43.45:815][  0]LogDerivedDataCache: Using Local data cache path C:/Users/Thero/AppData/Local/UnrealEngine/Common/DerivedDataCache: Writable
[2020.04.01-18.43.45:816][  0]LogDerivedDataCache: Shared data cache path not found in *engine.ini, will not use an Shared cache.
[2020.04.01-18.43.45:816][  0]LogDerivedDataCache: Unable to find inner node Shared for hierarchical cache Hierarchy.
[2020.04.01-18.43.46:876][  0]LogMaterial: Verifying Global Shaders for PCD3D_SM5
[2020.04.01-18.43.47:383][  0]LogSlate: Using FreeType 2.10.0
[2020.04.01-18.43.48:275][  0]LogSlate: SlateFontServices - WITH_FREETYPE: 1, WITH_HARFBUZZ: 1
[2020.04.01-18.44.00:693][  0]LogAssetRegistry: FAssetRegistry took 0.0860 seconds to start up
[2020.04.01-18.44.41:496][  0]LogInit: Selected Device Profile: [Windows]
[2020.04.01-18.44.55:789][  0]LogMeshReduction: Using QuadricMeshReduction for automatic static mesh reduction
[2020.04.01-18.44.55:789][  0]LogMeshReduction: Using SimplygonMeshReduction for automatic skeletal mesh reduction
[2020.04.01-18.44.55:789][  0]LogMeshReduction: Using ProxyLODMeshReduction for automatic mesh merging
[2020.04.01-18.44.55:789][  0]LogMeshReduction: No distributed automatic mesh merging module available
[2020.04.01-18.44.55:789][  0]LogMeshMerging: No distributed automatic mesh merging module available
[2020.04.01-18.45.01:932][  0]LogNetVersion: GemChasers 1.0.0, NetCL: 10570792, EngineNetVer: 13, GameNetVer: 0 (Checksum: 569320847)
[2020.04.01-18.47.21:886][  0]LogPackageLocalizationCache: Processed 10 localized package path(s) for 1 prioritized culture(s) in 0.532182 seconds
[2020.04.01-18.47.22:385][  0]LogUObjectArray: 46750 objects as part of root set at end of initial load.
[2020.04.01-18.47.22:385][  0]LogUObjectAllocator: 8137160 out of 0 bytes used by permanent object pool.
[2020.04.01-18.47.22:385][  0]LogUObjectArray: CloseDisregardForGC: 0/0 objects in disregard for GC pool
[2020.04.01-18.47.50:472][  0]LogTcpMessaging: Initializing TcpMessaging bridge
[2020.04.01-18.47.50:941][  0]LogUdpMessaging: Initializing bridge on interface 0.0.0.0:0 to multicast group 230.0.0.1:6666.
[2020.04.01-18.47.52:752][  0]LogScript: Warning: Script Msg: No world was found for object (/Script/GemChasers.Default__BattleArea) passed in to UEngine::GetWorldFromContextObject().
[2020.04.01-18.47.52:752][  0]LogScript: Warning: Script Msg: No world was found for object (/Script/GemChasers.Default__BattleArea) passed in to UEngine::GetWorldFromContextObject().
[2020.04.01-18.47.59:254][  0]LogScript: Warning: Script Msg: No world was found for object (/Game/BPs/BP_BattleArea.Default__BP_BattleArea_C) passed in to UEngine::GetWorldFromContextObject().
[2020.04.01-18.47.59:254][  0]LogScript: Warning: Script Msg: No world was found for object (/Game/BPs/BP_BattleArea.Default__BP_BattleArea_C) passed in to UEngine::GetWorldFromContextObject().
[2020.04.01-18.47.59:512][  0]LogScript: Warning: Script Msg: No world was found for object (/Game/BPs/BP_BattleArea.Default__SKEL_BP_BattleArea_C) passed in to UEngine::GetWorldFromContextObject().
[2020.04.01-18.47.59:512][  0]LogScript: Warning: Script Msg: No world was found for object (/Game/BPs/BP_BattleArea.Default__SKEL_BP_BattleArea_C) passed in to UEngine::GetWorldFromContextObject().
[2020.04.01-18.48.04:803][  0]SourceControl: Source control is disabled
[2020.04.01-18.48.04:856][  0]SourceControl: Source control is disabled
[2020.04.01-18.48.05:247][  0]SourceControl: Source control is disabled
[2020.04.01-18.48.05:542][  0]SourceControl: Source control is disabled
[2020.04.01-18.48.05:686][  0]SourceControl: Source control is disabled
[2020.04.01-18.48.14:170][  0]LogAndroidPermission: UAndroidPermissionCallbackProxy::GetInstance
[2020.04.01-18.48.14:761][  0]LogAudioCaptureCore: Display: No Audio Capture implementations found. Audio input will be silent.
[2020.04.01-18.48.14:761][  0]LogAudioCaptureCore: Display: No Audio Capture implementations found. Audio input will be silent.
[2020.04.01-18.48.17:200][  0]LogOcInput: OculusInput pre-init called
[2020.04.01-18.48.17:799][  0]LogWindows: Failed to load 'OVRPlugin.dll' (GetLastError=126)
[2020.04.01-18.48.17:799][  0]LogWindows: File 'OVRPlugin.dll' does not exist
[2020.04.01-18.48.33:586][  0]LogAutomationTest: Warning: Smoke tests took > 2s to run: 11.81s
[2020.04.01-18.48.33:967][  0]LogEngine: Initializing Engine...
[2020.04.01-18.48.34:584][  0]LogHMD: Failed to initialize OpenVR with code 110
[2020.04.01-18.48.34:962][  0]LogStats: UGameplayTagsManager::InitializeManager -  0.049 s
[2020.04.01-18.48.39:497][  0]LogInit: Initializing FReadOnlyCVARCache
[2020.04.01-18.48.44:693][  0]LogAIModule: Creating AISystem for world Untitled
[2020.04.01-18.48.46:888][  0]LogAudioMixer: Display: Audio Mixer Platform Settings:
[2020.04.01-18.48.46:888][  0]LogAudioMixer: Display: 	Sample Rate:						  48000
[2020.04.01-18.48.46:888][  0]LogAudioMixer: Display: 	Callback Buffer Frame Size Requested: 1024
[2020.04.01-18.48.46:888][  0]LogAudioMixer: Display: 	Callback Buffer Frame Size To Use:	  1024
[2020.04.01-18.48.46:888][  0]LogAudioMixer: Display: 	Number of buffers to queue:			  2
[2020.04.01-18.48.46:888][  0]LogAudioMixer: Display: 	Max Channels (voices):				  32
[2020.04.01-18.48.46:888][  0]LogAudioMixer: Display: 	Number of Async Source Workers:		  0
[2020.04.01-18.48.46:918][  0]LogAudio: Display: AudioDevice MaxSources: 32
[2020.04.01-18.48.47:157][  0]LogAudio: Display: Using built-in audio occlusion.
[2020.04.01-18.48.47:157][  0]LogAudioMixer: Display: Initializing audio mixer.
[2020.04.01-18.48.47:338][  0]LogAudioMixer: Display: Audio Device Output Speaker Info:
[2020.04.01-18.48.47:338][  0]LogAudioMixer: Display: Name: Speakers (Realtek High Definition Audio)
[2020.04.01-18.48.47:338][  0]LogAudioMixer: Display: Is Default: Yes
[2020.04.01-18.48.47:338][  0]LogAudioMixer: Display: Sample Rate: 48000
[2020.04.01-18.48.47:338][  0]LogAudioMixer: Display: Channel Count Used: 2
[2020.04.01-18.48.47:338][  0]LogAudioMixer: Display: Device Channel Count: 2
[2020.04.01-18.48.47:338][  0]LogAudioMixer: Display: Channel Order:
[2020.04.01-18.48.47:338][  0]LogAudioMixer: Display: 0: FrontLeft
[2020.04.01-18.48.47:338][  0]LogAudioMixer: Display: 1: FrontRight
[2020.04.01-18.48.47:633][  0]LogAudioMixer: Display: Using Audio Device Speakers (Realtek High Definition Audio)
[2020.04.01-18.48.47:870][  0]LogInit: FAudioDevice initialized.
[2020.04.01-18.48.48:309][  0]LogNetVersion: Set ProjectVersion to 1.0.0.0. Version Checksum will be recalculated on next use.
[2020.04.01-18.48.48:358][  0]LogDerivedDataCache: Saved boot cache 0.05s 78MB C:/Users/Thero/AppData/Local/UnrealEngine/4.24/DerivedDataCache/Boot.ddc.
[2020.04.01-18.48.48:606][  0]LogInit: Texture streaming: Enabled
[2020.04.01-18.48.50:077][  0]LogEngineSessionManager: EngineSessionManager initialized
[2020.04.01-18.48.50:149][  0]LogEngineSessionManager: EngineSessionManager sent abnormal shutdown report. Type=AbnormalShutdown, SessionId={85F70952-4786-3B70-CBA2-1D97AA7CAF2C}
[2020.04.01-18.48.50:205][  0]LogEditorSessionSummary: Verbose: Initializing EditorSessionSummaryWriter for editor session tracking
[2020.04.01-18.48.50:301][  0]LogEditorSessionSummary: EditorSessionSummaryWriter initialized
[2020.04.01-18.48.55:279][  0]LogInit: Transaction tracking system initialized
[2020.04.01-18.48.59:170][  0]BlueprintLog: New page: Editor Load
[2020.04.01-18.49.06:807][  0]LocalizationService: Localization service is disabled
[2020.04.01-18.49.19:749][  0]LogFileCache: Scanning file cache for directory 'D:/College Stuff/Unity/GemChasers/GemChasers/Content/' took 0.08s
[2020.04.01-18.49.19:749][  0]LogCook: Display: Max memory allowance for cook 16384mb min free memory 0mb
[2020.04.01-18.49.19:750][  0]LogCook: Display: Mobile HDR setting 1
[2020.04.01-18.49.46:165][  0]SourceControl: Source control is disabled
[2020.04.01-18.49.46:235][  0]Cmd: MAP LOAD FILE="../../../../../College Stuff/Unity/GemChasers/GemChasers/Content/Maps/TestMap.umap" TEMPLATE=0 SHOWPROGRESS=1 FEATURELEVEL=3
[2020.04.01-18.49.46:339][  0]LightingResults: New page: Lighting Build
[2020.04.01-18.49.47:726][  0]LogWorld: UWorld::CleanupWorld for Untitled, bSessionEnded=true, bCleanupResources=true
[2020.04.01-18.49.48:440][  0]LogSlate: InvalidateAllWidgets triggered.  All widgets were invalidated
[2020.04.01-18.49.48:580][  0]MapCheck: New page: Map Check
[2020.04.01-18.49.48:580][  0]LightingResults: New page: Lighting Build
[2020.04.01-18.49.52:865][  0]LogUObjectHash: Compacting FUObjectHashTables data took   2.09ms
[2020.04.01-18.49.59:177][  0]LogAIModule: Creating AISystem for world TestMap
[2020.04.01-18.50.06:080][  0]LogEditorServer: Finished looking for orphan Actors (0.000 secs)
[2020.04.01-18.50.06:751][  0]LogUObjectHash: Compacting FUObjectHashTables data took   2.58ms
[2020.04.01-18.50.06:882][  0]Cmd: MAP CHECKDEP NOCLEARLOG
[2020.04.01-18.50.07:390][  0]MapCheck: Map check complete: 0 Error(s), 0 Warning(s), took 367.534ms to complete.
[2020.04.01-18.50.07:432][  0]LogFileHelpers: Loading map 'TestMap' took 21.211
[2020.04.01-18.50.22:353][  0]LogSlate: Updating window title bar state: overlay mode, drag disabled, window buttons hidden, title bar hidden
[2020.04.01-18.50.22:746][  0]LogSlate: Updating window title bar state: overlay mode, drag disabled, window buttons hidden, title bar hidden
[2020.04.01-18.50.22:755][  0]LogSlate: Updating window title bar state: overlay mode, drag disabled, window buttons hidden, title bar hidden
[2020.04.01-18.50.22:763][  0]LogSlate: Updating window title bar state: overlay mode, drag disabled, window buttons hidden, title bar hidden
[2020.04.01-18.50.23:740][  0]LogCollectionManager: Loaded 0 collections in 0.000809 seconds
[2020.04.01-18.50.24:924][  0]LogFileCache: Scanning file cache for directory 'D:/College Stuff/Unity/GemChasers/GemChasers/Saved/Collections/' took 0.00s
[2020.04.01-18.50.24:924][  0]LogFileCache: Scanning file cache for directory 'D:/College Stuff/Unity/GemChasers/GemChasers/Content/Developers/Thero/Collections/' took 0.00s
[2020.04.01-18.50.24:924][  0]LogFileCache: Scanning file cache for directory 'D:/College Stuff/Unity/GemChasers/GemChasers/Content/Collections/' took 0.00s
[2020.04.01-18.50.24:924][  0]LogContentBrowser: Native class hierarchy populated in 0.4489 seconds. Added 3027 classes and 719 folders.
[2020.04.01-18.50.26:740][  0]LogContentBrowser: Native class hierarchy updated for 'WidgetCarousel' in 0.0003 seconds. Added 0 classes and 0 folders.
[2020.04.01-18.50.33:434][  0]LogContentBrowser: Native class hierarchy updated for 'AddContentDialog' in 0.0003 seconds. Added 0 classes and 0 folders.
[2020.04.01-18.50.33:853][  0]LogContentBrowser: Native class hierarchy updated for 'SceneOutliner' in 0.0004 seconds. Added 2 classes and 3 folders.
[2020.04.01-18.50.46:047][  0]LogSlate: Took 0.100272 seconds to synchronously load lazily loaded font '../../../Engine/Content/Slate/Fonts/Roboto-Regular.ttf' (155K)
[2020.04.01-18.50.46:374][  0]LogSlate: Took 0.066567 seconds to synchronously load lazily loaded font '../../../Engine/Content/Slate/Fonts/Roboto-Bold.ttf' (160K)
[2020.04.01-18.50.47:635][  0]LogSlate: Took 0.070614 seconds to synchronously load lazily loaded font '../../../Engine/Content/Editor/Slate/Fonts/FontAwesome.ttf' (139K)
[2020.04.01-18.50.52:575][  0]LogRenderer: Reallocating scene render targets to support 776x320 Format 10 NumSamples 1 (Frame:1).
[2020.04.01-18.50.58:853][  0]LogSlate: Took 0.211360 seconds to synchronously load lazily loaded font '../../../Engine/Content/Slate/Fonts/Roboto-Light.ttf' (167K)
[2020.04.01-18.51.01:914][  0]LogContentBrowser: Native class hierarchy updated for 'HierarchicalLODOutliner' in 0.0004 seconds. Added 0 classes and 0 folders.
[2020.04.01-18.51.01:914][  0]LogLoad: (Engine Initialization) Total time: 859.24 seconds
[2020.04.01-18.51.01:914][  0]LogLoad: (Engine Initialization) Total Blueprint compile time: 0.00 seconds
[2020.04.01-18.51.05:121][  0]LogContentStreaming: Texture pool size now 1000 MB
[2020.04.01-18.51.10:059][  6]LogTemp: Repeating last play command: Selected Viewport
[2020.04.01-18.51.10:676][  6]LogPlayLevel: PlayLevel: No blueprints needed recompiling
[2020.04.01-18.51.10:957][  6]PIE: New page: PIE session: TestMap (Apr 1, 2020, 10:51:10 AM)
[2020.04.01-18.51.11:562][  6]LogOnline: OSS: Creating online subsystem instance for: NULL
[2020.04.01-18.51.11:607][  6]LogOnline: OSS: TryLoadSubsystemAndSetDefault: Loaded subsystem for module [NULL]
[2020.04.01-18.51.11:726][  6]LogPlayLevel: Creating play world package: /Game/Maps/UEDPIE_0_TestMap
[2020.04.01-18.51.11:925][  6]LogPlayLevel: PIE: StaticDuplicateObject took: (0.198229s)
[2020.04.01-18.51.11:975][  6]LogAIModule: Creating AISystem for world TestMap
[2020.04.01-18.51.12:104][  6]LogPlayLevel: PIE: World Init took: (0.179792s)
[2020.04.01-18.51.12:141][  6]LogPlayLevel: PIE: Created PIE world by copying editor world from /Game/Maps/TestMap.TestMap to /Game/Maps/UEDPIE_0_TestMap.TestMap (0.414360s)
[2020.04.01-18.51.12:191][  6]LogUObjectHash: Compacting FUObjectHashTables data took   1.39ms
[2020.04.01-18.51.12:282][  6]LogAudioMixer: Display: Audio Mixer Platform Settings:
[2020.04.01-18.51.12:282][  6]LogAudioMixer: Display: 	Sample Rate:						  48000
[2020.04.01-18.51.12:282][  6]LogAudioMixer: Display: 	Callback Buffer Frame Size Requested: 1024
[2020.04.01-18.51.12:282][  6]LogAudioMixer: Display: 	Callback Buffer Frame Size To Use:	  1024
[2020.04.01-18.51.12:282][  6]LogAudioMixer: Display: 	Number of buffers to queue:			  2
[2020.04.01-18.51.12:282][  6]LogAudioMixer: Display: 	Max Channels (voices):				  32
[2020.04.01-18.51.12:282][  6]LogAudioMixer: Display: 	Number of Async Source Workers:		  0
[2020.04.01-18.51.12:282][  6]LogAudio: Display: AudioDevice MaxSources: 32
[2020.04.01-18.51.12:283][  6]LogAudio: Display: Using built-in audio occlusion.
[2020.04.01-18.51.12:283][  6]LogAudioMixer: Display: Initializing audio mixer.
[2020.04.01-18.51.12:297][  6]LogAudioMixer: Display: Audio Device Output Speaker Info:
[2020.04.01-18.51.12:297][  6]LogAudioMixer: Display: Name: Speakers (Realtek High Definition Audio)
[2020.04.01-18.51.12:297][  6]LogAudioMixer: Display: Is Default: Yes
[2020.04.01-18.51.12:297][  6]LogAudioMixer: Display: Sample Rate: 48000
[2020.04.01-18.51.12:297][  6]LogAudioMixer: Display: Channel Count Used: 2
[2020.04.01-18.51.12:297][  6]LogAudioMixer: Display: Device Channel Count: 2
[2020.04.01-18.51.12:297][  6]LogAudioMixer: Display: Channel Order:
[2020.04.01-18.51.12:297][  6]LogAudioMixer: Display: 0: FrontLeft
[2020.04.01-18.51.12:297][  6]LogAudioMixer: Display: 1: FrontRight
[2020.04.01-18.51.12:357][  6]LogAudioMixer: Display: Using Audio Device Speakers (Realtek High Definition Audio)
[2020.04.01-18.51.12:738][  6]LogInit: FAudioDevice initialized.
[2020.04.01-18.51.14:474][  6]LogLoad: Game class is 'BP_MainGamemode_C'
[2020.04.01-18.51.14:961][  6]LogWorld: Bringing World /Game/Maps/UEDPIE_0_TestMap.TestMap up for play (max tick rate 60) at 2020.04.01-14.51.14
[2020.04.01-18.51.14:989][  6]LogWorld: Bringing up level for play took: 0.029264
[2020.04.01-18.51.15:005][  6]LogOnline: OSS: Creating online subsystem instance for: :Context_1
[2020.04.01-18.51.17:167][  6]LogContentBrowser: Native class hierarchy updated for 'MovieSceneCapture' in 0.0227 seconds. Added 20 classes and 0 folders.
[2020.04.01-18.51.18:541][  6]PIE: Play in editor start time for /Game/Maps/UEDPIE_0_TestMap 7.445
[2020.04.01-18.51.26:341][ 49]LogAssetRegistry: Asset discovery search completed in 445.7049 seconds
[2020.04.01-18.51.26:440][ 49]LogCollectionManager: Fixed up redirectors for 0 collections in 0.029880 seconds (updated 0 objects)
[2020.04.01-18.51.31:057][216]Wheel Position: 0, 0
[2020.04.01-18.51.31:135][217]Wheel Position: 0, 0
[2020.04.01-18.51.31:431][218]Wheel Position: 0, 0
[2020.04.01-18.51.31:448][219]Wheel Position: 0, 0
[2020.04.01-18.51.31:465][220]Wheel Position: 0, 0
[2020.04.01-18.51.31:481][221]Wheel Position: 0, 0
[2020.04.01-18.51.31:499][222]Wheel Position: 0, 0
[2020.04.01-18.51.31:514][223]Wheel Position: 0, 0
[2020.04.01-18.51.31:532][224]Wheel Position: 0, 0
[2020.04.01-18.51.31:673][225]Wheel Position: 0, 0
[2020.04.01-18.51.31:685][226]Wheel Position: 0, 0
[2020.04.01-18.51.31:700][227]Wheel Position: 0, 0
[2020.04.01-18.51.31:717][228]Wheel Position: 0, 0
[2020.04.01-18.51.31:734][229]Wheel Position: 0, 0
[2020.04.01-18.51.31:751][230]Wheel Position: 0, 0
[2020.04.01-18.51.31:768][231]Wheel Position: 0, 0
[2020.04.01-18.51.31:784][232]Wheel Position: 0, 0
[2020.04.01-18.51.31:801][233]Wheel Position: 0, 0
[2020.04.01-18.51.31:818][234]Wheel Position: 0, 0
[2020.04.01-18.51.31:834][235]Wheel Position: 0, 0
[2020.04.01-18.51.31:851][236]Wheel Position: 0, 0
[2020.04.01-18.51.31:867][237]Wheel Position: 0, 0
[2020.04.01-18.51.31:884][238]Wheel Position: 0, 0
[2020.04.01-18.51.31:900][239]Wheel Position: 0, 0
[2020.04.01-18.51.32:134][240]LogSlate: Took 0.041669 seconds to synchronously load lazily loaded font '../../../Engine/Content/Slate/Fonts/DroidSansMono.ttf' (77K)
[2020.04.01-18.51.32:188][240]Wheel Position: 0, 0
[2020.04.01-18.51.32:202][241]Wheel Position: 0, 0
[2020.04.01-18.51.32:260][242]Wheel Position: 0, 0
[2020.04.01-18.51.32:266][243]Wheel Position: 0, 0
[2020.04.01-18.51.32:281][244]Wheel Position: 0, 0
[2020.04.01-18.51.32:298][245]Wheel Position: 0, 0
[2020.04.01-18.51.32:315][246]Wheel Position: 0, 0
[2020.04.01-18.51.32:332][247]Wheel Position: 0, 0
[2020.04.01-18.51.32:348][248]Wheel Position: 0, 0
[2020.04.01-18.51.32:365][249]Wheel Position: 0, 0
[2020.04.01-18.51.32:381][250]Wheel Position: 0, 0
[2020.04.01-18.51.32:398][251]Wheel Position: 0, 0
[2020.04.01-18.51.32:415][252]Wheel Position: 0, 0
[2020.04.01-18.51.32:432][253]Wheel Position: 0, 0
[2020.04.01-18.51.32:448][254]Wheel Position: 0, 0
[2020.04.01-18.51.32:465][255]Wheel Position: 0, 0
[2020.04.01-18.51.32:482][256]Wheel Position: 0, 0
[2020.04.01-18.51.32:499][257]Wheel Position: 0, 0
[2020.04.01-18.51.32:520][258]Wheel Position: 0, 0
[2020.04.01-18.51.32:532][259]Wheel Position: 0, 0
[2020.04.01-18.51.32:548][260]Wheel Position: 0, 0
[2020.04.01-18.51.32:566][261]Wheel Position: 0, 0
[2020.04.01-18.51.32:582][262]Wheel Position: 0, 0
[2020.04.01-18.51.32:599][263]Wheel Position: 0, 0
[2020.04.01-18.51.32:616][264]Wheel Position: 0, 0
[2020.04.01-18.51.32:632][265]Wheel Position: 0, 0
[2020.04.01-18.51.32:648][266]Wheel Position: 0, 0
[2020.04.01-18.51.32:664][267]Wheel Position: 0, 0
[2020.04.01-18.51.32:682][268]Wheel Position: 0, 0
[2020.04.01-18.51.32:699][269]Wheel Position: 0, 0
[2020.04.01-18.51.32:715][270]Wheel Position: 0, 0
[2020.04.01-18.51.32:732][271]Wheel Position: 0, 0
[2020.04.01-18.51.32:748][272]Wheel Position: 0, 0
[2020.04.01-18.51.32:765][273]Wheel Position: 0, 0
[2020.04.01-18.51.32:783][274]Wheel Position: 0, 0
[2020.04.01-18.51.32:799][275]Wheel Position: 0, 0
[2020.04.01-18.51.32:815][276]Wheel Position: 0, 0
[2020.04.01-18.51.32:832][277]Wheel Position: 0, 0
[2020.04.01-18.51.32:849][278]Wheel Position: 0, 0
[2020.04.01-18.51.32:866][279]Wheel Position: 0, 0
[2020.04.01-18.51.32:881][280]Wheel Position: 0, 0
[2020.04.01-18.51.32:898][281]Wheel Position: 0, 0
[2020.04.01-18.51.32:915][282]Wheel Position: 0, 0
[2020.04.01-18.51.33:068][283]Wheel Position: 0, 0
[2020.04.01-18.51.33:074][284]Wheel Position: 0, 0
[2020.04.01-18.51.33:092][285]Wheel Position: 0, 0
[2020.04.01-18.51.33:108][286]Wheel Position: 0, 0
[2020.04.01-18.51.33:125][287]Wheel Position: 0, 0
[2020.04.01-18.51.33:142][288]Wheel Position: 0, 0
[2020.04.01-18.51.33:159][289]Wheel Position: 0, 0
[2020.04.01-18.51.33:175][290]Wheel Position: 0, 0
[2020.04.01-18.51.33:193][291]Wheel Position: 0, 0
[2020.04.01-18.51.33:209][292]Wheel Position: 0, 0
[2020.04.01-18.51.33:226][293]Wheel Position: 0, 0
[2020.04.01-18.51.33:242][294]Wheel Position: 0, 0
[2020.04.01-18.51.33:259][295]Wheel Position: 0, 0
[2020.04.01-18.51.33:275][296]Wheel Position: 0, 0
[2020.04.01-18.51.33:291][297]Wheel Position: 0, 0
[2020.04.01-18.51.33:308][298]Wheel Position: 0, 0
[2020.04.01-18.51.33:324][299]Wheel Position: 0, 0
[2020.04.01-18.51.33:341][300]Wheel Position: 0, 0
[2020.04.01-18.51.33:358][301]Wheel Position: 0, 0
[2020.04.01-18.51.33:375][302]Wheel Position: 0, 0
[2020.04.01-18.51.33:392][303]Wheel Position: 0, 0
[2020.04.01-18.51.33:409][304]Wheel Position: 0, 0
[2020.04.01-18.51.33:425][305]Wheel Position: 0, 0
[2020.04.01-18.51.33:441][306]Wheel Position: 0, 0
[2020.04.01-18.51.33:458][307]Wheel Position: 0, 0
[2020.04.01-18.51.33:475][308]Wheel Position: 0, 0
[2020.04.01-18.51.33:492][309]Wheel Position: 0, 0
[2020.04.01-18.51.33:508][310]Wheel Position: 0, 0
[2020.04.01-18.51.33:525][311]Wheel Position: 0, 0
[2020.04.01-18.51.33:541][312]Wheel Position: 0, 0
[2020.04.01-18.51.33:558][313]Wheel Position: 0, 0
[2020.04.01-18.51.33:575][314]Wheel Position: 0, 0
[2020.04.01-18.51.33:591][315]Wheel Position: 0, 0
[2020.04.01-18.51.33:608][316]Wheel Position: 0, 0
[2020.04.01-18.51.33:626][317]Wheel Position: 0, 0
[2020.04.01-18.51.33:643][318]Wheel Position: 0, 0
[2020.04.01-18.51.33:658][319]Wheel Position: 0, 0
[2020.04.01-18.51.33:675][320]Wheel Position: 0, 0
[2020.04.01-18.51.33:692][321]Wheel Position: 0, 0
[2020.04.01-18.51.33:709][322]Wheel Position: 0, 0
[2020.04.01-18.51.33:725][323]Wheel Position: 0, 0
[2020.04.01-18.51.33:742][324]Wheel Position: 0, 0
[2020.04.01-18.51.33:758][325]Wheel Position: 0, 0
[2020.04.01-18.51.33:776][326]Wheel Position: 0, 0
[2020.04.01-18.51.33:791][327]Wheel Position: 0, 0
[2020.04.01-18.51.33:808][328]Wheel Position: 0, 0
[2020.04.01-18.51.33:825][329]Wheel Position: 0, 0
[2020.04.01-18.51.33:842][330]Wheel Position: 0, 0
[2020.04.01-18.51.33:859][331]Wheel Position: 0, 0
[2020.04.01-18.51.33:875][332]Wheel Position: 0, 0
[2020.04.01-18.51.33:892][333]Wheel Position: 0, 0
[2020.04.01-18.51.33:908][334]Wheel Position: 0, 0
[2020.04.01-18.51.33:925][335]Wheel Position: 0, 0
[2020.04.01-18.51.33:941][336]Wheel Position: 0, 0
[2020.04.01-18.51.33:959][337]Wheel Position: 0, 0
[2020.04.01-18.51.33:976][338]Wheel Position: 0, 0
[2020.04.01-18.51.33:991][339]Wheel Position: 0, 0
[2020.04.01-18.51.34:010][340]Wheel Position: 0, 0
[2020.04.01-18.51.34:025][341]Wheel Position: 0, 0
[2020.04.01-18.51.34:042][342]Wheel Position: 0, 0
[2020.04.01-18.51.34:058][343]Wheel Position: 0, 0
[2020.04.01-18.51.34:075][344]Wheel Position: 0, 0
[2020.04.01-18.51.34:092][345]Wheel Position: 0, 0
[2020.04.01-18.51.34:110][346]Wheel Position: 0, 0
[2020.04.01-18.51.34:124][347]Wheel Position: 0, 0
[2020.04.01-18.51.34:142][348]Wheel Position: 0, 0
[2020.04.01-18.51.34:159][349]Wheel Position: 0, 0
[2020.04.01-18.51.34:175][350]Wheel Position: 0, 0
[2020.04.01-18.51.34:191][351]Wheel Position: 0, 0
[2020.04.01-18.51.34:208][352]Wheel Position: 0, 0
[2020.04.01-18.51.34:225][353]Wheel Position: 0, 0
[2020.04.01-18.51.34:241][354]Wheel Position: 0, 0
[2020.04.01-18.51.34:258][355]Wheel Position: 0, 0
[2020.04.01-18.51.34:275][356]Wheel Position: 0, 0
[2020.04.01-18.51.34:292][357]Wheel Position: 0, 0
[2020.04.01-18.51.34:309][358]Wheel Position: 0, 0
[2020.04.01-18.51.34:325][359]Wheel Position: 0, 0
[2020.04.01-18.51.34:342][360]Wheel Position: 0, 0
[2020.04.01-18.51.34:359][361]Wheel Position: 0, 0
[2020.04.01-18.51.34:375][362]Wheel Position: 0, 0
[2020.04.01-18.51.34:392][363]Wheel Position: 0, 0
[2020.04.01-18.51.34:409][364]Wheel Position: 0, 0
[2020.04.01-18.51.34:425][365]Wheel Position: 0, 0
[2020.04.01-18.51.34:442][366]Wheel Position: 0, 0
[2020.04.01-18.51.34:459][367]Wheel Position: 0, 0
[2020.04.01-18.51.34:475][368]Wheel Position: 0, 0
[2020.04.01-18.51.34:492][369]Wheel Position: 0, 0
[2020.04.01-18.51.34:509][370]Wheel Position: 0, 0
[2020.04.01-18.51.34:528][371]Wheel Position: 0, 0
[2020.04.01-18.51.34:542][372]Wheel Position: 0, 0
[2020.04.01-18.51.34:558][373]Wheel Position: 0, 0
[2020.04.01-18.51.34:574][374]Wheel Position: 0, 0
[2020.04.01-18.51.34:591][375]Wheel Position: 0, 0
[2020.04.01-18.51.34:608][376]Wheel Position: 0, 0
[2020.04.01-18.51.34:625][377]Wheel Position: 0, 0
[2020.04.01-18.51.34:642][378]Wheel Position: 0, 0
[2020.04.01-18.51.34:658][379]Wheel Position: 0, 0
[2020.04.01-18.51.34:675][380]Wheel Position: 0, 0
[2020.04.01-18.51.34:692][381]Wheel Position: 0, 0
[2020.04.01-18.51.34:708][382]Wheel Position: 0, 0
[2020.04.01-18.51.34:725][383]Wheel Position: 0, 0
[2020.04.01-18.51.34:741][384]Wheel Position: 0, 0
[2020.04.01-18.51.34:758][385]Wheel Position: 0, 0
[2020.04.01-18.51.34:775][386]Wheel Position: 0, 0
[2020.04.01-18.51.34:791][387]Wheel Position: 0, 0
[2020.04.01-18.51.34:808][388]Wheel Position: 0, 0
[2020.04.01-18.51.34:825][389]Wheel Position: 0, 0
[2020.04.01-18.51.34:842][390]Wheel Position: 0, 0
[2020.04.01-18.51.34:859][391]Wheel Position: 0, 0
[2020.04.01-18.51.34:875][392]Wheel Position: 0, 0
[2020.04.01-18.51.34:892][393]Wheel Position: 0, 0
[2020.04.01-18.51.34:908][394]Wheel Position: 0, 0
[2020.04.01-18.51.34:926][395]Wheel Position: 0, 0
[2020.04.01-18.51.34:942][396]Wheel Position: 0, 0
[2020.04.01-18.51.34:959][397]Wheel Position: 0, 0
[2020.04.01-18.51.34:975][398]Wheel Position: 0, 0
[2020.04.01-18.51.34:992][399]Wheel Position: 0, 0
[2020.04.01-18.51.35:009][400]Wheel Position: 0, 0
[2020.04.01-18.51.35:025][401]Wheel Position: 0, 0
[2020.04.01-18.51.35:042][402]Wheel Position: 0, 0
[2020.04.01-18.51.35:058][403]Wheel Position: 0, 0
[2020.04.01-18.51.35:075][404]Wheel Position: 0, 0
[2020.04.01-18.51.35:092][405]Wheel Position: 0, 0
[2020.04.01-18.51.35:108][406]Wheel Position: 0, 0
[2020.04.01-18.51.35:125][407]Wheel Position: 0, 0
[2020.04.01-18.51.35:142][408]Wheel Position: 0, 0
[2020.04.01-18.51.35:159][409]Wheel Position: 0, 0
[2020.04.01-18.51.35:175][410]Wheel Position: 0, 0
[2020.04.01-18.51.35:192][411]Wheel Position: 0, 0
[2020.04.01-18.51.35:209][412]Wheel Position: 0, 0
[2020.04.01-18.51.35:225][413]Wheel Position: 0, 0
[2020.04.01-18.51.35:242][414]Wheel Position: 0, 0
[2020.04.01-18.51.35:258][415]Wheel Position: 0, 0
[2020.04.01-18.51.35:275][416]Wheel Position: 0, 0
[2020.04.01-18.51.35:292][417]Wheel Position: 0, 0
[2020.04.01-18.51.35:309][418]Wheel Position: 0, 0
[2020.04.01-18.51.35:324][419]Wheel Position: 0, 0
[2020.04.01-18.51.35:341][420]Wheel Position: 0, 0
[2020.04.01-18.51.35:358][421]Wheel Position: 0, 0
[2020.04.01-18.51.35:374][422]Wheel Position: 0, 0
[2020.04.01-18.51.35:391][423]Wheel Position: 0, 0
[2020.04.01-18.51.35:408][424]Wheel Position: 0, 0
[2020.04.01-18.51.35:425][425]Wheel Position: 0, 0
[2020.04.01-18.51.35:441][426]Wheel Position: 0, 0
[2020.04.01-18.51.35:458][427]Wheel Position: 0, 0
[2020.04.01-18.51.35:475][428]Wheel Position: 0, 0
[2020.04.01-18.51.35:492][429]Wheel Position: 0, 0
[2020.04.01-18.51.35:508][430]Wheel Position: 0, 0
[2020.04.01-18.51.35:525][431]Wheel Position: 0, 0
[2020.04.01-18.51.35:542][432]Wheel Position: 0, 0
[2020.04.01-18.51.35:558][433]Wheel Position: 0, 0
[2020.04.01-18.51.35:575][434]Wheel Position: 0, 0
[2020.04.01-18.51.35:592][435]Wheel Position: 0, 0
[2020.04.01-18.51.35:608][436]Wheel Position: 0, 0
[2020.04.01-18.51.35:625][437]Wheel Position: 0, 0
[2020.04.01-18.51.35:642][438]Wheel Position: 0, 0
[2020.04.01-18.51.35:659][439]Wheel Position: 0, 0
[2020.04.01-18.51.35:675][440]Wheel Position: 0, 0
[2020.04.01-18.51.35:692][441]Wheel Position: 0, 0
[2020.04.01-18.51.35:708][442]Wheel Position: 0, 0
[2020.04.01-18.51.35:725][443]Wheel Position: 0, 0
[2020.04.01-18.51.35:742][444]Wheel Position: 0, 0
[2020.04.01-18.51.35:759][445]Wheel Position: 0, 0
[2020.04.01-18.51.35:775][446]Wheel Position: 0, 0
[2020.04.01-18.51.35:792][447]Wheel Position: 0, 0
[2020.04.01-18.51.35:809][448]Wheel Position: 0, 0
[2020.04.01-18.51.35:826][449]Wheel Position: 0, 0
[2020.04.01-18.51.35:842][450]Wheel Position: 0, 0
[2020.04.01-18.51.35:858][451]Wheel Position: 0, 0
[2020.04.01-18.51.35:875][452]Wheel Position: 0, 0
[2020.04.01-18.51.35:892][453]Wheel Position: 0, 0
[2020.04.01-18.51.35:910][454]Wheel Position: 0, 0
[2020.04.01-18.51.36:070][455]LogAudioMixer: Display: No commands were queued while flushing the source manager.
[2020.04.01-18.51.36:071][455]LogAudioMixer: Display: No commands were queued while flushing the source manager.
[2020.04.01-18.51.36:597][455]LogSlate: Updating window title bar state: overlay mode, drag disabled, window buttons hidden, title bar hidden
[2020.04.01-18.51.36:597][455]LogWorld: BeginTearingDown for /Game/Maps/UEDPIE_0_TestMap
[2020.04.01-18.51.36:787][455]LogAudioMixer: Display: No commands were queued while flushing the source manager.
[2020.04.01-18.51.37:455][455]LogWorld: UWorld::CleanupWorld for TestMap, bSessionEnded=true, bCleanupResources=true
[2020.04.01-18.51.37:685][455]LogSlate: InvalidateAllWidgets triggered.  All widgets were invalidated
[2020.04.01-18.51.37:826][455]LogPlayLevel: Display: Shutting down PIE online subsystems
[2020.04.01-18.51.38:027][455]LogSlate: InvalidateAllWidgets triggered.  All widgets were invalidated
[2020.04.01-18.51.38:081][455]LogAudioMixer: Display: No commands were queued while flushing the source manager.
[2020.04.01-18.51.38:102][455]LogSlate: Updating window title bar state: overlay mode, drag disabled, window buttons hidden, title bar hidden
[2020.04.01-18.51.39:156][455]LogUObjectHash: Compacting FUObjectHashTables data took   2.07ms
[2020.04.01-18.51.39:474][456]LogPlayLevel: Display: Destroying online subsystem :Context_1
[2020.04.01-18.51.48:991][946]LogEditorViewport: Clicking on Actor (LMB): StaticMeshActor (Floor)
[2020.04.01-18.51.55:086][ 47]LogAudioMixer: Warning: Changing default audio render device to new device: {0.0.0.00000000}.{53f47ba3-69e5-49e5-8024-7c9de60b60fc}.
[2020.04.01-18.51.55:115][ 47]LogTemp: Resetting audio stream to device id 
