Log file open, 02/12/20 11:03:46
LogWindows: Failed to load 'aqProf.dll' (GetLastError=126)
LogWindows: File 'aqProf.dll' does not exist
LogWindows: Failed to load 'VtuneApi.dll' (GetLastError=126)
LogWindows: File 'VtuneApi.dll' does not exist
LogWindows: Failed to load 'VtuneApi32e.dll' (GetLastError=126)
LogWindows: File 'VtuneApi32e.dll' does not exist
LogConsoleResponse: Display: Failed to find resolution value strings in scalability ini. Falling back to default.
LogInit: Display: Running engine for game: GemChasers
LogPlatformFile: Not using cached read wrapper
LogTaskGraph: Started task graph with 5 named threads and 23 total threads with 3 sets of task threads.
LogStats: Stats thread started at 7.101085
LogD3D11RHI: Loaded GFSDK_Aftermath_Lib.x64.dll
LogICUInternationalization: ICU TimeZone Detection - Raw Offset: -5:00, Platform Override: ''
LogPluginManager: Mounting plugin Paper2D
LogPluginManager: Mounting plugin AISupport
LogPluginManager: Mounting plugin LightPropagationVolume
LogPluginManager: Mounting plugin ActorLayerUtilities
LogPluginManager: Mounting plugin AnimationSharing
LogPluginManager: Mounting plugin CLionSourceCodeAccess
LogPluginManager: Mounting plugin CodeLiteSourceCodeAccess
LogPluginManager: Mounting plugin GitSourceControl
LogPluginManager: Mounting plugin KDevelopSourceCodeAccess
LogPluginManager: Mounting plugin NullSourceCodeAccess
LogPluginManager: Mounting plugin PerforceSourceControl
LogPluginManager: Mounting plugin PlasticSourceControl
LogPluginManager: Mounting plugin SubversionSourceControl
LogPluginManager: Mounting plugin UObjectPlugin
LogPluginManager: Mounting plugin VisualStudioCodeSourceCodeAccess
LogPluginManager: Mounting plugin VisualStudioSourceCodeAccess
LogPluginManager: Mounting plugin XCodeSourceCodeAccess
LogPluginManager: Mounting plugin AssetManagerEditor
LogPluginManager: Mounting plugin CryptoKeys
LogPluginManager: Mounting plugin CurveEditorTools
LogPluginManager: Mounting plugin DataValidation
LogPluginManager: Mounting plugin FacialAnimation
LogPluginManager: Mounting plugin GameplayTagsEditor
LogPluginManager: Mounting plugin MacGraphicsSwitching
LogPluginManager: Mounting plugin MaterialAnalyzer
LogPluginManager: Mounting plugin MobileLauncherProfileWizard
LogPluginManager: Mounting plugin PluginBrowser
LogPluginManager: Mounting plugin SpeedTreeImporter
LogPluginManager: Mounting plugin DatasmithContent
LogPluginManager: Mounting plugin VariantManagerContent
LogPluginManager: Mounting plugin AlembicImporter
LogPluginManager: Mounting plugin AutomationUtils
LogPluginManager: Mounting plugin BackChannel
LogPluginManager: Mounting plugin CharacterAI
LogPluginManager: Mounting plugin GeometryCache
LogPluginManager: Mounting plugin PlatformCrypto
LogPluginManager: Mounting plugin ProxyLODPlugin
LogPluginManager: Mounting plugin SkeletalReduction
LogPluginManager: Mounting plugin MagicLeap
LogPluginManager: Mounting plugin MagicLeapMedia
LogPluginManager: Mounting plugin MLSDK
LogPluginManager: Mounting plugin AndroidMedia
LogPluginManager: Mounting plugin AvfMedia
LogPluginManager: Mounting plugin ImgMedia
LogPluginManager: Mounting plugin MediaCompositing
LogPluginManager: Mounting plugin MediaPlayerEditor
LogPluginManager: Mounting plugin WebMMedia
LogPluginManager: Mounting plugin WmfMedia
LogPluginManager: Mounting plugin TcpMessaging
LogPluginManager: Mounting plugin UdpMessaging
LogPluginManager: Mounting plugin ActorSequence
LogPluginManager: Mounting plugin LevelSequenceEditor
LogPluginManager: Mounting plugin MatineeToLevelSequence
LogPluginManager: Mounting plugin NetcodeUnitTest
LogPluginManager: Mounting plugin NUTUnrealEngine4
LogPluginManager: Mounting plugin OnlineSubsystemGooglePlay
LogPluginManager: Mounting plugin OnlineSubsystemIOS
LogPluginManager: Mounting plugin OnlineSubsystem
LogPluginManager: Mounting plugin OnlineSubsystemNull
LogPluginManager: Mounting plugin OnlineSubsystemUtils
LogPluginManager: Mounting plugin LauncherChunkInstaller
LogPluginManager: Mounting plugin AndroidDeviceProfileSelector
LogPluginManager: Mounting plugin AndroidMoviePlayer
LogPluginManager: Mounting plugin AndroidPermission
LogPluginManager: Mounting plugin AppleImageUtils
LogPluginManager: Mounting plugin AppleMoviePlayer
LogPluginManager: Mounting plugin ArchVisCharacter
LogPluginManager: Mounting plugin AssetTags
LogPluginManager: Mounting plugin AudioCapture
LogPluginManager: Mounting plugin CableComponent
LogPluginManager: Mounting plugin CustomMeshComponent
LogPluginManager: Mounting plugin EditableMesh
LogPluginManager: Mounting plugin ExampleDeviceProfileSelector
LogPluginManager: Mounting plugin GoogleCloudMessaging
LogPluginManager: Mounting plugin IOSDeviceProfileSelector
LogPluginManager: Mounting plugin LinuxDeviceProfileSelector
LogPluginManager: Mounting plugin LocationServicesBPLibrary
LogPluginManager: Mounting plugin MobilePatchingUtils
LogPluginManager: Mounting plugin OculusVR
LogPluginManager: Mounting plugin PhysXVehicles
LogPluginManager: Mounting plugin PostSplashScreen
LogPluginManager: Mounting plugin ProceduralMeshComponent
LogPluginManager: Mounting plugin RuntimePhysXCooking
LogPluginManager: Mounting plugin SignificanceManager
LogPluginManager: Mounting plugin SteamVR
LogPluginManager: Mounting plugin WebMMoviePlayer
LogPluginManager: Mounting plugin WindowsMoviePlayer
LogPluginManager: Mounting plugin ScreenshotTools
LogInit: Using libcurl 7.55.1-DEV
LogInit:  - built for x86_64-pc-win32
LogInit:  - supports SSL with OpenSSL/1.1.1
LogInit:  - supports HTTP deflate (compression) using libz 1.2.8
LogInit:  - other features:
LogInit:      CURL_VERSION_SSL
LogInit:      CURL_VERSION_LIBZ
LogInit:      CURL_VERSION_IPV6
LogInit:      CURL_VERSION_ASYNCHDNS
LogInit:      CURL_VERSION_LARGEFILE
LogInit:      CURL_VERSION_IDN
LogInit:  CurlRequestOptions (configurable via config and command line):
LogInit:  - bVerifyPeer = true  - Libcurl will verify peer certificate
LogInit:  - bUseHttpProxy = false  - Libcurl will NOT use HTTP proxy
LogInit:  - bDontReuseConnections = false  - Libcurl will reuse connections
LogInit:  - MaxHostConnections = 16  - Libcurl will limit the number of connections to a host
LogInit:  - LocalHostAddr = Default
LogInit:  - BufferSize = 65536
LogOnline: OSS: Creating online subsystem instance for: NULL
LogInit: WinSock: version 1.1 (2.2), MaxSocks=32767, MaxUdp=65467
LogOnline: OSS: TryLoadSubsystemAndSetDefault: Loaded subsystem for module [NULL]
LogInit: Build: ++UE4+Release-4.24-CL-11100242
LogInit: Engine Version: 4.24.2-11100242+++UE4+Release-4.24
LogInit: Compatible Engine Version: 4.24.0-10570792+++UE4+Release-4.24
LogInit: Net CL: 10570792
LogInit: OS: Windows 10 (Release 1903) (), CPU: Intel(R) Core(TM) i7-6700HQ CPU @ 2.60GHz, GPU: Intel(R) HD Graphics 530
LogInit: Compiled (64-bit): Jan 24 2020 02:05:53
LogInit: Compiled with Visual C++: 19.16.27032.01
LogInit: Build Configuration: Development
LogInit: Branch Name: ++UE4+Release-4.24
LogInit: Command Line: 
LogInit: Base Directory: D:/Epic Games/UE_4.24/Engine/Binaries/Win64/
LogInit: Installed Engine Build: 1
LogDevObjectVersion: Number of dev versions registered: 25
LogDevObjectVersion:   Dev-Blueprints (B0D832E4-1F89-4F0D-ACCF-7EB736FD4AA2): 10
LogDevObjectVersion:   Dev-Build (E1C64328-A22C-4D53-A36C-8E866417BD8C): 0
LogDevObjectVersion:   Dev-Core (375EC13C-06E4-48FB-B500-84F0262A717E): 3
LogDevObjectVersion:   Dev-Editor (E4B068ED-F494-42E9-A231-DA0B2E46BB41): 37
LogDevObjectVersion:   Dev-Framework (CFFC743F-43B0-4480-9391-14DF171D2073): 36
LogDevObjectVersion:   Dev-Mobile (B02B49B5-BB20-44E9-A304-32B752E40360): 2
LogDevObjectVersion:   Dev-Networking (A4E4105C-59A1-49B5-A7C5-40C4547EDFEE): 0
LogDevObjectVersion:   Dev-Online (39C831C9-5AE6-47DC-9A44-9C173E1C8E7C): 0
LogDevObjectVersion:   Dev-Physics (78F01B33-EBEA-4F98-B9B4-84EACCB95AA2): 2
LogDevObjectVersion:   Dev-Platform (6631380F-2D4D-43E0-8009-CF276956A95A): 0
LogDevObjectVersion:   Dev-Rendering (12F88B9F-8875-4AFC-A67C-D90C383ABD29): 36
LogDevObjectVersion:   Dev-Sequencer (7B5AE74C-D270-4C10-A958-57980B212A5A): 11
LogDevObjectVersion:   Dev-VR (D7296918-1DD6-4BDD-9DE2-64A83CC13884): 2
LogDevObjectVersion:   Dev-LoadTimes (C2A15278-BFE7-4AFE-6C17-90FF531DF755): 1
LogDevObjectVersion:   Private-Geometry (6EACA3D4-40EC-4CC1-B786-8BED09428FC5): 3
LogDevObjectVersion:   Dev-AnimPhys (29E575DD-E0A3-4627-9D10-D276232CDCEA): 17
LogDevObjectVersion:   Dev-Anim (AF43A65D-7FD3-4947-9873-3E8ED9C1BB05): 2
LogDevObjectVersion:   Dev-ReflectionCapture (6B266CEC-1EC7-4B8F-A30B-E4D90942FC07): 1
LogDevObjectVersion:   Dev-Automation (0DF73D61-A23F-47EA-B727-89E90C41499A): 1
LogDevObjectVersion:   FortniteMain (601D1886-AC64-4F84-AA16-D3DE0DEAC7D6): 31
LogDevObjectVersion:   Dev-Enterprise (9DFFBCD6-494F-0158-E221-12823C92A888): 8
LogDevObjectVersion:   Dev-Niagara (F2AED0AC-9AFE-416F-8664-AA7FFA26D6FC): 1
LogDevObjectVersion:   Dev-Destruction (174F1F0B-B4C6-45A5-B13F-2EE8D0FB917D): 9
LogDevObjectVersion:   Dev-Physics-Ext (35F94A83-E258-406C-A318-09F59610247C): 8
LogDevObjectVersion:   Dev-CineCamera (B2E18506-4273-CFC2-A54E-F4BB758BBA07): 1
LogInit: Presizing for max 25165824 objects, including 0 objects not considered by GC, pre-allocating 0 bytes for permanent pool.
LogInit: Object subsystem initialized
LogConfig: Setting CVar [[con.DebugEarlyDefault:1]]
LogConfig: Setting CVar [[r.setres:1280x720]]
[2020.02.12-16.03.51:113][  0]LogConfig: Setting CVar [[r.VSync:0]]
[2020.02.12-16.03.51:113][  0]LogConfig: Setting CVar [[r.RHICmdBypass:0]]
[2020.02.12-16.03.51:123][  0]LogConfig: Applying CVar settings from Section [/Script/Engine.RendererSettings] File [D:/College Stuff/Unity/GemChasers/GemChasers/Saved/Config/Windows/Engine.ini]
[2020.02.12-16.03.51:123][  0]LogConfig: Setting CVar [[r.GPUCrashDebugging:0]]
[2020.02.12-16.03.51:123][  0]LogConfig: Applying CVar settings from Section [/Script/Engine.RendererOverrideSettings] File [D:/College Stuff/Unity/GemChasers/GemChasers/Saved/Config/Windows/Engine.ini]
[2020.02.12-16.03.51:123][  0]LogConfig: Applying CVar settings from Section [/Script/Engine.StreamingSettings] File [D:/College Stuff/Unity/GemChasers/GemChasers/Saved/Config/Windows/Engine.ini]
[2020.02.12-16.03.51:123][  0]LogConfig: Setting CVar [[s.MinBulkDataSizeForAsyncLoading:131072]]
[2020.02.12-16.03.51:123][  0]LogConfig: Setting CVar [[s.AsyncLoadingThreadEnabled:0]]
[2020.02.12-16.03.51:123][  0]LogConfig: Setting CVar [[s.EventDrivenLoaderEnabled:1]]
[2020.02.12-16.03.51:123][  0]LogConfig: Setting CVar [[s.WarnIfTimeLimitExceeded:0]]
[2020.02.12-16.03.51:124][  0]LogConfig: Setting CVar [[s.TimeLimitExceededMultiplier:1.5]]
[2020.02.12-16.03.51:124][  0]LogConfig: Setting CVar [[s.TimeLimitExceededMinTime:0.005]]
[2020.02.12-16.03.51:124][  0]LogConfig: Setting CVar [[s.UseBackgroundLevelStreaming:1]]
[2020.02.12-16.03.51:124][  0]LogConfig: Setting CVar [[s.PriorityAsyncLoadingExtraTime:15.0]]
[2020.02.12-16.03.51:124][  0]LogConfig: Setting CVar [[s.LevelStreamingActorsUpdateTimeLimit:5.0]]
[2020.02.12-16.03.51:124][  0]LogConfig: Setting CVar [[s.PriorityLevelStreamingActorsUpdateExtraTime:5.0]]
[2020.02.12-16.03.51:124][  0]LogConfig: Setting CVar [[s.LevelStreamingComponentsRegistrationGranularity:10]]
[2020.02.12-16.03.51:124][  0]LogConfig: Setting CVar [[s.UnregisterComponentsTimeLimit:1.0]]
[2020.02.12-16.03.51:124][  0]LogConfig: Setting CVar [[s.LevelStreamingComponentsUnregistrationGranularity:5]]
[2020.02.12-16.03.51:124][  0]LogConfig: Setting CVar [[s.FlushStreamingOnExit:1]]
[2020.02.12-16.03.51:124][  0]LogConfig: Applying CVar settings from Section [/Script/Engine.GarbageCollectionSettings] File [D:/College Stuff/Unity/GemChasers/GemChasers/Saved/Config/Windows/Engine.ini]
[2020.02.12-16.03.51:124][  0]LogConfig: Setting CVar [[gc.MaxObjectsNotConsideredByGC:1]]
[2020.02.12-16.03.51:124][  0]LogConfig: Setting CVar [[gc.SizeOfPermanentObjectPool:0]]
[2020.02.12-16.03.51:124][  0]LogConfig: Setting CVar [[gc.FlushStreamingOnGC:0]]
[2020.02.12-16.03.51:124][  0]LogConfig: Setting CVar [[gc.NumRetriesBeforeForcingGC:10]]
[2020.02.12-16.03.51:124][  0]LogConfig: Setting CVar [[gc.AllowParallelGC:1]]
[2020.02.12-16.03.51:124][  0]LogConfig: Setting CVar [[gc.TimeBetweenPurgingPendingKillObjects:61.1]]
[2020.02.12-16.03.51:124][  0]LogConfig: Setting CVar [[gc.MaxObjectsInEditor:25165824]]
[2020.02.12-16.03.51:124][  0]LogConfig: Setting CVar [[gc.IncrementalBeginDestroyEnabled:1]]
[2020.02.12-16.03.51:124][  0]LogConfig: Setting CVar [[gc.CreateGCClusters:1]]
[2020.02.12-16.03.51:124][  0]LogConfig: Setting CVar [[gc.MinGCClusterSize:5]]
[2020.02.12-16.03.51:124][  0]LogConfig: Setting CVar [[gc.ActorClusteringEnabled:0]]
[2020.02.12-16.03.51:124][  0]LogConfig: Setting CVar [[gc.BlueprintClusteringEnabled:0]]
[2020.02.12-16.03.51:124][  0]LogConfig: Setting CVar [[gc.UseDisregardForGCOnDedicatedServers:0]]
[2020.02.12-16.03.51:124][  0]LogConfig: Applying CVar settings from Section [/Script/Engine.NetworkSettings] File [D:/College Stuff/Unity/GemChasers/GemChasers/Saved/Config/Windows/Engine.ini]
[2020.02.12-16.03.51:124][  0]LogConfig: Applying CVar settings from Section [/Script/UnrealEd.CookerSettings] File [D:/College Stuff/Unity/GemChasers/GemChasers/Saved/Config/Windows/Engine.ini]
[2020.02.12-16.03.51:188][  0]LogConfig: Applying CVar settings from Section [ViewDistanceQuality@3] File [D:/College Stuff/Unity/GemChasers/GemChasers/Saved/Config/Windows/Scalability.ini]
[2020.02.12-16.03.51:188][  0]LogConfig: Setting CVar [[r.SkeletalMeshLODBias:0]]
[2020.02.12-16.03.51:188][  0]LogConfig: Setting CVar [[r.ViewDistanceScale:1.0]]
[2020.02.12-16.03.51:188][  0]LogConfig: Applying CVar settings from Section [AntiAliasingQuality@3] File [D:/College Stuff/Unity/GemChasers/GemChasers/Saved/Config/Windows/Scalability.ini]
[2020.02.12-16.03.51:188][  0]LogConfig: Setting CVar [[r.PostProcessAAQuality:4]]
[2020.02.12-16.03.51:188][  0]LogConfig: Applying CVar settings from Section [ShadowQuality@3] File [D:/College Stuff/Unity/GemChasers/GemChasers/Saved/Config/Windows/Scalability.ini]
[2020.02.12-16.03.51:188][  0]LogConfig: Setting CVar [[r.LightFunctionQuality:1]]
[2020.02.12-16.03.51:188][  0]LogConfig: Setting CVar [[r.ShadowQuality:5]]
[2020.02.12-16.03.51:188][  0]LogConfig: Setting CVar [[r.Shadow.CSM.MaxCascades:10]]
[2020.02.12-16.03.51:188][  0]LogConfig: Setting CVar [[r.Shadow.MaxResolution:2048]]
[2020.02.12-16.03.51:188][  0]LogConfig: Setting CVar [[r.Shadow.MaxCSMResolution:2048]]
[2020.02.12-16.03.51:188][  0]LogConfig: Setting CVar [[r.Shadow.RadiusThreshold:0.01]]
[2020.02.12-16.03.51:188][  0]LogConfig: Setting CVar [[r.Shadow.DistanceScale:1.0]]
[2020.02.12-16.03.51:188][  0]LogConfig: Setting CVar [[r.Shadow.CSM.TransitionScale:1.0]]
[2020.02.12-16.03.51:188][  0]LogConfig: Setting CVar [[r.Shadow.PreShadowResolutionFactor:1.0]]
[2020.02.12-16.03.51:188][  0]LogConfig: Setting CVar [[r.DistanceFieldShadowing:1]]
[2020.02.12-16.03.51:188][  0]LogConfig: Setting CVar [[r.DistanceFieldAO:1]]
[2020.02.12-16.03.51:188][  0]LogConfig: Setting CVar [[r.AOQuality:2]]
[2020.02.12-16.03.51:188][  0]LogConfig: Setting CVar [[r.VolumetricFog:1]]
[2020.02.12-16.03.51:188][  0]LogConfig: Setting CVar [[r.VolumetricFog.GridPixelSize:8]]
[2020.02.12-16.03.51:188][  0]LogConfig: Setting CVar [[r.VolumetricFog.GridSizeZ:128]]
[2020.02.12-16.03.51:188][  0]LogConfig: Setting CVar [[r.VolumetricFog.HistoryMissSupersampleCount:4]]
[2020.02.12-16.03.51:188][  0]LogConfig: Setting CVar [[r.LightMaxDrawDistanceScale:1]]
[2020.02.12-16.03.51:188][  0]LogConfig: Setting CVar [[r.CapsuleShadows:1]]
[2020.02.12-16.03.51:188][  0]LogConfig: Applying CVar settings from Section [PostProcessQuality@3] File [D:/College Stuff/Unity/GemChasers/GemChasers/Saved/Config/Windows/Scalability.ini]
[2020.02.12-16.03.51:188][  0]LogConfig: Setting CVar [[r.MotionBlurQuality:4]]
[2020.02.12-16.03.51:188][  0]LogConfig: Setting CVar [[r.AmbientOcclusionMipLevelFactor:0.4]]
[2020.02.12-16.03.51:188][  0]LogConfig: Setting CVar [[r.AmbientOcclusionMaxQuality:100]]
[2020.02.12-16.03.51:188][  0]LogConfig: Setting CVar [[r.AmbientOcclusionLevels:-1]]
[2020.02.12-16.03.51:188][  0]LogConfig: Setting CVar [[r.AmbientOcclusionRadiusScale:1.0]]
[2020.02.12-16.03.51:188][  0]LogConfig: Setting CVar [[r.DepthOfFieldQuality:2]]
[2020.02.12-16.03.51:188][  0]LogConfig: Setting CVar [[r.RenderTargetPoolMin:400]]
[2020.02.12-16.03.51:188][  0]LogConfig: Setting CVar [[r.LensFlareQuality:2]]
[2020.02.12-16.03.51:188][  0]LogConfig: Setting CVar [[r.SceneColorFringeQuality:1]]
[2020.02.12-16.03.51:188][  0]LogConfig: Setting CVar [[r.EyeAdaptationQuality:2]]
[2020.02.12-16.03.51:188][  0]LogConfig: Setting CVar [[r.BloomQuality:5]]
[2020.02.12-16.03.51:188][  0]LogConfig: Setting CVar [[r.FastBlurThreshold:100]]
[2020.02.12-16.03.51:188][  0]LogConfig: Setting CVar [[r.Upscale.Quality:3]]
[2020.02.12-16.03.51:188][  0]LogConfig: Setting CVar [[r.Tonemapper.GrainQuantization:1]]
[2020.02.12-16.03.51:188][  0]LogConfig: Setting CVar [[r.LightShaftQuality:1]]
[2020.02.12-16.03.51:188][  0]LogConfig: Setting CVar [[r.Filter.SizeScale:1]]
[2020.02.12-16.03.51:188][  0]LogConfig: Setting CVar [[r.Tonemapper.Quality:5]]
[2020.02.12-16.03.51:188][  0]LogConfig: Setting CVar [[r.DOF.Gather.AccumulatorQuality:1        ; higher gathering accumulator quality]]
[2020.02.12-16.03.51:188][  0]LogConfig: Setting CVar [[r.DOF.Gather.PostfilterMethod:1          ; Median3x3 postfilering method]]
[2020.02.12-16.03.51:188][  0]LogConfig: Setting CVar [[r.DOF.Gather.EnableBokehSettings:0       ; no bokeh simulation when gathering]]
[2020.02.12-16.03.51:188][  0]LogConfig: Setting CVar [[r.DOF.Gather.RingCount:4                 ; medium number of samples when gathering]]
[2020.02.12-16.03.51:188][  0]LogConfig: Setting CVar [[r.DOF.Scatter.ForegroundCompositing:1    ; additive foreground scattering]]
[2020.02.12-16.03.51:188][  0]LogConfig: Setting CVar [[r.DOF.Scatter.BackgroundCompositing:2    ; additive background scattering]]
[2020.02.12-16.03.51:188][  0]LogConfig: Setting CVar [[r.DOF.Scatter.EnableBokehSettings:1      ; bokeh simulation when scattering]]
[2020.02.12-16.03.51:189][  0]LogConfig: Setting CVar [[r.DOF.Scatter.MaxSpriteRatio:0.1         ; only a maximum of 10% of scattered bokeh]]
[2020.02.12-16.03.51:189][  0]LogConfig: Setting CVar [[r.DOF.Recombine.Quality:1                ; cheap slight out of focus]]
[2020.02.12-16.03.51:189][  0]LogConfig: Setting CVar [[r.DOF.Recombine.EnableBokehSettings:0    ; no bokeh simulation on slight out of focus]]
[2020.02.12-16.03.51:189][  0]LogConfig: Setting CVar [[r.DOF.TemporalAAQuality:1                ; more stable temporal accumulation]]
[2020.02.12-16.03.51:189][  0]LogConfig: Setting CVar [[r.DOF.Kernel.MaxForegroundRadius:0.025]]
[2020.02.12-16.03.51:189][  0]LogConfig: Setting CVar [[r.DOF.Kernel.MaxBackgroundRadius:0.025]]
[2020.02.12-16.03.51:189][  0]LogConfig: Applying CVar settings from Section [TextureQuality@3] File [D:/College Stuff/Unity/GemChasers/GemChasers/Saved/Config/Windows/Scalability.ini]
[2020.02.12-16.03.51:189][  0]LogConfig: Setting CVar [[r.Streaming.MipBias:0]]
[2020.02.12-16.03.51:189][  0]LogConfig: Setting CVar [[r.Streaming.AmortizeCPUToGPUCopy:0]]
[2020.02.12-16.03.51:189][  0]LogConfig: Setting CVar [[r.Streaming.MaxNumTexturesToStreamPerFrame:0]]
[2020.02.12-16.03.51:189][  0]LogConfig: Setting CVar [[r.Streaming.Boost:1]]
[2020.02.12-16.03.51:189][  0]LogConfig: Setting CVar [[r.MaxAnisotropy:8]]
[2020.02.12-16.03.51:189][  0]LogConfig: Setting CVar [[r.VT.MaxAnisotropy:8]]
[2020.02.12-16.03.51:189][  0]LogConfig: Setting CVar [[r.Streaming.LimitPoolSizeToVRAM:0]]
[2020.02.12-16.03.51:189][  0]LogConfig: Setting CVar [[r.Streaming.PoolSize:1000]]
[2020.02.12-16.03.51:189][  0]LogConfig: Setting CVar [[r.Streaming.MaxEffectiveScreenSize:0]]
[2020.02.12-16.03.51:189][  0]LogConfig: Applying CVar settings from Section [EffectsQuality@3] File [D:/College Stuff/Unity/GemChasers/GemChasers/Saved/Config/Windows/Scalability.ini]
[2020.02.12-16.03.51:189][  0]LogConfig: Setting CVar [[r.TranslucencyLightingVolumeDim:64]]
[2020.02.12-16.03.51:189][  0]LogConfig: Setting CVar [[r.RefractionQuality:2]]
[2020.02.12-16.03.51:189][  0]LogConfig: Setting CVar [[r.SSR.Quality:3]]
[2020.02.12-16.03.51:189][  0]LogConfig: Setting CVar [[r.SSR.HalfResSceneColor:0]]
[2020.02.12-16.03.51:189][  0]LogConfig: Setting CVar [[r.SceneColorFormat:4]]
[2020.02.12-16.03.51:189][  0]LogConfig: Setting CVar [[r.DetailMode:2]]
[2020.02.12-16.03.51:189][  0]LogConfig: Setting CVar [[r.TranslucencyVolumeBlur:1]]
[2020.02.12-16.03.51:189][  0]LogConfig: Setting CVar [[r.MaterialQualityLevel:1 ; High quality]]
[2020.02.12-16.03.51:189][  0]LogConfig: Setting CVar [[r.SSS.Scale:1]]
[2020.02.12-16.03.51:189][  0]LogConfig: Setting CVar [[r.SSS.SampleSet:2]]
[2020.02.12-16.03.51:189][  0]LogConfig: Setting CVar [[r.SSS.Quality:1]]
[2020.02.12-16.03.51:189][  0]LogConfig: Setting CVar [[r.SSS.HalfRes:1]]
[2020.02.12-16.03.51:189][  0]LogConfig: Setting CVar [[r.SSGI.Quality:3]]
[2020.02.12-16.03.51:189][  0]LogConfig: Setting CVar [[r.EmitterSpawnRateScale:1.0]]
[2020.02.12-16.03.51:189][  0]LogConfig: Setting CVar [[r.ParticleLightQuality:2]]
[2020.02.12-16.03.51:189][  0]LogConfig: Setting CVar [[r.SkyAtmosphere.AerialPerspectiveLUT.FastApplyOnOpaque:1 ; Always have FastSkyLUT 1 in this case to avoid wrong sky]]
[2020.02.12-16.03.51:189][  0]LogConfig: Setting CVar [[r.SkyAtmosphere.AerialPerspectiveLUT.SampleCountPerSlice:1]]
[2020.02.12-16.03.51:189][  0]LogConfig: Setting CVar [[r.SkyAtmosphere.AerialPerspectiveLUT.DepthResolution:16.0]]
[2020.02.12-16.03.51:189][  0]LogConfig: Setting CVar [[r.SkyAtmosphere.FastSkyLUT:1]]
[2020.02.12-16.03.51:189][  0]LogConfig: Setting CVar [[r.SkyAtmosphere.FastSkyLUT.SampleCountMin:4.0]]
[2020.02.12-16.03.51:189][  0]LogConfig: Setting CVar [[r.SkyAtmosphere.FastSkyLUT.SampleCountMax:32.0]]
[2020.02.12-16.03.51:189][  0]LogConfig: Setting CVar [[r.SkyAtmosphere.SampleCountMin:4.0]]
[2020.02.12-16.03.51:189][  0]LogConfig: Setting CVar [[r.SkyAtmosphere.SampleCountMax:32.0]]
[2020.02.12-16.03.51:189][  0]LogConfig: Setting CVar [[r.SkyAtmosphere.TransmittanceLUT.UseSmallFormat:0]]
[2020.02.12-16.03.51:189][  0]LogConfig: Setting CVar [[r.SkyAtmosphere.TransmittanceLUT.SampleCount:10.0]]
[2020.02.12-16.03.51:189][  0]LogConfig: Setting CVar [[r.SkyAtmosphere.MultiScatteringLUT.SampleCount:15.0]]
[2020.02.12-16.03.51:189][  0]LogConfig: Applying CVar settings from Section [FoliageQuality@3] File [D:/College Stuff/Unity/GemChasers/GemChasers/Saved/Config/Windows/Scalability.ini]
[2020.02.12-16.03.51:189][  0]LogConfig: Setting CVar [[foliage.DensityScale:1.0]]
[2020.02.12-16.03.51:189][  0]LogConfig: Setting CVar [[grass.DensityScale:1.0]]
[2020.02.12-16.03.51:189][  0]LogConfig: Applying CVar settings from Section [ShadingQuality@3] File [D:/College Stuff/Unity/GemChasers/GemChasers/Saved/Config/Windows/Scalability.ini]
[2020.02.12-16.03.51:189][  0]LogConfig: Setting CVar [[r.HairStrands.SkyLighting.SampleCount:16]]
[2020.02.12-16.03.51:189][  0]LogConfig: Setting CVar [[r.HairStrands.SkyLighting.JitterIntegration:0]]
[2020.02.12-16.03.51:189][  0]LogConfig: Setting CVar [[r.HairStrands.SkyAO.SampleCount:16]]
[2020.02.12-16.03.51:192][  0]LogInit: Selected Device Profile: [Windows]
[2020.02.12-16.03.51:192][  0]LogInit: Applying CVar settings loaded from the selected device profile: [Windows]
[2020.02.12-16.03.51:265][  0]LogHAL: Display: Platform has ~ 16 GB [17086115840 / 17179869184 / 16], which maps to Larger [LargestMinGB=32, LargerMinGB=12, DefaultMinGB=8, SmallerMinGB=6, SmallestMinGB=0)
[2020.02.12-16.03.51:265][  0]LogInit: Going up to parent DeviceProfile []
[2020.02.12-16.03.51:265][  0]LogConfig: Applying CVar settings from Section [ViewDistanceQuality@3] File [D:/College Stuff/Unity/GemChasers/GemChasers/Saved/Config/Windows/Scalability.ini]
[2020.02.12-16.03.51:265][  0]LogConfig: Setting CVar [[r.SkeletalMeshLODBias:0]]
[2020.02.12-16.03.51:265][  0]LogConfig: Setting CVar [[r.ViewDistanceScale:1.0]]
[2020.02.12-16.03.51:266][  0]LogConfig: Applying CVar settings from Section [AntiAliasingQuality@3] File [D:/College Stuff/Unity/GemChasers/GemChasers/Saved/Config/Windows/Scalability.ini]
[2020.02.12-16.03.51:266][  0]LogConfig: Setting CVar [[r.PostProcessAAQuality:4]]
[2020.02.12-16.03.51:266][  0]LogConfig: Applying CVar settings from Section [ShadowQuality@3] File [D:/College Stuff/Unity/GemChasers/GemChasers/Saved/Config/Windows/Scalability.ini]
[2020.02.12-16.03.51:266][  0]LogConfig: Setting CVar [[r.LightFunctionQuality:1]]
[2020.02.12-16.03.51:266][  0]LogConfig: Setting CVar [[r.ShadowQuality:5]]
[2020.02.12-16.03.51:266][  0]LogConfig: Setting CVar [[r.Shadow.CSM.MaxCascades:10]]
[2020.02.12-16.03.51:266][  0]LogConfig: Setting CVar [[r.Shadow.MaxResolution:2048]]
[2020.02.12-16.03.51:266][  0]LogConfig: Setting CVar [[r.Shadow.MaxCSMResolution:2048]]
[2020.02.12-16.03.51:266][  0]LogConfig: Setting CVar [[r.Shadow.RadiusThreshold:0.01]]
[2020.02.12-16.03.51:266][  0]LogConfig: Setting CVar [[r.Shadow.DistanceScale:1.0]]
[2020.02.12-16.03.51:266][  0]LogConfig: Setting CVar [[r.Shadow.CSM.TransitionScale:1.0]]
[2020.02.12-16.03.51:266][  0]LogConfig: Setting CVar [[r.Shadow.PreShadowResolutionFactor:1.0]]
[2020.02.12-16.03.51:266][  0]LogConfig: Setting CVar [[r.DistanceFieldShadowing:1]]
[2020.02.12-16.03.51:266][  0]LogConfig: Setting CVar [[r.DistanceFieldAO:1]]
[2020.02.12-16.03.51:266][  0]LogConfig: Setting CVar [[r.AOQuality:2]]
[2020.02.12-16.03.51:266][  0]LogConfig: Setting CVar [[r.VolumetricFog:1]]
[2020.02.12-16.03.51:266][  0]LogConfig: Setting CVar [[r.VolumetricFog.GridPixelSize:8]]
[2020.02.12-16.03.51:266][  0]LogConfig: Setting CVar [[r.VolumetricFog.GridSizeZ:128]]
[2020.02.12-16.03.51:266][  0]LogConfig: Setting CVar [[r.VolumetricFog.HistoryMissSupersampleCount:4]]
[2020.02.12-16.03.51:266][  0]LogConfig: Setting CVar [[r.LightMaxDrawDistanceScale:1]]
[2020.02.12-16.03.51:266][  0]LogConfig: Setting CVar [[r.CapsuleShadows:1]]
[2020.02.12-16.03.51:266][  0]LogConfig: Applying CVar settings from Section [PostProcessQuality@3] File [D:/College Stuff/Unity/GemChasers/GemChasers/Saved/Config/Windows/Scalability.ini]
[2020.02.12-16.03.51:266][  0]LogConfig: Setting CVar [[r.MotionBlurQuality:4]]
[2020.02.12-16.03.51:266][  0]LogConfig: Setting CVar [[r.AmbientOcclusionMipLevelFactor:0.4]]
[2020.02.12-16.03.51:266][  0]LogConfig: Setting CVar [[r.AmbientOcclusionMaxQuality:100]]
[2020.02.12-16.03.51:266][  0]LogConfig: Setting CVar [[r.AmbientOcclusionLevels:-1]]
[2020.02.12-16.03.51:266][  0]LogConfig: Setting CVar [[r.AmbientOcclusionRadiusScale:1.0]]
[2020.02.12-16.03.51:266][  0]LogConfig: Setting CVar [[r.DepthOfFieldQuality:2]]
[2020.02.12-16.03.51:266][  0]LogConfig: Setting CVar [[r.RenderTargetPoolMin:400]]
[2020.02.12-16.03.51:266][  0]LogConfig: Setting CVar [[r.LensFlareQuality:2]]
[2020.02.12-16.03.51:266][  0]LogConfig: Setting CVar [[r.SceneColorFringeQuality:1]]
[2020.02.12-16.03.51:266][  0]LogConfig: Setting CVar [[r.EyeAdaptationQuality:2]]
[2020.02.12-16.03.51:266][  0]LogConfig: Setting CVar [[r.BloomQuality:5]]
[2020.02.12-16.03.51:266][  0]LogConfig: Setting CVar [[r.FastBlurThreshold:100]]
[2020.02.12-16.03.51:266][  0]LogConfig: Setting CVar [[r.Upscale.Quality:3]]
[2020.02.12-16.03.51:266][  0]LogConfig: Setting CVar [[r.Tonemapper.GrainQuantization:1]]
[2020.02.12-16.03.51:266][  0]LogConfig: Setting CVar [[r.LightShaftQuality:1]]
[2020.02.12-16.03.51:266][  0]LogConfig: Setting CVar [[r.Filter.SizeScale:1]]
[2020.02.12-16.03.51:266][  0]LogConfig: Setting CVar [[r.Tonemapper.Quality:5]]
[2020.02.12-16.03.51:266][  0]LogConfig: Setting CVar [[r.DOF.Gather.AccumulatorQuality:1        ; higher gathering accumulator quality]]
[2020.02.12-16.03.51:266][  0]LogConfig: Setting CVar [[r.DOF.Gather.PostfilterMethod:1          ; Median3x3 postfilering method]]
[2020.02.12-16.03.51:266][  0]LogConfig: Setting CVar [[r.DOF.Gather.EnableBokehSettings:0       ; no bokeh simulation when gathering]]
[2020.02.12-16.03.51:266][  0]LogConfig: Setting CVar [[r.DOF.Gather.RingCount:4                 ; medium number of samples when gathering]]
[2020.02.12-16.03.51:266][  0]LogConfig: Setting CVar [[r.DOF.Scatter.ForegroundCompositing:1    ; additive foreground scattering]]
[2020.02.12-16.03.51:266][  0]LogConfig: Setting CVar [[r.DOF.Scatter.BackgroundCompositing:2    ; additive background scattering]]
[2020.02.12-16.03.51:266][  0]LogConfig: Setting CVar [[r.DOF.Scatter.EnableBokehSettings:1      ; bokeh simulation when scattering]]
[2020.02.12-16.03.51:266][  0]LogConfig: Setting CVar [[r.DOF.Scatter.MaxSpriteRatio:0.1         ; only a maximum of 10% of scattered bokeh]]
[2020.02.12-16.03.51:266][  0]LogConfig: Setting CVar [[r.DOF.Recombine.Quality:1                ; cheap slight out of focus]]
[2020.02.12-16.03.51:266][  0]LogConfig: Setting CVar [[r.DOF.Recombine.EnableBokehSettings:0    ; no bokeh simulation on slight out of focus]]
[2020.02.12-16.03.51:266][  0]LogConfig: Setting CVar [[r.DOF.TemporalAAQuality:1                ; more stable temporal accumulation]]
[2020.02.12-16.03.51:266][  0]LogConfig: Setting CVar [[r.DOF.Kernel.MaxForegroundRadius:0.025]]
[2020.02.12-16.03.51:266][  0]LogConfig: Setting CVar [[r.DOF.Kernel.MaxBackgroundRadius:0.025]]
[2020.02.12-16.03.51:267][  0]LogConfig: Applying CVar settings from Section [TextureQuality@3] File [D:/College Stuff/Unity/GemChasers/GemChasers/Saved/Config/Windows/Scalability.ini]
[2020.02.12-16.03.51:267][  0]LogConfig: Setting CVar [[r.Streaming.MipBias:0]]
[2020.02.12-16.03.51:267][  0]LogConfig: Setting CVar [[r.Streaming.AmortizeCPUToGPUCopy:0]]
[2020.02.12-16.03.51:267][  0]LogConfig: Setting CVar [[r.Streaming.MaxNumTexturesToStreamPerFrame:0]]
[2020.02.12-16.03.51:267][  0]LogConfig: Setting CVar [[r.Streaming.Boost:1]]
[2020.02.12-16.03.51:267][  0]LogConfig: Setting CVar [[r.MaxAnisotropy:8]]
[2020.02.12-16.03.51:267][  0]LogConfig: Setting CVar [[r.VT.MaxAnisotropy:8]]
[2020.02.12-16.03.51:267][  0]LogConfig: Setting CVar [[r.Streaming.LimitPoolSizeToVRAM:0]]
[2020.02.12-16.03.51:267][  0]LogConfig: Setting CVar [[r.Streaming.PoolSize:1000]]
[2020.02.12-16.03.51:267][  0]LogConfig: Setting CVar [[r.Streaming.MaxEffectiveScreenSize:0]]
[2020.02.12-16.03.51:267][  0]LogConfig: Applying CVar settings from Section [EffectsQuality@3] File [D:/College Stuff/Unity/GemChasers/GemChasers/Saved/Config/Windows/Scalability.ini]
[2020.02.12-16.03.51:267][  0]LogConfig: Setting CVar [[r.TranslucencyLightingVolumeDim:64]]
[2020.02.12-16.03.51:267][  0]LogConfig: Setting CVar [[r.RefractionQuality:2]]
[2020.02.12-16.03.51:267][  0]LogConfig: Setting CVar [[r.SSR.Quality:3]]
[2020.02.12-16.03.51:267][  0]LogConfig: Setting CVar [[r.SSR.HalfResSceneColor:0]]
[2020.02.12-16.03.51:267][  0]LogConfig: Setting CVar [[r.SceneColorFormat:4]]
[2020.02.12-16.03.51:267][  0]LogConfig: Setting CVar [[r.DetailMode:2]]
[2020.02.12-16.03.51:267][  0]LogConfig: Setting CVar [[r.TranslucencyVolumeBlur:1]]
[2020.02.12-16.03.51:267][  0]LogConfig: Setting CVar [[r.MaterialQualityLevel:1 ; High quality]]
[2020.02.12-16.03.51:267][  0]LogConfig: Setting CVar [[r.SSS.Scale:1]]
[2020.02.12-16.03.51:267][  0]LogConfig: Setting CVar [[r.SSS.SampleSet:2]]
[2020.02.12-16.03.51:267][  0]LogConfig: Setting CVar [[r.SSS.Quality:1]]
[2020.02.12-16.03.51:267][  0]LogConfig: Setting CVar [[r.SSS.HalfRes:1]]
[2020.02.12-16.03.51:267][  0]LogConfig: Setting CVar [[r.SSGI.Quality:3]]
[2020.02.12-16.03.51:267][  0]LogConfig: Setting CVar [[r.EmitterSpawnRateScale:1.0]]
[2020.02.12-16.03.51:267][  0]LogConfig: Setting CVar [[r.ParticleLightQuality:2]]
[2020.02.12-16.03.51:267][  0]LogConfig: Setting CVar [[r.SkyAtmosphere.AerialPerspectiveLUT.FastApplyOnOpaque:1 ; Always have FastSkyLUT 1 in this case to avoid wrong sky]]
[2020.02.12-16.03.51:267][  0]LogConfig: Setting CVar [[r.SkyAtmosphere.AerialPerspectiveLUT.SampleCountPerSlice:1]]
[2020.02.12-16.03.51:267][  0]LogConfig: Setting CVar [[r.SkyAtmosphere.AerialPerspectiveLUT.DepthResolution:16.0]]
[2020.02.12-16.03.51:267][  0]LogConfig: Setting CVar [[r.SkyAtmosphere.FastSkyLUT:1]]
[2020.02.12-16.03.51:267][  0]LogConfig: Setting CVar [[r.SkyAtmosphere.FastSkyLUT.SampleCountMin:4.0]]
[2020.02.12-16.03.51:267][  0]LogConfig: Setting CVar [[r.SkyAtmosphere.FastSkyLUT.SampleCountMax:32.0]]
[2020.02.12-16.03.51:267][  0]LogConfig: Setting CVar [[r.SkyAtmosphere.SampleCountMin:4.0]]
[2020.02.12-16.03.51:267][  0]LogConfig: Setting CVar [[r.SkyAtmosphere.SampleCountMax:32.0]]
[2020.02.12-16.03.51:267][  0]LogConfig: Setting CVar [[r.SkyAtmosphere.TransmittanceLUT.UseSmallFormat:0]]
[2020.02.12-16.03.51:267][  0]LogConfig: Setting CVar [[r.SkyAtmosphere.TransmittanceLUT.SampleCount:10.0]]
[2020.02.12-16.03.51:267][  0]LogConfig: Setting CVar [[r.SkyAtmosphere.MultiScatteringLUT.SampleCount:15.0]]
[2020.02.12-16.03.51:267][  0]LogConfig: Applying CVar settings from Section [FoliageQuality@3] File [D:/College Stuff/Unity/GemChasers/GemChasers/Saved/Config/Windows/Scalability.ini]
[2020.02.12-16.03.51:267][  0]LogConfig: Setting CVar [[foliage.DensityScale:1.0]]
[2020.02.12-16.03.51:267][  0]LogConfig: Setting CVar [[grass.DensityScale:1.0]]
[2020.02.12-16.03.51:267][  0]LogConfig: Applying CVar settings from Section [ShadingQuality@3] File [D:/College Stuff/Unity/GemChasers/GemChasers/Saved/Config/Windows/Scalability.ini]
[2020.02.12-16.03.51:267][  0]LogConfig: Setting CVar [[r.HairStrands.SkyLighting.SampleCount:16]]
[2020.02.12-16.03.51:267][  0]LogConfig: Setting CVar [[r.HairStrands.SkyLighting.JitterIntegration:0]]
[2020.02.12-16.03.51:267][  0]LogConfig: Setting CVar [[r.HairStrands.SkyAO.SampleCount:16]]
[2020.02.12-16.03.51:267][  0]LogConfig: Applying CVar settings from Section [Startup] File [../../../Engine/Config/ConsoleVariables.ini]
[2020.02.12-16.03.51:282][  0]LogConfig: Setting CVar [[net.UseAdaptiveNetUpdateFrequency:0]]
[2020.02.12-16.03.51:282][  0]LogConfig: Setting CVar [[p.chaos.AllowCreatePhysxBodies:1]]
[2020.02.12-16.03.51:282][  0]LogConfig: Applying CVar settings from Section [ConsoleVariables] File [D:/College Stuff/Unity/GemChasers/GemChasers/Saved/Config/Windows/Engine.ini]
[2020.02.12-16.03.51:342][  0]LogInit: Computer: DAVIDSMSILAPTOP
[2020.02.12-16.03.51:342][  0]LogInit: User: Thero
[2020.02.12-16.03.51:342][  0]LogInit: CPU Page size=4096, Cores=4
[2020.02.12-16.03.51:342][  0]LogInit: High frequency timer resolution =10.000000 MHz
[2020.02.12-16.03.51:342][  0]LogMemory: Memory total: Physical=15.9GB (16GB approx)
[2020.02.12-16.03.51:342][  0]LogMemory: Platform Memory Stats for Windows
[2020.02.12-16.03.51:343][  0]LogMemory: Process Physical Memory: 105.14 MB used, 105.14 MB peak
[2020.02.12-16.03.51:343][  0]LogMemory: Process Virtual Memory: 100.45 MB used, 100.45 MB peak
[2020.02.12-16.03.51:343][  0]LogMemory: Physical Memory: 5798.45 MB used,  10496.14 MB free, 16294.59 MB total
[2020.02.12-16.03.51:343][  0]LogMemory: Virtual Memory: 5137.52 MB used,  134212592.00 MB free, 134217728.00 MB total
[2020.02.12-16.03.51:353][  0]LogWindows: WindowsPlatformFeatures enabled
[2020.02.12-16.03.52:429][  0]LogInit: Using OS detected language (en-US).
[2020.02.12-16.03.52:429][  0]LogInit: Using OS detected locale (en-US).
[2020.02.12-16.03.52:471][  0]LogTextLocalizationManager: No specific localization for 'en-US' exists, so the 'en' localization will be used.
[2020.02.12-16.03.53:337][  0]LogInit: Setting process to per monitor DPI aware
[2020.02.12-16.03.54:208][  0]LogSlate: New Slate User Created.  User Index 0, Is Virtual User: 0
[2020.02.12-16.03.54:208][  0]LogSlate: Slate User Registered.  User Index 0, Is Virtual User: 0
[2020.02.12-16.04.00:291][  0]LogHMD: Failed to initialize OpenVR with code 110
[2020.02.12-16.04.00:291][  0]LogD3D11RHI: D3D11 min allowed feature level: 11_0
[2020.02.12-16.04.00:291][  0]LogD3D11RHI: D3D11 max allowed feature level: 11_0
[2020.02.12-16.04.00:291][  0]LogD3D11RHI: D3D11 adapters:
[2020.02.12-16.04.00:374][  0]LogD3D11RHI:    0. 'NVIDIA GeForce GTX 970M' (Feature Level 11_0)
[2020.02.12-16.04.00:374][  0]LogD3D11RHI:       3032/0/8147 MB DedicatedVideo/DedicatedSystem/SharedSystem, Outputs:1, VendorId:0x10de
[2020.02.12-16.04.00:389][  0]LogD3D11RHI:    1. 'Intel(R) HD Graphics 530' (Feature Level 11_0)
[2020.02.12-16.04.00:389][  0]LogD3D11RHI:       128/0/8147 MB DedicatedVideo/DedicatedSystem/SharedSystem, Outputs:0, VendorId:0x8086
[2020.02.12-16.04.00:392][  0]LogD3D11RHI:    2. 'Microsoft Basic Render Driver' (Feature Level 11_0)
[2020.02.12-16.04.00:392][  0]LogD3D11RHI:       0/0/8147 MB DedicatedVideo/DedicatedSystem/SharedSystem, Outputs:0, VendorId:0x1414
[2020.02.12-16.04.00:392][  0]LogD3D11RHI: Chosen D3D11 Adapter: 0
[2020.02.12-16.04.00:460][  0]LogD3D11RHI: Creating new Direct3DDevice
[2020.02.12-16.04.00:461][  0]LogD3D11RHI:     GPU DeviceId: 0x13d8 (for the marketing name, search the web for "GPU Device Id")
[2020.02.12-16.04.00:461][  0]LogWindows: EnumDisplayDevices:
[2020.02.12-16.04.00:461][  0]LogWindows:    0. 'Intel(R) HD Graphics 530' (P:1 D:1)
[2020.02.12-16.04.00:461][  0]LogWindows:    1. 'Intel(R) HD Graphics 530' (P:0 D:0)
[2020.02.12-16.04.00:461][  0]LogWindows:    2. 'Intel(R) HD Graphics 530' (P:0 D:0)
[2020.02.12-16.04.00:462][  0]LogWindows: DebugString: PrimaryIsNotTheChoosenAdapter PrimaryIsNotTheChoosenAdapter PrimaryIsNotTheChoosenAdapter FoundDriverCount:0 
[2020.02.12-16.04.00:462][  0]LogD3D11RHI:     Adapter Name: NVIDIA GeForce GTX 970M
[2020.02.12-16.04.00:462][  0]LogD3D11RHI:   Driver Version: Unknown (internal:Unknown, unified:Unknown)
[2020.02.12-16.04.00:462][  0]LogD3D11RHI:      Driver Date: Unknown
[2020.02.12-16.04.00:462][  0]LogRHI: Texture pool is 2122 MB (70% of 3032 MB)
[2020.02.12-16.04.00:525][  0]LogD3D11RHI: RHI has support for 64 bit atomics
[2020.02.12-16.04.00:526][  0]LogD3D11RHI: Async texture creation enabled
[2020.02.12-16.04.00:785][  0]LogD3D11RHI: GPU Timing Frequency: 1000.000000 (Debug: 2 1)
[2020.02.12-16.04.01:717][  0]LogTargetPlatformManager: Display: Loaded TargetPlatform 'AllDesktop'
[2020.02.12-16.04.01:812][  0]LogTargetPlatformManager: Display: Loaded TargetPlatform 'Android'
[2020.02.12-16.04.01:812][  0]LogTargetPlatformManager: Display: Loaded TargetPlatform 'Android_ASTC'
[2020.02.12-16.04.01:812][  0]LogTargetPlatformManager: Display: Loaded TargetPlatform 'Android_ATC'
[2020.02.12-16.04.01:812][  0]LogTargetPlatformManager: Display: Loaded TargetPlatform 'Android_DXT'
[2020.02.12-16.04.01:812][  0]LogTargetPlatformManager: Display: Loaded TargetPlatform 'Android_ETC1'
[2020.02.12-16.04.01:812][  0]LogTargetPlatformManager: Display: Loaded TargetPlatform 'Android_ETC1a'
[2020.02.12-16.04.01:812][  0]LogTargetPlatformManager: Display: Loaded TargetPlatform 'Android_ETC2'
[2020.02.12-16.04.01:812][  0]LogTargetPlatformManager: Display: Loaded TargetPlatform 'Android_PVRTC'
[2020.02.12-16.04.01:812][  0]LogTargetPlatformManager: Display: Loaded TargetPlatform 'AndroidClient'
[2020.02.12-16.04.01:812][  0]LogTargetPlatformManager: Display: Loaded TargetPlatform 'Android_ASTCClient'
[2020.02.12-16.04.01:812][  0]LogTargetPlatformManager: Display: Loaded TargetPlatform 'Android_ATCClient'
[2020.02.12-16.04.01:812][  0]LogTargetPlatformManager: Display: Loaded TargetPlatform 'Android_DXTClient'
[2020.02.12-16.04.01:812][  0]LogTargetPlatformManager: Display: Loaded TargetPlatform 'Android_ETC1Client'
[2020.02.12-16.04.01:812][  0]LogTargetPlatformManager: Display: Loaded TargetPlatform 'Android_ETC1aClient'
[2020.02.12-16.04.01:813][  0]LogTargetPlatformManager: Display: Loaded TargetPlatform 'Android_ETC2Client'
[2020.02.12-16.04.01:813][  0]LogTargetPlatformManager: Display: Loaded TargetPlatform 'Android_PVRTCClient'
[2020.02.12-16.04.01:813][  0]LogTargetPlatformManager: Display: Loaded TargetPlatform 'Android_Multi'
[2020.02.12-16.04.01:813][  0]LogTargetPlatformManager: Display: Loaded TargetPlatform 'Android_MultiClient'
[2020.02.12-16.04.01:949][  0]LogTargetPlatformManager: Display: Loaded TargetPlatform 'IOSClient'
[2020.02.12-16.04.01:949][  0]LogTargetPlatformManager: Display: Loaded TargetPlatform 'IOS'
[2020.02.12-16.04.01:991][  0]LogTargetPlatformManager: Display: Loaded TargetPlatform 'LinuxNoEditor'
[2020.02.12-16.04.02:020][  0]LogTargetPlatformManager: Display: Loaded TargetPlatform 'LinuxClient'
[2020.02.12-16.04.02:051][  0]LogTargetPlatformManager: Display: Loaded TargetPlatform 'LinuxServer'
[2020.02.12-16.04.02:099][  0]LogTargetPlatformManager: Display: Loaded TargetPlatform 'LinuxAArch64NoEditor'
[2020.02.12-16.04.02:133][  0]LogTargetPlatformManager: Display: Loaded TargetPlatform 'LinuxAArch64Client'
[2020.02.12-16.04.02:169][  0]LogTargetPlatformManager: Display: Loaded TargetPlatform 'LinuxAArch64Server'
[2020.02.12-16.04.02:247][  0]LogTargetPlatformManager: Display: Loaded TargetPlatform 'Lumin'
[2020.02.12-16.04.02:247][  0]LogTargetPlatformManager: Display: Loaded TargetPlatform 'LuminClient'
[2020.02.12-16.04.02:313][  0]LogTargetPlatformManager: Display: Loaded TargetPlatform 'TVOSClient'
[2020.02.12-16.04.02:313][  0]LogTargetPlatformManager: Display: Loaded TargetPlatform 'TVOS'
[2020.02.12-16.04.02:361][  0]LogTargetPlatformManager: Display: Loaded TargetPlatform 'WindowsNoEditor'
[2020.02.12-16.04.02:398][  0]LogTargetPlatformManager: Display: Loaded TargetPlatform 'Windows'
[2020.02.12-16.04.02:434][  0]LogTargetPlatformManager: Display: Loaded TargetPlatform 'WindowsClient'
[2020.02.12-16.04.02:469][  0]LogTargetPlatformManager: Display: Loaded TargetPlatform 'WindowsServer'
[2020.02.12-16.04.02:469][  0]LogTargetPlatformManager: Display: Building Assets For Windows
[2020.02.12-16.04.02:697][  0]LogAudioDebug: Display: Lib vorbis DLL was dynamically loaded.
[2020.02.12-16.04.03:561][  0]LogShaderCompilers: Guid format shader working directory is -11 characters bigger than the processId version (../../../../../College Stuff/Unity/GemChasers/GemChasers/Intermediate/Shaders/WorkingDirectory/14096/).
[2020.02.12-16.04.03:561][  0]LogShaderCompilers: Cleaned the shader compiler working directory 'C:/Users/Thero/AppData/Local/Temp/UnrealShaderWorkingDir/D98948764E0707FFAAFD3A94E1C8971E/'.
[2020.02.12-16.04.03:562][  0]LogXGEController: Cleaning working directory: C:/Users/Thero/AppData/Local/Temp/UnrealXGEWorkingDir/
[2020.02.12-16.04.03:562][  0]LogXGEController: Cannot use XGE Controller as Incredibuild is not installed on this machine.
[2020.02.12-16.04.03:563][  0]LogShaderCompilers: Cannot use XGE Shader Compiler as Incredibuild is not installed on this machine.
[2020.02.12-16.04.03:563][  0]LogShaderCompilers: Display: Using Local Shader Compiler.
[2020.02.12-16.04.10:571][  0]LogDerivedDataCache: Display: Max Cache Size: 512 MB
[2020.02.12-16.04.10:697][  0]LogDerivedDataCache: Loaded boot cache 0.12s 79MB C:/Users/Thero/AppData/Local/UnrealEngine/4.24/DerivedDataCache/Boot.ddc.
[2020.02.12-16.04.10:697][  0]LogDerivedDataCache: Display: Loaded Boot cache: C:/Users/Thero/AppData/Local/UnrealEngine/4.24/DerivedDataCache/Boot.ddc
[2020.02.12-16.04.10:697][  0]LogDerivedDataCache: FDerivedDataBackendGraph:  Pak pak cache file ../../../../../College Stuff/Unity/GemChasers/GemChasers/DerivedDataCache/DDC.ddp not found, will not use a pak cache.
[2020.02.12-16.04.10:697][  0]LogDerivedDataCache: Unable to find inner node Pak for hierarchical cache Hierarchy.
[2020.02.12-16.04.10:697][  0]LogDerivedDataCache: FDerivedDataBackendGraph:  CompressedPak pak cache file ../../../../../College Stuff/Unity/GemChasers/GemChasers/DerivedDataCache/Compressed.ddp not found, will not use a pak cache.
[2020.02.12-16.04.10:697][  0]LogDerivedDataCache: Unable to find inner node CompressedPak for hierarchical cache Hierarchy.
[2020.02.12-16.04.10:785][  0]LogDerivedDataCache: Display: Pak cache opened for reading ../../../Engine/DerivedDataCache/Compressed.ddp.
[2020.02.12-16.04.10:786][  0]LogDerivedDataCache: FDerivedDataBackendGraph:  EnterprisePak pak cache file ../../../Enterprise/DerivedDataCache/Compressed.ddp not found, will not use a pak cache.
[2020.02.12-16.04.10:786][  0]LogDerivedDataCache: Unable to find inner node EnterprisePak for hierarchical cache Hierarchy.
[2020.02.12-16.04.10:788][  0]LogDerivedDataCache: Using Local data cache path C:/Users/Thero/AppData/Local/UnrealEngine/Common/DerivedDataCache: Writable
[2020.02.12-16.04.10:788][  0]LogDerivedDataCache: Shared data cache path not found in *engine.ini, will not use an Shared cache.
[2020.02.12-16.04.10:788][  0]LogDerivedDataCache: Unable to find inner node Shared for hierarchical cache Hierarchy.
[2020.02.12-16.04.10:867][  0]LogMaterial: Verifying Global Shaders for PCD3D_SM5
[2020.02.12-16.04.10:998][  0]LogSlate: Using FreeType 2.10.0
[2020.02.12-16.04.11:099][  0]LogSlate: SlateFontServices - WITH_FREETYPE: 1, WITH_HARFBUZZ: 1
[2020.02.12-16.04.13:270][  0]LogAssetRegistry: FAssetRegistry took 0.0079 seconds to start up
[2020.02.12-16.04.18:210][  0]LogInit: Selected Device Profile: [Windows]
[2020.02.12-16.04.20:004][  0]LogMeshReduction: Using QuadricMeshReduction for automatic static mesh reduction
[2020.02.12-16.04.20:004][  0]LogMeshReduction: Using SimplygonMeshReduction for automatic skeletal mesh reduction
[2020.02.12-16.04.20:004][  0]LogMeshReduction: Using ProxyLODMeshReduction for automatic mesh merging
[2020.02.12-16.04.20:004][  0]LogMeshReduction: No distributed automatic mesh merging module available
[2020.02.12-16.04.20:004][  0]LogMeshMerging: No distributed automatic mesh merging module available
[2020.02.12-16.04.20:506][  0]LogNetVersion: GemChasers 1.0.0, NetCL: 10570792, EngineNetVer: 13, GameNetVer: 0 (Checksum: 569320847)
[2020.02.12-16.04.47:950][  0]LogPackageLocalizationCache: Processed 10 localized package path(s) for 1 prioritized culture(s) in 0.120002 seconds
[2020.02.12-16.04.47:996][  0]LogUObjectArray: 46750 objects as part of root set at end of initial load.
[2020.02.12-16.04.47:996][  0]LogUObjectAllocator: 8137160 out of 0 bytes used by permanent object pool.
[2020.02.12-16.04.47:996][  0]LogUObjectArray: CloseDisregardForGC: 0/0 objects in disregard for GC pool
[2020.02.12-16.04.52:993][  0]LogTcpMessaging: Initializing TcpMessaging bridge
[2020.02.12-16.04.53:053][  0]LogUdpMessaging: Initializing bridge on interface 0.0.0.0:0 to multicast group 230.0.0.1:6666.
[2020.02.12-16.04.54:447][  0]SourceControl: Source control is disabled
[2020.02.12-16.04.54:466][  0]SourceControl: Source control is disabled
[2020.02.12-16.04.54:560][  0]SourceControl: Source control is disabled
[2020.02.12-16.04.54:600][  0]SourceControl: Source control is disabled
[2020.02.12-16.04.54:654][  0]SourceControl: Source control is disabled
[2020.02.12-16.04.56:448][  0]LogAndroidPermission: UAndroidPermissionCallbackProxy::GetInstance
[2020.02.12-16.04.56:674][  0]LogAudioCaptureCore: Display: No Audio Capture implementations found. Audio input will be silent.
[2020.02.12-16.04.56:674][  0]LogAudioCaptureCore: Display: No Audio Capture implementations found. Audio input will be silent.
[2020.02.12-16.04.57:329][  0]LogOcInput: OculusInput pre-init called
[2020.02.12-16.04.57:408][  0]LogWindows: Failed to load 'OVRPlugin.dll' (GetLastError=126)
[2020.02.12-16.04.57:408][  0]LogWindows: File 'OVRPlugin.dll' does not exist
[2020.02.12-16.04.58:503][  0]LogEngine: Initializing Engine...
[2020.02.12-16.04.58:532][  0]LogHMD: Failed to initialize OpenVR with code 110
[2020.02.12-16.04.58:688][  0]LogStats: UGameplayTagsManager::InitializeManager -  0.021 s
[2020.02.12-16.04.59:996][  0]LogInit: Initializing FReadOnlyCVARCache
[2020.02.12-16.05.00:415][  0]LogAIModule: Creating AISystem for world Untitled
[2020.02.12-16.05.00:544][  0]LogAudioMixer: Display: Audio Mixer Platform Settings:
[2020.02.12-16.05.00:544][  0]LogAudioMixer: Display: 	Sample Rate:						  48000
[2020.02.12-16.05.00:544][  0]LogAudioMixer: Display: 	Callback Buffer Frame Size Requested: 1024
[2020.02.12-16.05.00:544][  0]LogAudioMixer: Display: 	Callback Buffer Frame Size To Use:	  1024
[2020.02.12-16.05.00:544][  0]LogAudioMixer: Display: 	Number of buffers to queue:			  2
[2020.02.12-16.05.00:544][  0]LogAudioMixer: Display: 	Max Channels (voices):				  32
[2020.02.12-16.05.00:544][  0]LogAudioMixer: Display: 	Number of Async Source Workers:		  0
[2020.02.12-16.05.00:544][  0]LogAudio: Display: AudioDevice MaxSources: 32
[2020.02.12-16.05.00:564][  0]LogAudio: Display: Using built-in audio occlusion.
[2020.02.12-16.05.00:564][  0]LogAudioMixer: Display: Initializing audio mixer.
[2020.02.12-16.05.00:658][  0]LogAudioMixer: Display: Audio Device Output Speaker Info:
[2020.02.12-16.05.00:658][  0]LogAudioMixer: Display: Name: Headphones (2- Xbox Controller)
[2020.02.12-16.05.00:658][  0]LogAudioMixer: Display: Is Default: Yes
[2020.02.12-16.05.00:658][  0]LogAudioMixer: Display: Sample Rate: 48000
[2020.02.12-16.05.00:658][  0]LogAudioMixer: Display: Channel Count Used: 2
[2020.02.12-16.05.00:658][  0]LogAudioMixer: Display: Device Channel Count: 2
[2020.02.12-16.05.00:658][  0]LogAudioMixer: Display: Channel Order:
[2020.02.12-16.05.00:658][  0]LogAudioMixer: Display: 0: FrontLeft
[2020.02.12-16.05.00:658][  0]LogAudioMixer: Display: 1: FrontRight
[2020.02.12-16.05.00:691][  0]LogAudioMixer: Display: Using Audio Device Headphones (2- Xbox Controller)
[2020.02.12-16.05.00:740][  0]LogInit: FAudioDevice initialized.
[2020.02.12-16.05.00:741][  0]LogNetVersion: Set ProjectVersion to 1.0.0.0. Version Checksum will be recalculated on next use.
[2020.02.12-16.05.00:798][  0]LogDerivedDataCache: Saved boot cache 0.06s 79MB C:/Users/Thero/AppData/Local/UnrealEngine/4.24/DerivedDataCache/Boot.ddc.
[2020.02.12-16.05.00:802][  0]LogInit: Texture streaming: Enabled
[2020.02.12-16.05.01:010][  0]LogEngineSessionManager: EngineSessionManager initialized
[2020.02.12-16.05.01:010][  0]LogEditorSessionSummary: Verbose: Initializing EditorSessionSummaryWriter for editor session tracking
[2020.02.12-16.05.01:011][  0]LogEditorSessionSummary: EditorSessionSummaryWriter initialized
[2020.02.12-16.05.01:278][  0]LogInit: Transaction tracking system initialized
[2020.02.12-16.05.01:647][  0]BlueprintLog: New page: Editor Load
[2020.02.12-16.05.02:923][  0]LocalizationService: Localization service is disabled
[2020.02.12-16.05.06:874][  0]LogFileCache: Scanning file cache for directory 'D:/College Stuff/Unity/GemChasers/GemChasers/Content/' took 0.01s
[2020.02.12-16.05.06:874][  0]LogCook: Display: Max memory allowance for cook 16384mb min free memory 0mb
[2020.02.12-16.05.06:874][  0]LogCook: Display: Mobile HDR setting 1
[2020.02.12-16.05.12:326][  0]SourceControl: Source control is disabled
[2020.02.12-16.05.12:405][  0]Cmd: MAP LOAD FILE="../../../../../College Stuff/Unity/GemChasers/GemChasers/Content/Maps/TestMap.umap" TEMPLATE=0 SHOWPROGRESS=1 FEATURELEVEL=3
[2020.02.12-16.05.12:454][  0]LightingResults: New page: Lighting Build
[2020.02.12-16.05.12:528][  0]LogWorld: UWorld::CleanupWorld for Untitled, bSessionEnded=true, bCleanupResources=true
[2020.02.12-16.05.12:553][  0]LogSlate: InvalidateAllWidgets triggered.  All widgets were invalidated
[2020.02.12-16.05.12:564][  0]MapCheck: New page: Map Check
[2020.02.12-16.05.12:564][  0]LightingResults: New page: Lighting Build
[2020.02.12-16.05.12:801][  0]LogUObjectHash: Compacting FUObjectHashTables data took   2.44ms
[2020.02.12-16.05.13:562][  0]LogAIModule: Creating AISystem for world TestMap
[2020.02.12-16.05.14:093][  0]LogEditorServer: Finished looking for orphan Actors (0.000 secs)
[2020.02.12-16.05.14:285][  0]LogUObjectHash: Compacting FUObjectHashTables data took   3.49ms
[2020.02.12-16.05.14:286][  0]Cmd: MAP CHECKDEP NOCLEARLOG
[2020.02.12-16.05.14:312][  0]MapCheck: Map check complete: 0 Error(s), 0 Warning(s), took 10.047ms to complete.
[2020.02.12-16.05.14:313][  0]LogFileHelpers: Loading map 'TestMap' took 1.969
[2020.02.12-16.05.15:726][  0]LogSlate: Updating window title bar state: overlay mode, drag disabled, window buttons hidden, title bar hidden
[2020.02.12-16.05.15:749][  0]LogSlate: Updating window title bar state: overlay mode, drag disabled, window buttons hidden, title bar hidden
[2020.02.12-16.05.15:758][  0]LogSlate: Updating window title bar state: overlay mode, drag disabled, window buttons hidden, title bar hidden
[2020.02.12-16.05.15:765][  0]LogSlate: Updating window title bar state: overlay mode, drag disabled, window buttons hidden, title bar hidden
[2020.02.12-16.05.15:839][  0]LogCollectionManager: Loaded 0 collections in 0.001309 seconds
[2020.02.12-16.05.15:968][  0]LogFileCache: Scanning file cache for directory 'D:/College Stuff/Unity/GemChasers/GemChasers/Saved/Collections/' took 0.00s
[2020.02.12-16.05.15:968][  0]LogFileCache: Scanning file cache for directory 'D:/College Stuff/Unity/GemChasers/GemChasers/Content/Developers/Thero/Collections/' took 0.00s
[2020.02.12-16.05.15:968][  0]LogFileCache: Scanning file cache for directory 'D:/College Stuff/Unity/GemChasers/GemChasers/Content/Collections/' took 0.00s
[2020.02.12-16.05.15:968][  0]LogContentBrowser: Native class hierarchy populated in 0.0296 seconds. Added 3024 classes and 719 folders.
[2020.02.12-16.05.16:020][  0]LogContentBrowser: Native class hierarchy updated for 'WidgetCarousel' in 0.0004 seconds. Added 0 classes and 0 folders.
[2020.02.12-16.05.17:499][  0]LogContentBrowser: Native class hierarchy updated for 'AddContentDialog' in 0.0004 seconds. Added 0 classes and 0 folders.
[2020.02.12-16.05.17:568][  0]LogContentBrowser: Native class hierarchy updated for 'SceneOutliner' in 0.0003 seconds. Added 2 classes and 3 folders.
[2020.02.12-16.05.18:212][  0]LogSlate: Took 0.035200 seconds to synchronously load lazily loaded font '../../../Engine/Content/Slate/Fonts/Roboto-Regular.ttf' (155K)
[2020.02.12-16.05.18:281][  0]LogSlate: Took 0.045789 seconds to synchronously load lazily loaded font '../../../Engine/Content/Slate/Fonts/Roboto-Bold.ttf' (160K)
[2020.02.12-16.05.18:330][  0]LogSlate: Took 0.016967 seconds to synchronously load lazily loaded font '../../../Engine/Content/Editor/Slate/Fonts/FontAwesome.ttf' (139K)
[2020.02.12-16.05.18:892][  0]LogRenderer: Reallocating scene render targets to support 804x392 Format 10 NumSamples 1 (Frame:1).
[2020.02.12-16.05.19:367][  0]LogContentBrowser: Native class hierarchy updated for 'HierarchicalLODOutliner' in 0.0004 seconds. Added 0 classes and 0 folders.
[2020.02.12-16.05.19:368][  0]LogLoad: (Engine Initialization) Total time: 114.92 seconds
[2020.02.12-16.05.19:368][  0]LogLoad: (Engine Initialization) Total Blueprint compile time: 0.00 seconds
[2020.02.12-16.05.19:771][  0]LogContentStreaming: Texture pool size now 1000 MB
[2020.02.12-16.05.19:853][  0]LogSlate: Took 0.020784 seconds to synchronously load lazily loaded font '../../../Engine/Content/Slate/Fonts/Roboto-Light.ttf' (167K)
[2020.02.12-16.05.22:135][ 32]LogAssetRegistry: Asset discovery search completed in 68.8666 seconds
[2020.02.12-16.05.22:154][ 32]LogCollectionManager: Fixed up redirectors for 0 collections in 0.000015 seconds (updated 0 objects)
[2020.02.12-16.08.23:712][605]LogVSAccessor: Warning: Couldn't access Visual Studio
[2020.02.12-16.08.23:745][605]Candidate modules for hot reload:
[2020.02.12-16.08.23:745][605]  GemChasers
[2020.02.12-16.08.23:745][605]Launching UnrealBuildTool... [D:/Epic Games/UE_4.24/Engine/Binaries/DotNET/UnrealBuildTool.exe  -ModuleWithSuffix=GemChasers,4056 Win64 Development -TargetType=Editor -Project="D:/College Stuff/Unity/GemChasers/GemChasers/GemChasers.uproject" "D:/College Stuff/Unity/GemChasers/GemChasers/GemChasers.uproject"  -IgnoreJunk]
[2020.02.12-16.08.23:754][605]Warning: Starting HotReload took  0.1s.
[2020.02.12-16.09.15:307][678]CompilerResultsLog: New page: Compilation - Feb 12, 2020, 6:09:15 AM
[2020.02.12-16.09.15:307][678]CompilerResultsLog: Using 'git status' to determine working set for adaptive non-unity build (D:\College Stuff\Unity\GemChasers).
[2020.02.12-16.09.15:307][678]CompilerResultsLog: Parsing headers for GemChasersEditor
[2020.02.12-16.09.15:307][678]CompilerResultsLog:   Running UnrealHeaderTool "D:\College Stuff\Unity\GemChasers\GemChasers\GemChasers.uproject" "D:\College Stuff\Unity\GemChasers\GemChasers\Intermediate\Build\Win64\GemChasersEditor\Development\GemChasersEditor.uhtmanifest" -LogCmds="loginit warning, logexit warning, logdatabase error" -Unattended -WarningsAsErrors -installed
[2020.02.12-16.09.15:307][678]CompilerResultsLog: Reflection code generated for GemChasersEditor in 40.4968137 seconds
[2020.02.12-16.09.15:307][678]CompilerResultsLog: Building GemChasersEditor...
[2020.02.12-16.09.15:307][678]CompilerResultsLog: Using Visual Studio 2019 14.25.28508 toolchain (C:\Program Files (x86)\Microsoft Visual Studio\2019\Preview\VC\Tools\MSVC\14.25.28508) and Windows 10.0.16299.0 SDK (C:\Program Files (x86)\Windows Kits\10).
[2020.02.12-16.09.15:307][678]CompilerResultsLog: [Upgrade]
[2020.02.12-16.09.15:307][678]CompilerResultsLog: [Upgrade] Using backward-compatible build settings. The latest version of UE4 sets the following values by default, which may require code changes:
[2020.02.12-16.09.15:307][678]CompilerResultsLog: [Upgrade]     bLegacyPublicIncludePaths = false                 => Omits subfolders from public include paths to reduce compiler command line length. (Previously: true).
[2020.02.12-16.09.15:307][678]CompilerResultsLog: [Upgrade]     ShadowVariableWarningLevel = WarningLevel.Error   => Treats shadowed variable warnings as errors. (Previously: WarningLevel.Warning).
[2020.02.12-16.09.15:307][678]CompilerResultsLog: [Upgrade]     PCHUsage = PCHUsageMode.UseExplicitOrSharedPCHs   => Set in build.cs files to enables IWYU-style PCH model. See https://docs.unrealengine.com/en-US/Programming/BuildTools/UnrealBuildTool/IWYU/index.html. (Previously: PCHUsageMode.UseSharedPCHs).
[2020.02.12-16.09.15:307][678]CompilerResultsLog: [Upgrade] Suppress this message by setting 'DefaultBuildSettings = BuildSettingsVersion.V2;' in GemChasersEditor.Target.cs, and explicitly overriding settings that differ from the new defaults.
[2020.02.12-16.09.15:307][678]CompilerResultsLog: [Upgrade]
[2020.02.12-16.09.15:307][678]CompilerResultsLog: Building 3 actions with 8 processes...
[2020.02.12-16.09.15:307][678]CompilerResultsLog:   [1/3] UE4Editor-GemChasers-4056.lib
[2020.02.12-16.09.15:307][678]CompilerResultsLog:      Creating library D:\College Stuff\Unity\GemChasers\GemChasers\Intermediate\Build\Win64\UE4Editor\Development\GemChasers\UE4Editor-GemChasers-4056.lib and object D:\College Stuff\Unity\GemChasers\GemChasers\Intermediate\Build\Win64\UE4Editor\Development\GemChasers\UE4Editor-GemChasers-4056.exp
[2020.02.12-16.09.15:307][678]CompilerResultsLog:   [2/3] UE4Editor-GemChasers-4056.dll
[2020.02.12-16.09.15:307][678]CompilerResultsLog:      Creating library D:\College Stuff\Unity\GemChasers\GemChasers\Intermediate\Build\Win64\UE4Editor\Development\GemChasers\UE4Editor-GemChasers-4056.suppressed.lib and object D:\College Stuff\Unity\GemChasers\GemChasers\Intermediate\Build\Win64\UE4Editor\Development\GemChasers\UE4Editor-GemChasers-4056.suppressed.exp
[2020.02.12-16.09.15:307][678]CompilerResultsLog:   [3/3] GemChasersEditor.target
[2020.02.12-16.09.15:307][678]CompilerResultsLog: Total time in Parallel executor: 4.74 seconds
[2020.02.12-16.09.15:307][678]CompilerResultsLog: Total execution time: 51.37 seconds
[2020.02.12-16.09.15:307][678]LogMainFrame: MainFrame: Module compiling took 51.596 seconds
[2020.02.12-16.09.15:338][678]LogUObjectHash: Compacting FUObjectHashTables data took   0.93ms
[2020.02.12-16.09.15:369][678]LogContentBrowser: Native class hierarchy updated for 'GemChasers' in 0.0004 seconds. Added 9 classes and 2 folders.
[2020.02.12-16.09.15:372][678]Display: HotReload successful (8 functions remapped  0 scriptstructs remapped)
[2020.02.12-16.09.15:749][678]LogUObjectHash: Compacting FUObjectHashTables data took   1.44ms
[2020.02.12-16.09.15:763][678]LogContentBrowser: Native class hierarchy populated in 0.0090 seconds. Added 3026 classes and 722 folders.
[2020.02.12-16.09.15:763][678]Display: HotReload took 52.1s.
[2020.02.12-16.09.30:807][463]LogSlate: Took 0.000139 seconds to synchronously load lazily loaded font '../../../Engine/Content/Slate/Fonts/Roboto-Light.ttf' (167K)
[2020.02.12-16.09.30:826][463]LogAssetEditorSubsystem: Opening Asset editor for Class /Script/GemChasers.PlayerPawn
[2020.02.12-16.13.33:293][223]Candidate modules for hot reload:
[2020.02.12-16.13.33:293][223]  GemChasers
[2020.02.12-16.13.33:293][223]Launching UnrealBuildTool... [D:/Epic Games/UE_4.24/Engine/Binaries/DotNET/UnrealBuildTool.exe  -ModuleWithSuffix=GemChasers,4850 Win64 Development -TargetType=Editor -Project="D:/College Stuff/Unity/GemChasers/GemChasers/GemChasers.uproject" "D:/College Stuff/Unity/GemChasers/GemChasers/GemChasers.uproject"  -IgnoreJunk]
[2020.02.12-16.13.33:468][223]Warning: Starting HotReload took  0.3s.
[2020.02.12-16.19.11:448][425]CompilerResultsLog: New page: Compilation - Feb 12, 2020, 6:19:11 AM
[2020.02.12-16.19.11:449][425]CompilerResultsLog: Using 'git status' to determine working set for adaptive non-unity build (D:\College Stuff\Unity\GemChasers).
[2020.02.12-16.19.11:449][425]CompilerResultsLog: Parsing headers for GemChasersEditor
[2020.02.12-16.19.11:449][425]CompilerResultsLog:   Running UnrealHeaderTool "D:\College Stuff\Unity\GemChasers\GemChasers\GemChasers.uproject" "D:\College Stuff\Unity\GemChasers\GemChasers\Intermediate\Build\Win64\GemChasersEditor\Development\GemChasersEditor.uhtmanifest" -LogCmds="loginit warning, logexit warning, logdatabase error" -Unattended -WarningsAsErrors -installed
[2020.02.12-16.19.11:449][425]CompilerResultsLog: Reflection code generated for GemChasersEditor in 20.9082057 seconds
[2020.02.12-16.19.11:449][425]CompilerResultsLog: Building GemChasersEditor...
[2020.02.12-16.19.11:449][425]CompilerResultsLog: Using Visual Studio 2019 14.25.28508 toolchain (C:\Program Files (x86)\Microsoft Visual Studio\2019\Preview\VC\Tools\MSVC\14.25.28508) and Windows 10.0.16299.0 SDK (C:\Program Files (x86)\Windows Kits\10).
[2020.02.12-16.19.11:449][425]CompilerResultsLog: [Upgrade]
[2020.02.12-16.19.11:449][425]CompilerResultsLog: [Upgrade] Using backward-compatible build settings. The latest version of UE4 sets the following values by default, which may require code changes:
[2020.02.12-16.19.11:449][425]CompilerResultsLog: [Upgrade]     bLegacyPublicIncludePaths = false                 => Omits subfolders from public include paths to reduce compiler command line length. (Previously: true).
[2020.02.12-16.19.11:449][425]CompilerResultsLog: [Upgrade]     ShadowVariableWarningLevel = WarningLevel.Error   => Treats shadowed variable warnings as errors. (Previously: WarningLevel.Warning).
[2020.02.12-16.19.11:449][425]CompilerResultsLog: [Upgrade]     PCHUsage = PCHUsageMode.UseExplicitOrSharedPCHs   => Set in build.cs files to enables IWYU-style PCH model. See https://docs.unrealengine.com/en-US/Programming/BuildTools/UnrealBuildTool/IWYU/index.html. (Previously: PCHUsageMode.UseSharedPCHs).
[2020.02.12-16.19.11:449][425]CompilerResultsLog: [Upgrade] Suppress this message by setting 'DefaultBuildSettings = BuildSettingsVersion.V2;' in GemChasersEditor.Target.cs, and explicitly overriding settings that differ from the new defaults.
[2020.02.12-16.19.11:449][425]CompilerResultsLog: [Upgrade]
[2020.02.12-16.19.11:449][425]CompilerResultsLog: Building 4 actions with 8 processes...
[2020.02.12-16.19.11:449][425]CompilerResultsLog:   [1/4] PlayerPawn.cpp
[2020.02.12-16.19.11:449][425]CompilerResultsLog:    D:\Epic Games\UE_4.24\Engine\Source\Runtime\CoreUObject\Public\UObject/UObjectBaseUtility.h(503) : error C2027: use of undefined type 'ATestEnemy'
[2020.02.12-16.19.11:449][425]CompilerResultsLog:   D:\College Stuff\Unity\GemChasers\GemChasers\Source\GemChasers\BattleArea.h(30): note: see declaration of 'ATestEnemy'
[2020.02.12-16.19.11:449][425]CompilerResultsLog:   D:\Epic Games\UE_4.24\Engine\Source\Runtime\CoreUObject\Public\Templates/Casts.h(131): note: see reference to function template instantiation 'bool UObjectBaseUtility::IsA<To>(void) const' being compiled
[2020.02.12-16.19.11:449][425]CompilerResultsLog:           with
[2020.02.12-16.19.11:450][425]CompilerResultsLog:           [
[2020.02.12-16.19.11:450][425]CompilerResultsLog:               To=ATestEnemy
[2020.02.12-16.19.11:450][425]CompilerResultsLog:           ]
[2020.02.12-16.19.11:450][425]CompilerResultsLog:   D:\Epic Games\UE_4.24\Engine\Source\Runtime\CoreUObject\Public\Templates/Casts.h(130): note: while compiling class template member function 'To *TCastImpl<From,To,ECastType::UObjectToUObject>::DoCast(UObject *)'
[2020.02.12-16.19.11:450][425]CompilerResultsLog:           with
[2020.02.12-16.19.11:450][425]CompilerResultsLog:           [
[2020.02.12-16.19.11:450][425]CompilerResultsLog:               To=ATestEnemy,
[2020.02.12-16.19.11:450][425]CompilerResultsLog:               From=AActor
[2020.02.12-16.19.11:450][425]CompilerResultsLog:           ]
[2020.02.12-16.19.11:450][425]CompilerResultsLog:   D:\Epic Games\UE_4.24\Engine\Source\Runtime\CoreUObject\Public\Templates/Casts.h(195): note: see reference to function template instantiation 'To *TCastImpl<From,To,ECastType::UObjectToUObject>::DoCast(UObject *)' being compiled
[2020.02.12-16.19.11:450][425]CompilerResultsLog:           with
[2020.02.12-16.19.11:450][425]CompilerResultsLog:           [
[2020.02.12-16.19.11:450][425]CompilerResultsLog:               To=ATestEnemy,
[2020.02.12-16.19.11:450][425]CompilerResultsLog:               From=AActor
[2020.02.12-16.19.11:450][425]CompilerResultsLog:           ]
[2020.02.12-16.19.11:450][425]CompilerResultsLog:   D:\Epic Games\UE_4.24\Engine\Source\Runtime\CoreUObject\Public\Templates/Casts.h(195): note: see reference to class template instantiation 'TCastImpl<From,To,ECastType::UObjectToUObject>' being compiled
[2020.02.12-16.19.11:450][425]CompilerResultsLog:           with
[2020.02.12-16.19.11:450][425]CompilerResultsLog:           [
[2020.02.12-16.19.11:450][425]CompilerResultsLog:               From=AActor,
[2020.02.12-16.19.11:450][425]CompilerResultsLog:               To=ATestEnemy
[2020.02.12-16.19.11:450][425]CompilerResultsLog:           ]
[2020.02.12-16.19.11:450][425]CompilerResultsLog:   D:\College Stuff\Unity\GemChasers\GemChasers\Source\GemChasers\PlayerPawn.cpp(78): note: see reference to function template instantiation 'To *Cast<ATestEnemy,AActor>(From *)' being compiled
[2020.02.12-16.19.11:450][425]CompilerResultsLog:           with
[2020.02.12-16.19.11:450][425]CompilerResultsLog:           [
[2020.02.12-16.19.11:450][425]CompilerResultsLog:               To=ATestEnemy,
[2020.02.12-16.19.11:450][425]CompilerResultsLog:               From=AActor
[2020.02.12-16.19.11:450][425]CompilerResultsLog:           ]
[2020.02.12-16.19.11:450][425]CompilerResultsLog:    D:\Epic Games\UE_4.24\Engine\Source\Runtime\CoreUObject\Public\UObject/UObjectBaseUtility.h(503) : error C2672: 'StaticClass': no matching overloaded function found
[2020.02.12-16.19.11:450][425]CompilerResultsLog:    D:\Epic Games\UE_4.24\Engine\Source\Runtime\CoreUObject\Public\UObject/UObjectBaseUtility.h(503) : error C2783: 'UClass *StaticClass(void)': could not deduce template argument for 'ClassType'
[2020.02.12-16.19.11:450][425]CompilerResultsLog:   D:\Epic Games\UE_4.24\Engine\Source\Runtime\CoreUObject\Public\UObject/ReflectedTypeAccessors.h(13): note: see declaration of 'StaticClass'
[2020.02.12-16.19.11:450][425]CompilerResultsLog:    D:\Epic Games\UE_4.24\Engine\Source\Runtime\CoreUObject\Public\UObject/UObjectBaseUtility.h(503) : error C2672: 'UObjectBaseUtility::IsA': no matching overloaded function found
[2020.02.12-16.19.11:450][425]CompilerResultsLog:    D:\Epic Games\UE_4.24\Engine\Source\Runtime\CoreUObject\Public\UObject/UObjectBaseUtility.h(503) : error C2780: 'bool UObjectBaseUtility::IsA(void) const': expects 0 arguments - 1 provided
[2020.02.12-16.19.11:450][425]CompilerResultsLog:   D:\Epic Games\UE_4.24\Engine\Source\Runtime\CoreUObject\Public\UObject/UObjectBaseUtility.h(501): note: see declaration of 'UObjectBaseUtility::IsA'
[2020.02.12-16.19.11:450][425]LogMainFrame: MainFrame: Module compiling took 338.191 seconds
[2020.02.12-16.19.11:451][425]Warning: HotReload failed, recompile failed
[2020.02.12-16.20.49:862][768]Candidate modules for hot reload:
[2020.02.12-16.20.49:862][768]  GemChasers
[2020.02.12-16.20.49:862][768]Launching UnrealBuildTool... [D:/Epic Games/UE_4.24/Engine/Binaries/DotNET/UnrealBuildTool.exe  -ModuleWithSuffix=GemChasers,297 Win64 Development -TargetType=Editor -Project="D:/College Stuff/Unity/GemChasers/GemChasers/GemChasers.uproject" "D:/College Stuff/Unity/GemChasers/GemChasers/GemChasers.uproject"  -IgnoreJunk]
[2020.02.12-16.20.49:871][768]Warning: Starting HotReload took  0.0s.
[2020.02.12-16.21.12:471][110]CompilerResultsLog: New page: Compilation - Feb 12, 2020, 6:21:12 AM
[2020.02.12-16.21.12:471][110]CompilerResultsLog: Using 'git status' to determine working set for adaptive non-unity build (D:\College Stuff\Unity\GemChasers).
[2020.02.12-16.21.12:471][110]CompilerResultsLog: Parsing headers for GemChasersEditor
[2020.02.12-16.21.12:472][110]CompilerResultsLog:   Running UnrealHeaderTool "D:\College Stuff\Unity\GemChasers\GemChasers\GemChasers.uproject" "D:\College Stuff\Unity\GemChasers\GemChasers\Intermediate\Build\Win64\GemChasersEditor\Development\GemChasersEditor.uhtmanifest" -LogCmds="loginit warning, logexit warning, logdatabase error" -Unattended -WarningsAsErrors -installed
[2020.02.12-16.21.12:472][110]CompilerResultsLog: Reflection code generated for GemChasersEditor in 7.8823027 seconds
[2020.02.12-16.21.12:472][110]CompilerResultsLog: Building GemChasersEditor...
[2020.02.12-16.21.12:472][110]CompilerResultsLog: Using Visual Studio 2019 14.25.28508 toolchain (C:\Program Files (x86)\Microsoft Visual Studio\2019\Preview\VC\Tools\MSVC\14.25.28508) and Windows 10.0.16299.0 SDK (C:\Program Files (x86)\Windows Kits\10).
[2020.02.12-16.21.12:472][110]CompilerResultsLog: [Upgrade]
[2020.02.12-16.21.12:472][110]CompilerResultsLog: [Upgrade] Using backward-compatible build settings. The latest version of UE4 sets the following values by default, which may require code changes:
[2020.02.12-16.21.12:472][110]CompilerResultsLog: [Upgrade]     bLegacyPublicIncludePaths = false                 => Omits subfolders from public include paths to reduce compiler command line length. (Previously: true).
[2020.02.12-16.21.12:472][110]CompilerResultsLog: [Upgrade]     ShadowVariableWarningLevel = WarningLevel.Error   => Treats shadowed variable warnings as errors. (Previously: WarningLevel.Warning).
[2020.02.12-16.21.12:472][110]CompilerResultsLog: [Upgrade]     PCHUsage = PCHUsageMode.UseExplicitOrSharedPCHs   => Set in build.cs files to enables IWYU-style PCH model. See https://docs.unrealengine.com/en-US/Programming/BuildTools/UnrealBuildTool/IWYU/index.html. (Previously: PCHUsageMode.UseSharedPCHs).
[2020.02.12-16.21.12:472][110]CompilerResultsLog: [Upgrade] Suppress this message by setting 'DefaultBuildSettings = BuildSettingsVersion.V2;' in GemChasersEditor.Target.cs, and explicitly overriding settings that differ from the new defaults.
[2020.02.12-16.21.12:472][110]CompilerResultsLog: [Upgrade]
[2020.02.12-16.21.12:472][110]CompilerResultsLog: Building 8 actions with 8 processes...
[2020.02.12-16.21.12:472][110]CompilerResultsLog:   [1/8] GemChasers.init.gen.cpp
[2020.02.12-16.21.12:472][110]CompilerResultsLog:   [2/8] BattleAreaSpawnPoint.cpp
[2020.02.12-16.21.12:472][110]CompilerResultsLog:   [3/8] BattleArea.gen.cpp
[2020.02.12-16.21.12:472][110]CompilerResultsLog:   [4/8] PlayerPawn.cpp
[2020.02.12-16.21.12:472][110]CompilerResultsLog:    D:\Epic Games\UE_4.24\Engine\Source\Runtime\CoreUObject\Public\UObject/UObjectBaseUtility.h(503) : error C2027: use of undefined type 'ATestEnemy'
[2020.02.12-16.21.12:472][110]CompilerResultsLog:   D:\College Stuff\Unity\GemChasers\GemChasers\Source\GemChasers\BattleArea.h(30): note: see declaration of 'ATestEnemy'
[2020.02.12-16.21.12:472][110]CompilerResultsLog:   D:\Epic Games\UE_4.24\Engine\Source\Runtime\CoreUObject\Public\Templates/Casts.h(131): note: see reference to function template instantiation 'bool UObjectBaseUtility::IsA<To>(void) const' being compiled
[2020.02.12-16.21.12:472][110]CompilerResultsLog:           with
[2020.02.12-16.21.12:472][110]CompilerResultsLog:           [
[2020.02.12-16.21.12:472][110]CompilerResultsLog:               To=ATestEnemy
[2020.02.12-16.21.12:473][110]CompilerResultsLog:           ]
[2020.02.12-16.21.12:473][110]CompilerResultsLog:   D:\Epic Games\UE_4.24\Engine\Source\Runtime\CoreUObject\Public\Templates/Casts.h(130): note: while compiling class template member function 'To *TCastImpl<From,To,ECastType::UObjectToUObject>::DoCast(UObject *)'
[2020.02.12-16.21.12:473][110]CompilerResultsLog:           with
[2020.02.12-16.21.12:473][110]CompilerResultsLog:           [
[2020.02.12-16.21.12:473][110]CompilerResultsLog:               To=ATestEnemy,
[2020.02.12-16.21.12:473][110]CompilerResultsLog:               From=AActor
[2020.02.12-16.21.12:473][110]CompilerResultsLog:           ]
[2020.02.12-16.21.12:473][110]CompilerResultsLog:   D:\Epic Games\UE_4.24\Engine\Source\Runtime\CoreUObject\Public\Templates/Casts.h(195): note: see reference to function template instantiation 'To *TCastImpl<From,To,ECastType::UObjectToUObject>::DoCast(UObject *)' being compiled
[2020.02.12-16.21.12:473][110]CompilerResultsLog:           with
[2020.02.12-16.21.12:473][110]CompilerResultsLog:           [
[2020.02.12-16.21.12:473][110]CompilerResultsLog:               To=ATestEnemy,
[2020.02.12-16.21.12:473][110]CompilerResultsLog:               From=AActor
[2020.02.12-16.21.12:473][110]CompilerResultsLog:           ]
[2020.02.12-16.21.12:473][110]CompilerResultsLog:   D:\Epic Games\UE_4.24\Engine\Source\Runtime\CoreUObject\Public\Templates/Casts.h(195): note: see reference to class template instantiation 'TCastImpl<From,To,ECastType::UObjectToUObject>' being compiled
[2020.02.12-16.21.12:473][110]CompilerResultsLog:           with
[2020.02.12-16.21.12:473][110]CompilerResultsLog:           [
[2020.02.12-16.21.12:473][110]CompilerResultsLog:               From=AActor,
[2020.02.12-16.21.12:473][110]CompilerResultsLog:               To=ATestEnemy
[2020.02.12-16.21.12:473][110]CompilerResultsLog:           ]
[2020.02.12-16.21.12:473][110]CompilerResultsLog:   D:\College Stuff\Unity\GemChasers\GemChasers\Source\GemChasers\PlayerPawn.cpp(78): note: see reference to function template instantiation 'To *Cast<ATestEnemy,AActor>(From *)' being compiled
[2020.02.12-16.21.12:473][110]CompilerResultsLog:           with
[2020.02.12-16.21.12:473][110]CompilerResultsLog:           [
[2020.02.12-16.21.12:473][110]CompilerResultsLog:               To=ATestEnemy,
[2020.02.12-16.21.12:473][110]CompilerResultsLog:               From=AActor
[2020.02.12-16.21.12:473][110]CompilerResultsLog:           ]
[2020.02.12-16.21.12:473][110]CompilerResultsLog:    D:\Epic Games\UE_4.24\Engine\Source\Runtime\CoreUObject\Public\UObject/UObjectBaseUtility.h(503) : error C2672: 'StaticClass': no matching overloaded function found
[2020.02.12-16.21.12:473][110]CompilerResultsLog:    D:\Epic Games\UE_4.24\Engine\Source\Runtime\CoreUObject\Public\UObject/UObjectBaseUtility.h(503) : error C2783: 'UClass *StaticClass(void)': could not deduce template argument for 'ClassType'
[2020.02.12-16.21.12:473][110]CompilerResultsLog:   D:\Epic Games\UE_4.24\Engine\Source\Runtime\CoreUObject\Public\UObject/ReflectedTypeAccessors.h(13): note: see declaration of 'StaticClass'
[2020.02.12-16.21.12:473][110]CompilerResultsLog:    D:\Epic Games\UE_4.24\Engine\Source\Runtime\CoreUObject\Public\UObject/UObjectBaseUtility.h(503) : error C2672: 'UObjectBaseUtility::IsA': no matching overloaded function found
[2020.02.12-16.21.12:473][110]CompilerResultsLog:    D:\Epic Games\UE_4.24\Engine\Source\Runtime\CoreUObject\Public\UObject/UObjectBaseUtility.h(503) : error C2780: 'bool UObjectBaseUtility::IsA(void) const': expects 0 arguments - 1 provided
[2020.02.12-16.21.12:473][110]CompilerResultsLog:   D:\Epic Games\UE_4.24\Engine\Source\Runtime\CoreUObject\Public\UObject/UObjectBaseUtility.h(501): note: see declaration of 'UObjectBaseUtility::IsA'
[2020.02.12-16.21.12:473][110]CompilerResultsLog:   [5/8] BattleArea.cpp
[2020.02.12-16.21.12:473][110]LogMainFrame: MainFrame: Module compiling took 22.620 seconds
[2020.02.12-16.21.12:473][110]Warning: HotReload failed, recompile failed
[2020.02.12-16.22.56:295][ 12]LogSlate: Window 'Message Log' being destroyed
[2020.02.12-16.22.56:303][ 12]LogSlate: Window 'Message Log' being destroyed
[2020.02.12-16.24.03:327][347]Candidate modules for hot reload:
[2020.02.12-16.24.03:327][347]  GemChasers
[2020.02.12-16.24.03:327][347]Launching UnrealBuildTool... [D:/Epic Games/UE_4.24/Engine/Binaries/DotNET/UnrealBuildTool.exe  -ModuleWithSuffix=GemChasers,4258 Win64 Development -TargetType=Editor -Project="D:/College Stuff/Unity/GemChasers/GemChasers/GemChasers.uproject" "D:/College Stuff/Unity/GemChasers/GemChasers/GemChasers.uproject"  -IgnoreJunk]
[2020.02.12-16.24.03:335][347]Warning: Starting HotReload took  0.0s.
[2020.02.12-16.24.24:250][588]CompilerResultsLog: New page: Compilation - Feb 12, 2020, 6:24:24 AM
[2020.02.12-16.24.24:251][588]CompilerResultsLog: Using 'git status' to determine working set for adaptive non-unity build (D:\College Stuff\Unity\GemChasers).
[2020.02.12-16.24.24:251][588]CompilerResultsLog: Parsing headers for GemChasersEditor
[2020.02.12-16.24.24:251][588]CompilerResultsLog:   Running UnrealHeaderTool "D:\College Stuff\Unity\GemChasers\GemChasers\GemChasers.uproject" "D:\College Stuff\Unity\GemChasers\GemChasers\Intermediate\Build\Win64\GemChasersEditor\Development\GemChasersEditor.uhtmanifest" -LogCmds="loginit warning, logexit warning, logdatabase error" -Unattended -WarningsAsErrors -installed
[2020.02.12-16.24.24:251][588]CompilerResultsLog: Reflection code generated for GemChasersEditor in 7.9046795 seconds
[2020.02.12-16.24.24:251][588]CompilerResultsLog: Building GemChasersEditor...
[2020.02.12-16.24.24:251][588]CompilerResultsLog: Using Visual Studio 2019 14.25.28508 toolchain (C:\Program Files (x86)\Microsoft Visual Studio\2019\Preview\VC\Tools\MSVC\14.25.28508) and Windows 10.0.16299.0 SDK (C:\Program Files (x86)\Windows Kits\10).
[2020.02.12-16.24.24:251][588]CompilerResultsLog: [Upgrade]
[2020.02.12-16.24.24:251][588]CompilerResultsLog: [Upgrade] Using backward-compatible build settings. The latest version of UE4 sets the following values by default, which may require code changes:
[2020.02.12-16.24.24:251][588]CompilerResultsLog: [Upgrade]     bLegacyPublicIncludePaths = false                 => Omits subfolders from public include paths to reduce compiler command line length. (Previously: true).
[2020.02.12-16.24.24:251][588]CompilerResultsLog: [Upgrade]     ShadowVariableWarningLevel = WarningLevel.Error   => Treats shadowed variable warnings as errors. (Previously: WarningLevel.Warning).
[2020.02.12-16.24.24:251][588]CompilerResultsLog: [Upgrade]     PCHUsage = PCHUsageMode.UseExplicitOrSharedPCHs   => Set in build.cs files to enables IWYU-style PCH model. See https://docs.unrealengine.com/en-US/Programming/BuildTools/UnrealBuildTool/IWYU/index.html. (Previously: PCHUsageMode.UseSharedPCHs).
[2020.02.12-16.24.24:251][588]CompilerResultsLog: [Upgrade] Suppress this message by setting 'DefaultBuildSettings = BuildSettingsVersion.V2;' in GemChasersEditor.Target.cs, and explicitly overriding settings that differ from the new defaults.
[2020.02.12-16.24.24:251][588]CompilerResultsLog: [Upgrade]
[2020.02.12-16.24.24:251][588]CompilerResultsLog: Building 4 actions with 8 processes...
[2020.02.12-16.24.24:251][588]CompilerResultsLog:   [1/4] PlayerPawn.cpp
[2020.02.12-16.24.24:251][588]CompilerResultsLog:   [2/4] UE4Editor-GemChasers-4258.lib
[2020.02.12-16.24.24:251][588]CompilerResultsLog:      Creating library D:\College Stuff\Unity\GemChasers\GemChasers\Intermediate\Build\Win64\UE4Editor\Development\GemChasers\UE4Editor-GemChasers-4258.lib and object D:\College Stuff\Unity\GemChasers\GemChasers\Intermediate\Build\Win64\UE4Editor\Development\GemChasers\UE4Editor-GemChasers-4258.exp
[2020.02.12-16.24.24:251][588]CompilerResultsLog:   [3/4] UE4Editor-GemChasers-4258.dll
[2020.02.12-16.24.24:251][588]CompilerResultsLog:      Creating library D:\College Stuff\Unity\GemChasers\GemChasers\Intermediate\Build\Win64\UE4Editor\Development\GemChasers\UE4Editor-GemChasers-4258.suppressed.lib and object D:\College Stuff\Unity\GemChasers\GemChasers\Intermediate\Build\Win64\UE4Editor\Development\GemChasers\UE4Editor-GemChasers-4258.suppressed.exp
[2020.02.12-16.24.24:251][588]CompilerResultsLog:   [4/4] GemChasersEditor.target
[2020.02.12-16.24.24:251][588]CompilerResultsLog: Total time in Parallel executor: 11.62 seconds
[2020.02.12-16.24.24:251][588]CompilerResultsLog: Total execution time: 20.79 seconds
[2020.02.12-16.24.24:251][588]LogMainFrame: MainFrame: Module compiling took 20.934 seconds
[2020.02.12-16.24.24:279][588]LogUObjectHash: Compacting FUObjectHashTables data took   0.77ms
[2020.02.12-16.24.24:299][588]LogClass: Could not find existing class BattleArea in package /Script/GemChasers for HotReload, assuming new class
[2020.02.12-16.24.24:299][588]LogClass: Function OnOverlap is new.
[2020.02.12-16.24.24:312][588]LogHotReload: Re-instancing BattleArea after hot-reload.
[2020.02.12-16.24.24:615][588]LogContentBrowser: Native class hierarchy updated for 'GemChasers' in 0.0005 seconds. Added 9 classes and 2 folders.
[2020.02.12-16.24.24:617][588]Display: HotReload successful (7 functions remapped  0 scriptstructs remapped)
[2020.02.12-16.24.24:682][588]LogUObjectHash: Compacting FUObjectHashTables data took   2.11ms
[2020.02.12-16.24.24:696][588]LogContentBrowser: Native class hierarchy populated in 0.0086 seconds. Added 3026 classes and 722 folders.
[2020.02.12-16.24.24:696][588]Display: HotReload took 21.4s.
[2020.02.12-16.24.28:801][828]LogTemp: Repeating last play command: Selected Viewport
[2020.02.12-16.24.28:871][828]LogPlayLevel: PlayLevel: No blueprints needed recompiling
[2020.02.12-16.24.28:871][828]PIE: New page: PIE session: TestMap (Feb 12, 2020, 6:24:28 AM)
[2020.02.12-16.24.28:938][828]LogOnline: OSS: Creating online subsystem instance for: NULL
[2020.02.12-16.24.28:947][828]LogOnline: OSS: TryLoadSubsystemAndSetDefault: Loaded subsystem for module [NULL]
[2020.02.12-16.24.28:947][828]LogPlayLevel: Creating play world package: /Game/Maps/UEDPIE_0_TestMap
[2020.02.12-16.24.28:963][828]LogPlayLevel: PIE: StaticDuplicateObject took: (0.016076s)
[2020.02.12-16.24.28:976][828]LogAIModule: Creating AISystem for world TestMap
[2020.02.12-16.24.28:976][828]LogPlayLevel: PIE: World Init took: (0.012989s)
[2020.02.12-16.24.28:991][828]LogPlayLevel: PIE: Created PIE world by copying editor world from /Game/Maps/TestMap.TestMap to /Game/Maps/UEDPIE_0_TestMap.TestMap (0.043768s)
[2020.02.12-16.24.29:016][828]LogUObjectHash: Compacting FUObjectHashTables data took   1.56ms
[2020.02.12-16.24.29:017][828]LogAudioMixer: Display: Audio Mixer Platform Settings:
[2020.02.12-16.24.29:017][828]LogAudioMixer: Display: 	Sample Rate:						  48000
[2020.02.12-16.24.29:017][828]LogAudioMixer: Display: 	Callback Buffer Frame Size Requested: 1024
[2020.02.12-16.24.29:017][828]LogAudioMixer: Display: 	Callback Buffer Frame Size To Use:	  1024
[2020.02.12-16.24.29:017][828]LogAudioMixer: Display: 	Number of buffers to queue:			  2
[2020.02.12-16.24.29:017][828]LogAudioMixer: Display: 	Max Channels (voices):				  32
[2020.02.12-16.24.29:017][828]LogAudioMixer: Display: 	Number of Async Source Workers:		  0
[2020.02.12-16.24.29:017][828]LogAudio: Display: AudioDevice MaxSources: 32
[2020.02.12-16.24.29:018][828]LogAudio: Display: Using built-in audio occlusion.
[2020.02.12-16.24.29:018][828]LogAudioMixer: Display: Initializing audio mixer.
[2020.02.12-16.24.29:036][828]LogAudioMixer: Display: Audio Device Output Speaker Info:
[2020.02.12-16.24.29:036][828]LogAudioMixer: Display: Name: Headphones (2- Xbox Controller)
[2020.02.12-16.24.29:036][828]LogAudioMixer: Display: Is Default: Yes
[2020.02.12-16.24.29:036][828]LogAudioMixer: Display: Sample Rate: 48000
[2020.02.12-16.24.29:036][828]LogAudioMixer: Display: Channel Count Used: 2
[2020.02.12-16.24.29:036][828]LogAudioMixer: Display: Device Channel Count: 2
[2020.02.12-16.24.29:037][828]LogAudioMixer: Display: Channel Order:
[2020.02.12-16.24.29:037][828]LogAudioMixer: Display: 0: FrontLeft
[2020.02.12-16.24.29:037][828]LogAudioMixer: Display: 1: FrontRight
[2020.02.12-16.24.29:052][828]LogAudioMixer: Display: Using Audio Device Headphones (2- Xbox Controller)
[2020.02.12-16.24.29:053][828]LogInit: FAudioDevice initialized.
[2020.02.12-16.24.29:145][828]LogLoad: Game class is 'BP_MainGamemode_C'
[2020.02.12-16.24.29:178][828]LogWorld: Bringing World /Game/Maps/UEDPIE_0_TestMap.TestMap up for play (max tick rate 60) at 2020.02.12-11.24.29
[2020.02.12-16.24.29:179][828]LogWorld: Bringing up level for play took: 0.000726
[2020.02.12-16.24.29:179][828]LogOnline: OSS: Creating online subsystem instance for: :Context_3
[2020.02.12-16.24.29:325][828]LogContentBrowser: Native class hierarchy updated for 'MovieSceneCapture' in 0.0007 seconds. Added 20 classes and 0 folders.
[2020.02.12-16.24.29:327][828]PIE: Play in editor start time for /Game/Maps/UEDPIE_0_TestMap 1.231
[2020.02.12-16.24.34:459][128]LogAudioMixer: Display: No commands were queued while flushing the source manager.
[2020.02.12-16.24.34:459][128]LogAudioMixer: Display: No commands were queued while flushing the source manager.
[2020.02.12-16.24.34:459][128]LogSlate: Updating window title bar state: overlay mode, drag disabled, window buttons hidden, title bar hidden
[2020.02.12-16.24.34:459][128]LogWorld: BeginTearingDown for /Game/Maps/UEDPIE_0_TestMap
[2020.02.12-16.24.34:459][128]LogAudioMixer: Display: No commands were queued while flushing the source manager.
[2020.02.12-16.24.34:469][128]LogWorld: UWorld::CleanupWorld for TestMap, bSessionEnded=true, bCleanupResources=true
[2020.02.12-16.24.34:469][128]LogSlate: InvalidateAllWidgets triggered.  All widgets were invalidated
[2020.02.12-16.24.34:475][128]LogPlayLevel: Display: Shutting down PIE online subsystems
[2020.02.12-16.24.34:478][128]LogSlate: InvalidateAllWidgets triggered.  All widgets were invalidated
[2020.02.12-16.24.34:502][128]LogAudioMixer: Display: No commands were queued while flushing the source manager.
[2020.02.12-16.24.34:505][128]LogSlate: Updating window title bar state: overlay mode, drag disabled, window buttons hidden, title bar hidden
[2020.02.12-16.24.34:574][128]LogUObjectHash: Compacting FUObjectHashTables data took   2.28ms
[2020.02.12-16.24.34:601][129]LogPlayLevel: Display: Destroying online subsystem :Context_3
[2020.02.12-16.24.36:452][237]Cmd: SELECT NONE
[2020.02.12-16.24.39:001][376]LogUObjectHash: Compacting FUObjectHashTables data took   0.64ms
