Log file open, 02/10/20 14:41:53
LogWindows: Failed to load 'aqProf.dll' (GetLastError=126)
LogWindows: File 'aqProf.dll' does not exist
LogWindows: Failed to load 'VtuneApi.dll' (GetLastError=126)
LogWindows: File 'VtuneApi.dll' does not exist
LogWindows: Failed to load 'VtuneApi32e.dll' (GetLastError=126)
LogWindows: File 'VtuneApi32e.dll' does not exist
LogConsoleResponse: Display: Failed to find resolution value strings in scalability ini. Falling back to default.
LogInit: Display: Running engine for game: GemChasers
LogPlatformFile: Not using cached read wrapper
LogTaskGraph: Started task graph with 5 named threads and 23 total threads with 3 sets of task threads.
LogStats: Stats thread started at 7.090797
LogD3D11RHI: Loaded GFSDK_Aftermath_Lib.x64.dll
LogICUInternationalization: ICU TimeZone Detection - Raw Offset: -5:00, Platform Override: ''
LogPluginManager: Mounting plugin Paper2D
LogPluginManager: Mounting plugin AISupport
LogPluginManager: Mounting plugin LightPropagationVolume
LogPluginManager: Mounting plugin ActorLayerUtilities
LogPluginManager: Mounting plugin AnimationSharing
LogPluginManager: Mounting plugin CLionSourceCodeAccess
LogPluginManager: Mounting plugin CodeLiteSourceCodeAccess
LogPluginManager: Mounting plugin GitSourceControl
LogPluginManager: Mounting plugin KDevelopSourceCodeAccess
LogPluginManager: Mounting plugin NullSourceCodeAccess
LogPluginManager: Mounting plugin PerforceSourceControl
LogPluginManager: Mounting plugin PlasticSourceControl
LogPluginManager: Mounting plugin SubversionSourceControl
LogPluginManager: Mounting plugin UObjectPlugin
LogPluginManager: Mounting plugin VisualStudioCodeSourceCodeAccess
LogPluginManager: Mounting plugin VisualStudioSourceCodeAccess
LogPluginManager: Mounting plugin XCodeSourceCodeAccess
LogPluginManager: Mounting plugin AssetManagerEditor
LogPluginManager: Mounting plugin CryptoKeys
LogPluginManager: Mounting plugin CurveEditorTools
LogPluginManager: Mounting plugin DataValidation
LogPluginManager: Mounting plugin FacialAnimation
LogPluginManager: Mounting plugin GameplayTagsEditor
LogPluginManager: Mounting plugin MacGraphicsSwitching
LogPluginManager: Mounting plugin MaterialAnalyzer
LogPluginManager: Mounting plugin MobileLauncherProfileWizard
LogPluginManager: Mounting plugin PluginBrowser
LogPluginManager: Mounting plugin SpeedTreeImporter
LogPluginManager: Mounting plugin DatasmithContent
LogPluginManager: Mounting plugin VariantManagerContent
LogPluginManager: Mounting plugin AlembicImporter
LogPluginManager: Mounting plugin AutomationUtils
LogPluginManager: Mounting plugin BackChannel
LogPluginManager: Mounting plugin CharacterAI
LogPluginManager: Mounting plugin GeometryCache
LogPluginManager: Mounting plugin PlatformCrypto
LogPluginManager: Mounting plugin ProxyLODPlugin
LogPluginManager: Mounting plugin SkeletalReduction
LogPluginManager: Mounting plugin MagicLeap
LogPluginManager: Mounting plugin MagicLeapMedia
LogPluginManager: Mounting plugin MLSDK
LogPluginManager: Mounting plugin AndroidMedia
LogPluginManager: Mounting plugin AvfMedia
LogPluginManager: Mounting plugin ImgMedia
LogPluginManager: Mounting plugin MediaCompositing
LogPluginManager: Mounting plugin MediaPlayerEditor
LogPluginManager: Mounting plugin WebMMedia
LogPluginManager: Mounting plugin WmfMedia
LogPluginManager: Mounting plugin TcpMessaging
LogPluginManager: Mounting plugin UdpMessaging
LogPluginManager: Mounting plugin ActorSequence
LogPluginManager: Mounting plugin LevelSequenceEditor
LogPluginManager: Mounting plugin MatineeToLevelSequence
LogPluginManager: Mounting plugin NetcodeUnitTest
LogPluginManager: Mounting plugin NUTUnrealEngine4
LogPluginManager: Mounting plugin OnlineSubsystemGooglePlay
LogPluginManager: Mounting plugin OnlineSubsystemIOS
LogPluginManager: Mounting plugin OnlineSubsystem
LogPluginManager: Mounting plugin OnlineSubsystemNull
LogPluginManager: Mounting plugin OnlineSubsystemUtils
LogPluginManager: Mounting plugin LauncherChunkInstaller
LogPluginManager: Mounting plugin AndroidDeviceProfileSelector
LogPluginManager: Mounting plugin AndroidMoviePlayer
LogPluginManager: Mounting plugin AndroidPermission
LogPluginManager: Mounting plugin AppleImageUtils
LogPluginManager: Mounting plugin AppleMoviePlayer
LogPluginManager: Mounting plugin ArchVisCharacter
LogPluginManager: Mounting plugin AssetTags
LogPluginManager: Mounting plugin AudioCapture
LogPluginManager: Mounting plugin CableComponent
LogPluginManager: Mounting plugin CustomMeshComponent
LogPluginManager: Mounting plugin EditableMesh
LogPluginManager: Mounting plugin ExampleDeviceProfileSelector
LogPluginManager: Mounting plugin GoogleCloudMessaging
LogPluginManager: Mounting plugin IOSDeviceProfileSelector
LogPluginManager: Mounting plugin LinuxDeviceProfileSelector
LogPluginManager: Mounting plugin LocationServicesBPLibrary
LogPluginManager: Mounting plugin MobilePatchingUtils
LogPluginManager: Mounting plugin OculusVR
LogPluginManager: Mounting plugin PhysXVehicles
LogPluginManager: Mounting plugin PostSplashScreen
LogPluginManager: Mounting plugin ProceduralMeshComponent
LogPluginManager: Mounting plugin RuntimePhysXCooking
LogPluginManager: Mounting plugin SignificanceManager
LogPluginManager: Mounting plugin SteamVR
LogPluginManager: Mounting plugin WebMMoviePlayer
LogPluginManager: Mounting plugin WindowsMoviePlayer
LogPluginManager: Mounting plugin ScreenshotTools
LogInit: Using libcurl 7.55.1-DEV
LogInit:  - built for x86_64-pc-win32
LogInit:  - supports SSL with OpenSSL/1.1.1
LogInit:  - supports HTTP deflate (compression) using libz 1.2.8
LogInit:  - other features:
LogInit:      CURL_VERSION_SSL
LogInit:      CURL_VERSION_LIBZ
LogInit:      CURL_VERSION_IPV6
LogInit:      CURL_VERSION_ASYNCHDNS
LogInit:      CURL_VERSION_LARGEFILE
LogInit:      CURL_VERSION_IDN
LogInit:  CurlRequestOptions (configurable via config and command line):
LogInit:  - bVerifyPeer = true  - Libcurl will verify peer certificate
LogInit:  - bUseHttpProxy = false  - Libcurl will NOT use HTTP proxy
LogInit:  - bDontReuseConnections = false  - Libcurl will reuse connections
LogInit:  - MaxHostConnections = 16  - Libcurl will limit the number of connections to a host
LogInit:  - LocalHostAddr = Default
LogInit:  - BufferSize = 65536
LogOnline: OSS: Creating online subsystem instance for: NULL
LogInit: WinSock: version 1.1 (2.2), MaxSocks=32767, MaxUdp=65467
LogOnline: OSS: TryLoadSubsystemAndSetDefault: Loaded subsystem for module [NULL]
LogInit: Build: ++UE4+Release-4.24-CL-11100242
LogInit: Engine Version: 4.24.2-11100242+++UE4+Release-4.24
LogInit: Compatible Engine Version: 4.24.0-10570792+++UE4+Release-4.24
LogInit: Net CL: 10570792
LogInit: OS: Windows 10 (Release 1903) (), CPU: Intel(R) Core(TM) i7-6700HQ CPU @ 2.60GHz, GPU: Intel(R) HD Graphics 530
LogInit: Compiled (64-bit): Jan 24 2020 02:05:53
LogInit: Compiled with Visual C++: 19.16.27032.01
LogInit: Build Configuration: Development
LogInit: Branch Name: ++UE4+Release-4.24
LogInit: Command Line: 
LogInit: Base Directory: D:/Epic Games/UE_4.24/Engine/Binaries/Win64/
LogInit: Installed Engine Build: 1
LogDevObjectVersion: Number of dev versions registered: 25
LogDevObjectVersion:   Dev-Blueprints (B0D832E4-1F89-4F0D-ACCF-7EB736FD4AA2): 10
LogDevObjectVersion:   Dev-Build (E1C64328-A22C-4D53-A36C-8E866417BD8C): 0
LogDevObjectVersion:   Dev-Core (375EC13C-06E4-48FB-B500-84F0262A717E): 3
LogDevObjectVersion:   Dev-Editor (E4B068ED-F494-42E9-A231-DA0B2E46BB41): 37
LogDevObjectVersion:   Dev-Framework (CFFC743F-43B0-4480-9391-14DF171D2073): 36
LogDevObjectVersion:   Dev-Mobile (B02B49B5-BB20-44E9-A304-32B752E40360): 2
LogDevObjectVersion:   Dev-Networking (A4E4105C-59A1-49B5-A7C5-40C4547EDFEE): 0
LogDevObjectVersion:   Dev-Online (39C831C9-5AE6-47DC-9A44-9C173E1C8E7C): 0
LogDevObjectVersion:   Dev-Physics (78F01B33-EBEA-4F98-B9B4-84EACCB95AA2): 2
LogDevObjectVersion:   Dev-Platform (6631380F-2D4D-43E0-8009-CF276956A95A): 0
LogDevObjectVersion:   Dev-Rendering (12F88B9F-8875-4AFC-A67C-D90C383ABD29): 36
LogDevObjectVersion:   Dev-Sequencer (7B5AE74C-D270-4C10-A958-57980B212A5A): 11
LogDevObjectVersion:   Dev-VR (D7296918-1DD6-4BDD-9DE2-64A83CC13884): 2
LogDevObjectVersion:   Dev-LoadTimes (C2A15278-BFE7-4AFE-6C17-90FF531DF755): 1
LogDevObjectVersion:   Private-Geometry (6EACA3D4-40EC-4CC1-B786-8BED09428FC5): 3
LogDevObjectVersion:   Dev-AnimPhys (29E575DD-E0A3-4627-9D10-D276232CDCEA): 17
LogDevObjectVersion:   Dev-Anim (AF43A65D-7FD3-4947-9873-3E8ED9C1BB05): 2
LogDevObjectVersion:   Dev-ReflectionCapture (6B266CEC-1EC7-4B8F-A30B-E4D90942FC07): 1
LogDevObjectVersion:   Dev-Automation (0DF73D61-A23F-47EA-B727-89E90C41499A): 1
LogDevObjectVersion:   FortniteMain (601D1886-AC64-4F84-AA16-D3DE0DEAC7D6): 31
LogDevObjectVersion:   Dev-Enterprise (9DFFBCD6-494F-0158-E221-12823C92A888): 8
LogDevObjectVersion:   Dev-Niagara (F2AED0AC-9AFE-416F-8664-AA7FFA26D6FC): 1
LogDevObjectVersion:   Dev-Destruction (174F1F0B-B4C6-45A5-B13F-2EE8D0FB917D): 9
LogDevObjectVersion:   Dev-Physics-Ext (35F94A83-E258-406C-A318-09F59610247C): 8
LogDevObjectVersion:   Dev-CineCamera (B2E18506-4273-CFC2-A54E-F4BB758BBA07): 1
LogInit: Presizing for max 25165824 objects, including 0 objects not considered by GC, pre-allocating 0 bytes for permanent pool.
LogInit: Object subsystem initialized
LogConfig: Setting CVar [[con.DebugEarlyDefault:1]]
LogConfig: Setting CVar [[r.setres:1280x720]]
[2020.02.10-19.41.57:529][  0]LogConfig: Setting CVar [[r.VSync:0]]
[2020.02.10-19.41.57:529][  0]LogConfig: Setting CVar [[r.RHICmdBypass:0]]
[2020.02.10-19.41.57:540][  0]LogConfig: Applying CVar settings from Section [/Script/Engine.RendererSettings] File [D:/College Stuff/Unity/GemChasers/GemChasers/Saved/Config/Windows/Engine.ini]
[2020.02.10-19.41.57:540][  0]LogConfig: Setting CVar [[r.GPUCrashDebugging:0]]
[2020.02.10-19.41.57:540][  0]LogConfig: Applying CVar settings from Section [/Script/Engine.RendererOverrideSettings] File [D:/College Stuff/Unity/GemChasers/GemChasers/Saved/Config/Windows/Engine.ini]
[2020.02.10-19.41.57:540][  0]LogConfig: Applying CVar settings from Section [/Script/Engine.StreamingSettings] File [D:/College Stuff/Unity/GemChasers/GemChasers/Saved/Config/Windows/Engine.ini]
[2020.02.10-19.41.57:540][  0]LogConfig: Setting CVar [[s.MinBulkDataSizeForAsyncLoading:131072]]
[2020.02.10-19.41.57:540][  0]LogConfig: Setting CVar [[s.AsyncLoadingThreadEnabled:0]]
[2020.02.10-19.41.57:540][  0]LogConfig: Setting CVar [[s.EventDrivenLoaderEnabled:1]]
[2020.02.10-19.41.57:540][  0]LogConfig: Setting CVar [[s.WarnIfTimeLimitExceeded:0]]
[2020.02.10-19.41.57:540][  0]LogConfig: Setting CVar [[s.TimeLimitExceededMultiplier:1.5]]
[2020.02.10-19.41.57:540][  0]LogConfig: Setting CVar [[s.TimeLimitExceededMinTime:0.005]]
[2020.02.10-19.41.57:540][  0]LogConfig: Setting CVar [[s.UseBackgroundLevelStreaming:1]]
[2020.02.10-19.41.57:540][  0]LogConfig: Setting CVar [[s.PriorityAsyncLoadingExtraTime:15.0]]
[2020.02.10-19.41.57:540][  0]LogConfig: Setting CVar [[s.LevelStreamingActorsUpdateTimeLimit:5.0]]
[2020.02.10-19.41.57:540][  0]LogConfig: Setting CVar [[s.PriorityLevelStreamingActorsUpdateExtraTime:5.0]]
[2020.02.10-19.41.57:540][  0]LogConfig: Setting CVar [[s.LevelStreamingComponentsRegistrationGranularity:10]]
[2020.02.10-19.41.57:540][  0]LogConfig: Setting CVar [[s.UnregisterComponentsTimeLimit:1.0]]
[2020.02.10-19.41.57:540][  0]LogConfig: Setting CVar [[s.LevelStreamingComponentsUnregistrationGranularity:5]]
[2020.02.10-19.41.57:540][  0]LogConfig: Setting CVar [[s.FlushStreamingOnExit:1]]
[2020.02.10-19.41.57:540][  0]LogConfig: Applying CVar settings from Section [/Script/Engine.GarbageCollectionSettings] File [D:/College Stuff/Unity/GemChasers/GemChasers/Saved/Config/Windows/Engine.ini]
[2020.02.10-19.41.57:540][  0]LogConfig: Setting CVar [[gc.MaxObjectsNotConsideredByGC:1]]
[2020.02.10-19.41.57:540][  0]LogConfig: Setting CVar [[gc.SizeOfPermanentObjectPool:0]]
[2020.02.10-19.41.57:540][  0]LogConfig: Setting CVar [[gc.FlushStreamingOnGC:0]]
[2020.02.10-19.41.57:540][  0]LogConfig: Setting CVar [[gc.NumRetriesBeforeForcingGC:10]]
[2020.02.10-19.41.57:540][  0]LogConfig: Setting CVar [[gc.AllowParallelGC:1]]
[2020.02.10-19.41.57:540][  0]LogConfig: Setting CVar [[gc.TimeBetweenPurgingPendingKillObjects:61.1]]
[2020.02.10-19.41.57:540][  0]LogConfig: Setting CVar [[gc.MaxObjectsInEditor:25165824]]
[2020.02.10-19.41.57:540][  0]LogConfig: Setting CVar [[gc.IncrementalBeginDestroyEnabled:1]]
[2020.02.10-19.41.57:540][  0]LogConfig: Setting CVar [[gc.CreateGCClusters:1]]
[2020.02.10-19.41.57:540][  0]LogConfig: Setting CVar [[gc.MinGCClusterSize:5]]
[2020.02.10-19.41.57:540][  0]LogConfig: Setting CVar [[gc.ActorClusteringEnabled:0]]
[2020.02.10-19.41.57:540][  0]LogConfig: Setting CVar [[gc.BlueprintClusteringEnabled:0]]
[2020.02.10-19.41.57:540][  0]LogConfig: Setting CVar [[gc.UseDisregardForGCOnDedicatedServers:0]]
[2020.02.10-19.41.57:540][  0]LogConfig: Applying CVar settings from Section [/Script/Engine.NetworkSettings] File [D:/College Stuff/Unity/GemChasers/GemChasers/Saved/Config/Windows/Engine.ini]
[2020.02.10-19.41.57:540][  0]LogConfig: Applying CVar settings from Section [/Script/UnrealEd.CookerSettings] File [D:/College Stuff/Unity/GemChasers/GemChasers/Saved/Config/Windows/Engine.ini]
[2020.02.10-19.41.57:641][  0]LogConfig: Applying CVar settings from Section [ViewDistanceQuality@3] File [D:/College Stuff/Unity/GemChasers/GemChasers/Saved/Config/Windows/Scalability.ini]
[2020.02.10-19.41.57:641][  0]LogConfig: Setting CVar [[r.SkeletalMeshLODBias:0]]
[2020.02.10-19.41.57:641][  0]LogConfig: Setting CVar [[r.ViewDistanceScale:1.0]]
[2020.02.10-19.41.57:641][  0]LogConfig: Applying CVar settings from Section [AntiAliasingQuality@3] File [D:/College Stuff/Unity/GemChasers/GemChasers/Saved/Config/Windows/Scalability.ini]
[2020.02.10-19.41.57:641][  0]LogConfig: Setting CVar [[r.PostProcessAAQuality:4]]
[2020.02.10-19.41.57:641][  0]LogConfig: Applying CVar settings from Section [ShadowQuality@3] File [D:/College Stuff/Unity/GemChasers/GemChasers/Saved/Config/Windows/Scalability.ini]
[2020.02.10-19.41.57:641][  0]LogConfig: Setting CVar [[r.LightFunctionQuality:1]]
[2020.02.10-19.41.57:641][  0]LogConfig: Setting CVar [[r.ShadowQuality:5]]
[2020.02.10-19.41.57:641][  0]LogConfig: Setting CVar [[r.Shadow.CSM.MaxCascades:10]]
[2020.02.10-19.41.57:641][  0]LogConfig: Setting CVar [[r.Shadow.MaxResolution:2048]]
[2020.02.10-19.41.57:641][  0]LogConfig: Setting CVar [[r.Shadow.MaxCSMResolution:2048]]
[2020.02.10-19.41.57:641][  0]LogConfig: Setting CVar [[r.Shadow.RadiusThreshold:0.01]]
[2020.02.10-19.41.57:641][  0]LogConfig: Setting CVar [[r.Shadow.DistanceScale:1.0]]
[2020.02.10-19.41.57:641][  0]LogConfig: Setting CVar [[r.Shadow.CSM.TransitionScale:1.0]]
[2020.02.10-19.41.57:641][  0]LogConfig: Setting CVar [[r.Shadow.PreShadowResolutionFactor:1.0]]
[2020.02.10-19.41.57:641][  0]LogConfig: Setting CVar [[r.DistanceFieldShadowing:1]]
[2020.02.10-19.41.57:641][  0]LogConfig: Setting CVar [[r.DistanceFieldAO:1]]
[2020.02.10-19.41.57:641][  0]LogConfig: Setting CVar [[r.AOQuality:2]]
[2020.02.10-19.41.57:641][  0]LogConfig: Setting CVar [[r.VolumetricFog:1]]
[2020.02.10-19.41.57:641][  0]LogConfig: Setting CVar [[r.VolumetricFog.GridPixelSize:8]]
[2020.02.10-19.41.57:641][  0]LogConfig: Setting CVar [[r.VolumetricFog.GridSizeZ:128]]
[2020.02.10-19.41.57:641][  0]LogConfig: Setting CVar [[r.VolumetricFog.HistoryMissSupersampleCount:4]]
[2020.02.10-19.41.57:641][  0]LogConfig: Setting CVar [[r.LightMaxDrawDistanceScale:1]]
[2020.02.10-19.41.57:641][  0]LogConfig: Setting CVar [[r.CapsuleShadows:1]]
[2020.02.10-19.41.57:641][  0]LogConfig: Applying CVar settings from Section [PostProcessQuality@3] File [D:/College Stuff/Unity/GemChasers/GemChasers/Saved/Config/Windows/Scalability.ini]
[2020.02.10-19.41.57:641][  0]LogConfig: Setting CVar [[r.MotionBlurQuality:4]]
[2020.02.10-19.41.57:641][  0]LogConfig: Setting CVar [[r.AmbientOcclusionMipLevelFactor:0.4]]
[2020.02.10-19.41.57:641][  0]LogConfig: Setting CVar [[r.AmbientOcclusionMaxQuality:100]]
[2020.02.10-19.41.57:642][  0]LogConfig: Setting CVar [[r.AmbientOcclusionLevels:-1]]
[2020.02.10-19.41.57:642][  0]LogConfig: Setting CVar [[r.AmbientOcclusionRadiusScale:1.0]]
[2020.02.10-19.41.57:642][  0]LogConfig: Setting CVar [[r.DepthOfFieldQuality:2]]
[2020.02.10-19.41.57:642][  0]LogConfig: Setting CVar [[r.RenderTargetPoolMin:400]]
[2020.02.10-19.41.57:642][  0]LogConfig: Setting CVar [[r.LensFlareQuality:2]]
[2020.02.10-19.41.57:642][  0]LogConfig: Setting CVar [[r.SceneColorFringeQuality:1]]
[2020.02.10-19.41.57:642][  0]LogConfig: Setting CVar [[r.EyeAdaptationQuality:2]]
[2020.02.10-19.41.57:642][  0]LogConfig: Setting CVar [[r.BloomQuality:5]]
[2020.02.10-19.41.57:642][  0]LogConfig: Setting CVar [[r.FastBlurThreshold:100]]
[2020.02.10-19.41.57:642][  0]LogConfig: Setting CVar [[r.Upscale.Quality:3]]
[2020.02.10-19.41.57:642][  0]LogConfig: Setting CVar [[r.Tonemapper.GrainQuantization:1]]
[2020.02.10-19.41.57:642][  0]LogConfig: Setting CVar [[r.LightShaftQuality:1]]
[2020.02.10-19.41.57:642][  0]LogConfig: Setting CVar [[r.Filter.SizeScale:1]]
[2020.02.10-19.41.57:642][  0]LogConfig: Setting CVar [[r.Tonemapper.Quality:5]]
[2020.02.10-19.41.57:642][  0]LogConfig: Setting CVar [[r.DOF.Gather.AccumulatorQuality:1        ; higher gathering accumulator quality]]
[2020.02.10-19.41.57:642][  0]LogConfig: Setting CVar [[r.DOF.Gather.PostfilterMethod:1          ; Median3x3 postfilering method]]
[2020.02.10-19.41.57:642][  0]LogConfig: Setting CVar [[r.DOF.Gather.EnableBokehSettings:0       ; no bokeh simulation when gathering]]
[2020.02.10-19.41.57:642][  0]LogConfig: Setting CVar [[r.DOF.Gather.RingCount:4                 ; medium number of samples when gathering]]
[2020.02.10-19.41.57:642][  0]LogConfig: Setting CVar [[r.DOF.Scatter.ForegroundCompositing:1    ; additive foreground scattering]]
[2020.02.10-19.41.57:642][  0]LogConfig: Setting CVar [[r.DOF.Scatter.BackgroundCompositing:2    ; additive background scattering]]
[2020.02.10-19.41.57:642][  0]LogConfig: Setting CVar [[r.DOF.Scatter.EnableBokehSettings:1      ; bokeh simulation when scattering]]
[2020.02.10-19.41.57:642][  0]LogConfig: Setting CVar [[r.DOF.Scatter.MaxSpriteRatio:0.1         ; only a maximum of 10% of scattered bokeh]]
[2020.02.10-19.41.57:642][  0]LogConfig: Setting CVar [[r.DOF.Recombine.Quality:1                ; cheap slight out of focus]]
[2020.02.10-19.41.57:642][  0]LogConfig: Setting CVar [[r.DOF.Recombine.EnableBokehSettings:0    ; no bokeh simulation on slight out of focus]]
[2020.02.10-19.41.57:642][  0]LogConfig: Setting CVar [[r.DOF.TemporalAAQuality:1                ; more stable temporal accumulation]]
[2020.02.10-19.41.57:642][  0]LogConfig: Setting CVar [[r.DOF.Kernel.MaxForegroundRadius:0.025]]
[2020.02.10-19.41.57:642][  0]LogConfig: Setting CVar [[r.DOF.Kernel.MaxBackgroundRadius:0.025]]
[2020.02.10-19.41.57:642][  0]LogConfig: Applying CVar settings from Section [TextureQuality@3] File [D:/College Stuff/Unity/GemChasers/GemChasers/Saved/Config/Windows/Scalability.ini]
[2020.02.10-19.41.57:642][  0]LogConfig: Setting CVar [[r.Streaming.MipBias:0]]
[2020.02.10-19.41.57:642][  0]LogConfig: Setting CVar [[r.Streaming.AmortizeCPUToGPUCopy:0]]
[2020.02.10-19.41.57:642][  0]LogConfig: Setting CVar [[r.Streaming.MaxNumTexturesToStreamPerFrame:0]]
[2020.02.10-19.41.57:642][  0]LogConfig: Setting CVar [[r.Streaming.Boost:1]]
[2020.02.10-19.41.57:642][  0]LogConfig: Setting CVar [[r.MaxAnisotropy:8]]
[2020.02.10-19.41.57:642][  0]LogConfig: Setting CVar [[r.VT.MaxAnisotropy:8]]
[2020.02.10-19.41.57:642][  0]LogConfig: Setting CVar [[r.Streaming.LimitPoolSizeToVRAM:0]]
[2020.02.10-19.41.57:642][  0]LogConfig: Setting CVar [[r.Streaming.PoolSize:1000]]
[2020.02.10-19.41.57:642][  0]LogConfig: Setting CVar [[r.Streaming.MaxEffectiveScreenSize:0]]
[2020.02.10-19.41.57:642][  0]LogConfig: Applying CVar settings from Section [EffectsQuality@3] File [D:/College Stuff/Unity/GemChasers/GemChasers/Saved/Config/Windows/Scalability.ini]
[2020.02.10-19.41.57:642][  0]LogConfig: Setting CVar [[r.TranslucencyLightingVolumeDim:64]]
[2020.02.10-19.41.57:642][  0]LogConfig: Setting CVar [[r.RefractionQuality:2]]
[2020.02.10-19.41.57:642][  0]LogConfig: Setting CVar [[r.SSR.Quality:3]]
[2020.02.10-19.41.57:642][  0]LogConfig: Setting CVar [[r.SSR.HalfResSceneColor:0]]
[2020.02.10-19.41.57:642][  0]LogConfig: Setting CVar [[r.SceneColorFormat:4]]
[2020.02.10-19.41.57:642][  0]LogConfig: Setting CVar [[r.DetailMode:2]]
[2020.02.10-19.41.57:642][  0]LogConfig: Setting CVar [[r.TranslucencyVolumeBlur:1]]
[2020.02.10-19.41.57:642][  0]LogConfig: Setting CVar [[r.MaterialQualityLevel:1 ; High quality]]
[2020.02.10-19.41.57:642][  0]LogConfig: Setting CVar [[r.SSS.Scale:1]]
[2020.02.10-19.41.57:642][  0]LogConfig: Setting CVar [[r.SSS.SampleSet:2]]
[2020.02.10-19.41.57:642][  0]LogConfig: Setting CVar [[r.SSS.Quality:1]]
[2020.02.10-19.41.57:642][  0]LogConfig: Setting CVar [[r.SSS.HalfRes:1]]
[2020.02.10-19.41.57:642][  0]LogConfig: Setting CVar [[r.SSGI.Quality:3]]
[2020.02.10-19.41.57:642][  0]LogConfig: Setting CVar [[r.EmitterSpawnRateScale:1.0]]
[2020.02.10-19.41.57:642][  0]LogConfig: Setting CVar [[r.ParticleLightQuality:2]]
[2020.02.10-19.41.57:642][  0]LogConfig: Setting CVar [[r.SkyAtmosphere.AerialPerspectiveLUT.FastApplyOnOpaque:1 ; Always have FastSkyLUT 1 in this case to avoid wrong sky]]
[2020.02.10-19.41.57:642][  0]LogConfig: Setting CVar [[r.SkyAtmosphere.AerialPerspectiveLUT.SampleCountPerSlice:1]]
[2020.02.10-19.41.57:643][  0]LogConfig: Setting CVar [[r.SkyAtmosphere.AerialPerspectiveLUT.DepthResolution:16.0]]
[2020.02.10-19.41.57:643][  0]LogConfig: Setting CVar [[r.SkyAtmosphere.FastSkyLUT:1]]
[2020.02.10-19.41.57:643][  0]LogConfig: Setting CVar [[r.SkyAtmosphere.FastSkyLUT.SampleCountMin:4.0]]
[2020.02.10-19.41.57:643][  0]LogConfig: Setting CVar [[r.SkyAtmosphere.FastSkyLUT.SampleCountMax:32.0]]
[2020.02.10-19.41.57:643][  0]LogConfig: Setting CVar [[r.SkyAtmosphere.SampleCountMin:4.0]]
[2020.02.10-19.41.57:643][  0]LogConfig: Setting CVar [[r.SkyAtmosphere.SampleCountMax:32.0]]
[2020.02.10-19.41.57:643][  0]LogConfig: Setting CVar [[r.SkyAtmosphere.TransmittanceLUT.UseSmallFormat:0]]
[2020.02.10-19.41.57:643][  0]LogConfig: Setting CVar [[r.SkyAtmosphere.TransmittanceLUT.SampleCount:10.0]]
[2020.02.10-19.41.57:643][  0]LogConfig: Setting CVar [[r.SkyAtmosphere.MultiScatteringLUT.SampleCount:15.0]]
[2020.02.10-19.41.57:643][  0]LogConfig: Applying CVar settings from Section [FoliageQuality@3] File [D:/College Stuff/Unity/GemChasers/GemChasers/Saved/Config/Windows/Scalability.ini]
[2020.02.10-19.41.57:643][  0]LogConfig: Setting CVar [[foliage.DensityScale:1.0]]
[2020.02.10-19.41.57:643][  0]LogConfig: Setting CVar [[grass.DensityScale:1.0]]
[2020.02.10-19.41.57:643][  0]LogConfig: Applying CVar settings from Section [ShadingQuality@3] File [D:/College Stuff/Unity/GemChasers/GemChasers/Saved/Config/Windows/Scalability.ini]
[2020.02.10-19.41.57:643][  0]LogConfig: Setting CVar [[r.HairStrands.SkyLighting.SampleCount:16]]
[2020.02.10-19.41.57:643][  0]LogConfig: Setting CVar [[r.HairStrands.SkyLighting.JitterIntegration:0]]
[2020.02.10-19.41.57:643][  0]LogConfig: Setting CVar [[r.HairStrands.SkyAO.SampleCount:16]]
[2020.02.10-19.41.57:658][  0]LogInit: Selected Device Profile: [Windows]
[2020.02.10-19.41.57:658][  0]LogInit: Applying CVar settings loaded from the selected device profile: [Windows]
[2020.02.10-19.41.57:715][  0]LogHAL: Display: Platform has ~ 16 GB [17086115840 / 17179869184 / 16], which maps to Larger [LargestMinGB=32, LargerMinGB=12, DefaultMinGB=8, SmallerMinGB=6, SmallestMinGB=0)
[2020.02.10-19.41.57:715][  0]LogInit: Going up to parent DeviceProfile []
[2020.02.10-19.41.57:716][  0]LogConfig: Applying CVar settings from Section [ViewDistanceQuality@3] File [D:/College Stuff/Unity/GemChasers/GemChasers/Saved/Config/Windows/Scalability.ini]
[2020.02.10-19.41.57:716][  0]LogConfig: Setting CVar [[r.SkeletalMeshLODBias:0]]
[2020.02.10-19.41.57:716][  0]LogConfig: Setting CVar [[r.ViewDistanceScale:1.0]]
[2020.02.10-19.41.57:716][  0]LogConfig: Applying CVar settings from Section [AntiAliasingQuality@3] File [D:/College Stuff/Unity/GemChasers/GemChasers/Saved/Config/Windows/Scalability.ini]
[2020.02.10-19.41.57:716][  0]LogConfig: Setting CVar [[r.PostProcessAAQuality:4]]
[2020.02.10-19.41.57:716][  0]LogConfig: Applying CVar settings from Section [ShadowQuality@3] File [D:/College Stuff/Unity/GemChasers/GemChasers/Saved/Config/Windows/Scalability.ini]
[2020.02.10-19.41.57:716][  0]LogConfig: Setting CVar [[r.LightFunctionQuality:1]]
[2020.02.10-19.41.57:716][  0]LogConfig: Setting CVar [[r.ShadowQuality:5]]
[2020.02.10-19.41.57:716][  0]LogConfig: Setting CVar [[r.Shadow.CSM.MaxCascades:10]]
[2020.02.10-19.41.57:716][  0]LogConfig: Setting CVar [[r.Shadow.MaxResolution:2048]]
[2020.02.10-19.41.57:716][  0]LogConfig: Setting CVar [[r.Shadow.MaxCSMResolution:2048]]
[2020.02.10-19.41.57:716][  0]LogConfig: Setting CVar [[r.Shadow.RadiusThreshold:0.01]]
[2020.02.10-19.41.57:716][  0]LogConfig: Setting CVar [[r.Shadow.DistanceScale:1.0]]
[2020.02.10-19.41.57:716][  0]LogConfig: Setting CVar [[r.Shadow.CSM.TransitionScale:1.0]]
[2020.02.10-19.41.57:716][  0]LogConfig: Setting CVar [[r.Shadow.PreShadowResolutionFactor:1.0]]
[2020.02.10-19.41.57:716][  0]LogConfig: Setting CVar [[r.DistanceFieldShadowing:1]]
[2020.02.10-19.41.57:716][  0]LogConfig: Setting CVar [[r.DistanceFieldAO:1]]
[2020.02.10-19.41.57:716][  0]LogConfig: Setting CVar [[r.AOQuality:2]]
[2020.02.10-19.41.57:716][  0]LogConfig: Setting CVar [[r.VolumetricFog:1]]
[2020.02.10-19.41.57:716][  0]LogConfig: Setting CVar [[r.VolumetricFog.GridPixelSize:8]]
[2020.02.10-19.41.57:716][  0]LogConfig: Setting CVar [[r.VolumetricFog.GridSizeZ:128]]
[2020.02.10-19.41.57:716][  0]LogConfig: Setting CVar [[r.VolumetricFog.HistoryMissSupersampleCount:4]]
[2020.02.10-19.41.57:716][  0]LogConfig: Setting CVar [[r.LightMaxDrawDistanceScale:1]]
[2020.02.10-19.41.57:716][  0]LogConfig: Setting CVar [[r.CapsuleShadows:1]]
[2020.02.10-19.41.57:716][  0]LogConfig: Applying CVar settings from Section [PostProcessQuality@3] File [D:/College Stuff/Unity/GemChasers/GemChasers/Saved/Config/Windows/Scalability.ini]
[2020.02.10-19.41.57:716][  0]LogConfig: Setting CVar [[r.MotionBlurQuality:4]]
[2020.02.10-19.41.57:716][  0]LogConfig: Setting CVar [[r.AmbientOcclusionMipLevelFactor:0.4]]
[2020.02.10-19.41.57:716][  0]LogConfig: Setting CVar [[r.AmbientOcclusionMaxQuality:100]]
[2020.02.10-19.41.57:716][  0]LogConfig: Setting CVar [[r.AmbientOcclusionLevels:-1]]
[2020.02.10-19.41.57:716][  0]LogConfig: Setting CVar [[r.AmbientOcclusionRadiusScale:1.0]]
[2020.02.10-19.41.57:716][  0]LogConfig: Setting CVar [[r.DepthOfFieldQuality:2]]
[2020.02.10-19.41.57:716][  0]LogConfig: Setting CVar [[r.RenderTargetPoolMin:400]]
[2020.02.10-19.41.57:716][  0]LogConfig: Setting CVar [[r.LensFlareQuality:2]]
[2020.02.10-19.41.57:716][  0]LogConfig: Setting CVar [[r.SceneColorFringeQuality:1]]
[2020.02.10-19.41.57:716][  0]LogConfig: Setting CVar [[r.EyeAdaptationQuality:2]]
[2020.02.10-19.41.57:716][  0]LogConfig: Setting CVar [[r.BloomQuality:5]]
[2020.02.10-19.41.57:716][  0]LogConfig: Setting CVar [[r.FastBlurThreshold:100]]
[2020.02.10-19.41.57:716][  0]LogConfig: Setting CVar [[r.Upscale.Quality:3]]
[2020.02.10-19.41.57:716][  0]LogConfig: Setting CVar [[r.Tonemapper.GrainQuantization:1]]
[2020.02.10-19.41.57:716][  0]LogConfig: Setting CVar [[r.LightShaftQuality:1]]
[2020.02.10-19.41.57:716][  0]LogConfig: Setting CVar [[r.Filter.SizeScale:1]]
[2020.02.10-19.41.57:716][  0]LogConfig: Setting CVar [[r.Tonemapper.Quality:5]]
[2020.02.10-19.41.57:716][  0]LogConfig: Setting CVar [[r.DOF.Gather.AccumulatorQuality:1        ; higher gathering accumulator quality]]
[2020.02.10-19.41.57:716][  0]LogConfig: Setting CVar [[r.DOF.Gather.PostfilterMethod:1          ; Median3x3 postfilering method]]
[2020.02.10-19.41.57:716][  0]LogConfig: Setting CVar [[r.DOF.Gather.EnableBokehSettings:0       ; no bokeh simulation when gathering]]
[2020.02.10-19.41.57:716][  0]LogConfig: Setting CVar [[r.DOF.Gather.RingCount:4                 ; medium number of samples when gathering]]
[2020.02.10-19.41.57:716][  0]LogConfig: Setting CVar [[r.DOF.Scatter.ForegroundCompositing:1    ; additive foreground scattering]]
[2020.02.10-19.41.57:716][  0]LogConfig: Setting CVar [[r.DOF.Scatter.BackgroundCompositing:2    ; additive background scattering]]
[2020.02.10-19.41.57:716][  0]LogConfig: Setting CVar [[r.DOF.Scatter.EnableBokehSettings:1      ; bokeh simulation when scattering]]
[2020.02.10-19.41.57:716][  0]LogConfig: Setting CVar [[r.DOF.Scatter.MaxSpriteRatio:0.1         ; only a maximum of 10% of scattered bokeh]]
[2020.02.10-19.41.57:716][  0]LogConfig: Setting CVar [[r.DOF.Recombine.Quality:1                ; cheap slight out of focus]]
[2020.02.10-19.41.57:717][  0]LogConfig: Setting CVar [[r.DOF.Recombine.EnableBokehSettings:0    ; no bokeh simulation on slight out of focus]]
[2020.02.10-19.41.57:717][  0]LogConfig: Setting CVar [[r.DOF.TemporalAAQuality:1                ; more stable temporal accumulation]]
[2020.02.10-19.41.57:717][  0]LogConfig: Setting CVar [[r.DOF.Kernel.MaxForegroundRadius:0.025]]
[2020.02.10-19.41.57:717][  0]LogConfig: Setting CVar [[r.DOF.Kernel.MaxBackgroundRadius:0.025]]
[2020.02.10-19.41.57:717][  0]LogConfig: Applying CVar settings from Section [TextureQuality@3] File [D:/College Stuff/Unity/GemChasers/GemChasers/Saved/Config/Windows/Scalability.ini]
[2020.02.10-19.41.57:717][  0]LogConfig: Setting CVar [[r.Streaming.MipBias:0]]
[2020.02.10-19.41.57:717][  0]LogConfig: Setting CVar [[r.Streaming.AmortizeCPUToGPUCopy:0]]
[2020.02.10-19.41.57:717][  0]LogConfig: Setting CVar [[r.Streaming.MaxNumTexturesToStreamPerFrame:0]]
[2020.02.10-19.41.57:717][  0]LogConfig: Setting CVar [[r.Streaming.Boost:1]]
[2020.02.10-19.41.57:717][  0]LogConfig: Setting CVar [[r.MaxAnisotropy:8]]
[2020.02.10-19.41.57:717][  0]LogConfig: Setting CVar [[r.VT.MaxAnisotropy:8]]
[2020.02.10-19.41.57:717][  0]LogConfig: Setting CVar [[r.Streaming.LimitPoolSizeToVRAM:0]]
[2020.02.10-19.41.57:717][  0]LogConfig: Setting CVar [[r.Streaming.PoolSize:1000]]
[2020.02.10-19.41.57:717][  0]LogConfig: Setting CVar [[r.Streaming.MaxEffectiveScreenSize:0]]
[2020.02.10-19.41.57:717][  0]LogConfig: Applying CVar settings from Section [EffectsQuality@3] File [D:/College Stuff/Unity/GemChasers/GemChasers/Saved/Config/Windows/Scalability.ini]
[2020.02.10-19.41.57:717][  0]LogConfig: Setting CVar [[r.TranslucencyLightingVolumeDim:64]]
[2020.02.10-19.41.57:717][  0]LogConfig: Setting CVar [[r.RefractionQuality:2]]
[2020.02.10-19.41.57:717][  0]LogConfig: Setting CVar [[r.SSR.Quality:3]]
[2020.02.10-19.41.57:717][  0]LogConfig: Setting CVar [[r.SSR.HalfResSceneColor:0]]
[2020.02.10-19.41.57:717][  0]LogConfig: Setting CVar [[r.SceneColorFormat:4]]
[2020.02.10-19.41.57:717][  0]LogConfig: Setting CVar [[r.DetailMode:2]]
[2020.02.10-19.41.57:717][  0]LogConfig: Setting CVar [[r.TranslucencyVolumeBlur:1]]
[2020.02.10-19.41.57:717][  0]LogConfig: Setting CVar [[r.MaterialQualityLevel:1 ; High quality]]
[2020.02.10-19.41.57:717][  0]LogConfig: Setting CVar [[r.SSS.Scale:1]]
[2020.02.10-19.41.57:717][  0]LogConfig: Setting CVar [[r.SSS.SampleSet:2]]
[2020.02.10-19.41.57:717][  0]LogConfig: Setting CVar [[r.SSS.Quality:1]]
[2020.02.10-19.41.57:717][  0]LogConfig: Setting CVar [[r.SSS.HalfRes:1]]
[2020.02.10-19.41.57:717][  0]LogConfig: Setting CVar [[r.SSGI.Quality:3]]
[2020.02.10-19.41.57:717][  0]LogConfig: Setting CVar [[r.EmitterSpawnRateScale:1.0]]
[2020.02.10-19.41.57:717][  0]LogConfig: Setting CVar [[r.ParticleLightQuality:2]]
[2020.02.10-19.41.57:717][  0]LogConfig: Setting CVar [[r.SkyAtmosphere.AerialPerspectiveLUT.FastApplyOnOpaque:1 ; Always have FastSkyLUT 1 in this case to avoid wrong sky]]
[2020.02.10-19.41.57:718][  0]LogConfig: Setting CVar [[r.SkyAtmosphere.AerialPerspectiveLUT.SampleCountPerSlice:1]]
[2020.02.10-19.41.57:718][  0]LogConfig: Setting CVar [[r.SkyAtmosphere.AerialPerspectiveLUT.DepthResolution:16.0]]
[2020.02.10-19.41.57:718][  0]LogConfig: Setting CVar [[r.SkyAtmosphere.FastSkyLUT:1]]
[2020.02.10-19.41.57:718][  0]LogConfig: Setting CVar [[r.SkyAtmosphere.FastSkyLUT.SampleCountMin:4.0]]
[2020.02.10-19.41.57:718][  0]LogConfig: Setting CVar [[r.SkyAtmosphere.FastSkyLUT.SampleCountMax:32.0]]
[2020.02.10-19.41.57:718][  0]LogConfig: Setting CVar [[r.SkyAtmosphere.SampleCountMin:4.0]]
[2020.02.10-19.41.57:718][  0]LogConfig: Setting CVar [[r.SkyAtmosphere.SampleCountMax:32.0]]
[2020.02.10-19.41.57:718][  0]LogConfig: Setting CVar [[r.SkyAtmosphere.TransmittanceLUT.UseSmallFormat:0]]
[2020.02.10-19.41.57:718][  0]LogConfig: Setting CVar [[r.SkyAtmosphere.TransmittanceLUT.SampleCount:10.0]]
[2020.02.10-19.41.57:718][  0]LogConfig: Setting CVar [[r.SkyAtmosphere.MultiScatteringLUT.SampleCount:15.0]]
[2020.02.10-19.41.57:718][  0]LogConfig: Applying CVar settings from Section [FoliageQuality@3] File [D:/College Stuff/Unity/GemChasers/GemChasers/Saved/Config/Windows/Scalability.ini]
[2020.02.10-19.41.57:718][  0]LogConfig: Setting CVar [[foliage.DensityScale:1.0]]
[2020.02.10-19.41.57:718][  0]LogConfig: Setting CVar [[grass.DensityScale:1.0]]
[2020.02.10-19.41.57:718][  0]LogConfig: Applying CVar settings from Section [ShadingQuality@3] File [D:/College Stuff/Unity/GemChasers/GemChasers/Saved/Config/Windows/Scalability.ini]
[2020.02.10-19.41.57:718][  0]LogConfig: Setting CVar [[r.HairStrands.SkyLighting.SampleCount:16]]
[2020.02.10-19.41.57:718][  0]LogConfig: Setting CVar [[r.HairStrands.SkyLighting.JitterIntegration:0]]
[2020.02.10-19.41.57:718][  0]LogConfig: Setting CVar [[r.HairStrands.SkyAO.SampleCount:16]]
[2020.02.10-19.41.57:718][  0]LogConfig: Applying CVar settings from Section [Startup] File [../../../Engine/Config/ConsoleVariables.ini]
[2020.02.10-19.41.57:740][  0]LogConfig: Setting CVar [[net.UseAdaptiveNetUpdateFrequency:0]]
[2020.02.10-19.41.57:740][  0]LogConfig: Setting CVar [[p.chaos.AllowCreatePhysxBodies:1]]
[2020.02.10-19.41.57:740][  0]LogConfig: Applying CVar settings from Section [ConsoleVariables] File [D:/College Stuff/Unity/GemChasers/GemChasers/Saved/Config/Windows/Engine.ini]
[2020.02.10-19.41.57:767][  0]LogInit: Computer: DAVIDSMSILAPTOP
[2020.02.10-19.41.57:767][  0]LogInit: User: Thero
[2020.02.10-19.41.57:767][  0]LogInit: CPU Page size=4096, Cores=4
[2020.02.10-19.41.57:767][  0]LogInit: High frequency timer resolution =10.000000 MHz
[2020.02.10-19.41.57:767][  0]LogMemory: Memory total: Physical=15.9GB (16GB approx)
[2020.02.10-19.41.57:767][  0]LogMemory: Platform Memory Stats for Windows
[2020.02.10-19.41.57:767][  0]LogMemory: Process Physical Memory: 105.10 MB used, 105.11 MB peak
[2020.02.10-19.41.57:767][  0]LogMemory: Process Virtual Memory: 100.52 MB used, 100.52 MB peak
[2020.02.10-19.41.57:767][  0]LogMemory: Physical Memory: 8434.00 MB used,  7860.59 MB free, 16294.59 MB total
[2020.02.10-19.41.57:767][  0]LogMemory: Virtual Memory: 5137.52 MB used,  134212592.00 MB free, 134217728.00 MB total
[2020.02.10-19.41.57:778][  0]LogWindows: WindowsPlatformFeatures enabled
[2020.02.10-19.41.58:863][  0]LogInit: Using OS detected language (en-US).
[2020.02.10-19.41.58:863][  0]LogInit: Using OS detected locale (en-US).
[2020.02.10-19.41.58:903][  0]LogTextLocalizationManager: No specific localization for 'en-US' exists, so the 'en' localization will be used.
[2020.02.10-19.41.59:803][  0]LogInit: Setting process to per monitor DPI aware
[2020.02.10-19.42.00:591][  0]LogSlate: New Slate User Created.  User Index 0, Is Virtual User: 0
[2020.02.10-19.42.00:591][  0]LogSlate: Slate User Registered.  User Index 0, Is Virtual User: 0
[2020.02.10-19.42.08:282][  0]LogHMD: Failed to initialize OpenVR with code 110
[2020.02.10-19.42.08:282][  0]LogD3D11RHI: D3D11 min allowed feature level: 11_0
[2020.02.10-19.42.08:282][  0]LogD3D11RHI: D3D11 max allowed feature level: 11_0
[2020.02.10-19.42.08:282][  0]LogD3D11RHI: D3D11 adapters:
[2020.02.10-19.42.08:408][  0]LogD3D11RHI:    0. 'NVIDIA GeForce GTX 970M' (Feature Level 11_0)
[2020.02.10-19.42.08:408][  0]LogD3D11RHI:       3032/0/8147 MB DedicatedVideo/DedicatedSystem/SharedSystem, Outputs:1, VendorId:0x10de
[2020.02.10-19.42.08:432][  0]LogD3D11RHI:    1. 'Intel(R) HD Graphics 530' (Feature Level 11_0)
[2020.02.10-19.42.08:432][  0]LogD3D11RHI:       128/0/8147 MB DedicatedVideo/DedicatedSystem/SharedSystem, Outputs:0, VendorId:0x8086
[2020.02.10-19.42.08:436][  0]LogD3D11RHI:    2. 'Microsoft Basic Render Driver' (Feature Level 11_0)
[2020.02.10-19.42.08:436][  0]LogD3D11RHI:       0/0/8147 MB DedicatedVideo/DedicatedSystem/SharedSystem, Outputs:0, VendorId:0x1414
[2020.02.10-19.42.08:436][  0]LogD3D11RHI: Chosen D3D11 Adapter: 0
[2020.02.10-19.42.08:527][  0]LogD3D11RHI: Creating new Direct3DDevice
[2020.02.10-19.42.08:527][  0]LogD3D11RHI:     GPU DeviceId: 0x13d8 (for the marketing name, search the web for "GPU Device Id")
[2020.02.10-19.42.08:527][  0]LogWindows: EnumDisplayDevices:
[2020.02.10-19.42.08:527][  0]LogWindows:    0. 'Intel(R) HD Graphics 530' (P:1 D:1)
[2020.02.10-19.42.08:529][  0]LogWindows:    1. 'Intel(R) HD Graphics 530' (P:0 D:0)
[2020.02.10-19.42.08:530][  0]LogWindows:    2. 'Intel(R) HD Graphics 530' (P:0 D:0)
[2020.02.10-19.42.08:530][  0]LogWindows: DebugString: PrimaryIsNotTheChoosenAdapter PrimaryIsNotTheChoosenAdapter PrimaryIsNotTheChoosenAdapter FoundDriverCount:0 
[2020.02.10-19.42.08:530][  0]LogD3D11RHI:     Adapter Name: NVIDIA GeForce GTX 970M
[2020.02.10-19.42.08:530][  0]LogD3D11RHI:   Driver Version: Unknown (internal:Unknown, unified:Unknown)
[2020.02.10-19.42.08:530][  0]LogD3D11RHI:      Driver Date: Unknown
[2020.02.10-19.42.08:530][  0]LogRHI: Texture pool is 2122 MB (70% of 3032 MB)
[2020.02.10-19.42.08:603][  0]LogD3D11RHI: RHI has support for 64 bit atomics
[2020.02.10-19.42.08:604][  0]LogD3D11RHI: Async texture creation enabled
[2020.02.10-19.42.08:861][  0]LogD3D11RHI: GPU Timing Frequency: 1000.000000 (Debug: 2 1)
[2020.02.10-19.42.10:250][  0]LogTargetPlatformManager: Display: Loaded TargetPlatform 'AllDesktop'
[2020.02.10-19.42.10:375][  0]LogTargetPlatformManager: Display: Loaded TargetPlatform 'Android'
[2020.02.10-19.42.10:375][  0]LogTargetPlatformManager: Display: Loaded TargetPlatform 'Android_ASTC'
[2020.02.10-19.42.10:375][  0]LogTargetPlatformManager: Display: Loaded TargetPlatform 'Android_ATC'
[2020.02.10-19.42.10:375][  0]LogTargetPlatformManager: Display: Loaded TargetPlatform 'Android_DXT'
[2020.02.10-19.42.10:375][  0]LogTargetPlatformManager: Display: Loaded TargetPlatform 'Android_ETC1'
[2020.02.10-19.42.10:375][  0]LogTargetPlatformManager: Display: Loaded TargetPlatform 'Android_ETC1a'
[2020.02.10-19.42.10:375][  0]LogTargetPlatformManager: Display: Loaded TargetPlatform 'Android_ETC2'
[2020.02.10-19.42.10:375][  0]LogTargetPlatformManager: Display: Loaded TargetPlatform 'Android_PVRTC'
[2020.02.10-19.42.10:375][  0]LogTargetPlatformManager: Display: Loaded TargetPlatform 'AndroidClient'
[2020.02.10-19.42.10:375][  0]LogTargetPlatformManager: Display: Loaded TargetPlatform 'Android_ASTCClient'
[2020.02.10-19.42.10:375][  0]LogTargetPlatformManager: Display: Loaded TargetPlatform 'Android_ATCClient'
[2020.02.10-19.42.10:375][  0]LogTargetPlatformManager: Display: Loaded TargetPlatform 'Android_DXTClient'
[2020.02.10-19.42.10:375][  0]LogTargetPlatformManager: Display: Loaded TargetPlatform 'Android_ETC1Client'
[2020.02.10-19.42.10:375][  0]LogTargetPlatformManager: Display: Loaded TargetPlatform 'Android_ETC1aClient'
[2020.02.10-19.42.10:375][  0]LogTargetPlatformManager: Display: Loaded TargetPlatform 'Android_ETC2Client'
[2020.02.10-19.42.10:375][  0]LogTargetPlatformManager: Display: Loaded TargetPlatform 'Android_PVRTCClient'
[2020.02.10-19.42.10:375][  0]LogTargetPlatformManager: Display: Loaded TargetPlatform 'Android_Multi'
[2020.02.10-19.42.10:375][  0]LogTargetPlatformManager: Display: Loaded TargetPlatform 'Android_MultiClient'
[2020.02.10-19.42.10:575][  0]LogTargetPlatformManager: Display: Loaded TargetPlatform 'IOSClient'
[2020.02.10-19.42.10:575][  0]LogTargetPlatformManager: Display: Loaded TargetPlatform 'IOS'
[2020.02.10-19.42.10:627][  0]LogTargetPlatformManager: Display: Loaded TargetPlatform 'LinuxNoEditor'
[2020.02.10-19.42.10:670][  0]LogTargetPlatformManager: Display: Loaded TargetPlatform 'LinuxClient'
[2020.02.10-19.42.10:715][  0]LogTargetPlatformManager: Display: Loaded TargetPlatform 'LinuxServer'
[2020.02.10-19.42.10:773][  0]LogTargetPlatformManager: Display: Loaded TargetPlatform 'LinuxAArch64NoEditor'
[2020.02.10-19.42.10:817][  0]LogTargetPlatformManager: Display: Loaded TargetPlatform 'LinuxAArch64Client'
[2020.02.10-19.42.10:861][  0]LogTargetPlatformManager: Display: Loaded TargetPlatform 'LinuxAArch64Server'
[2020.02.10-19.42.10:940][  0]LogTargetPlatformManager: Display: Loaded TargetPlatform 'Lumin'
[2020.02.10-19.42.10:940][  0]LogTargetPlatformManager: Display: Loaded TargetPlatform 'LuminClient'
[2020.02.10-19.42.11:014][  0]LogTargetPlatformManager: Display: Loaded TargetPlatform 'TVOSClient'
[2020.02.10-19.42.11:014][  0]LogTargetPlatformManager: Display: Loaded TargetPlatform 'TVOS'
[2020.02.10-19.42.11:070][  0]LogTargetPlatformManager: Display: Loaded TargetPlatform 'WindowsNoEditor'
[2020.02.10-19.42.11:118][  0]LogTargetPlatformManager: Display: Loaded TargetPlatform 'Windows'
[2020.02.10-19.42.11:157][  0]LogTargetPlatformManager: Display: Loaded TargetPlatform 'WindowsClient'
[2020.02.10-19.42.11:207][  0]LogTargetPlatformManager: Display: Loaded TargetPlatform 'WindowsServer'
[2020.02.10-19.42.11:207][  0]LogTargetPlatformManager: Display: Building Assets For Windows
[2020.02.10-19.42.11:486][  0]LogAudioDebug: Display: Lib vorbis DLL was dynamically loaded.
[2020.02.10-19.42.12:469][  0]LogShaderCompilers: Guid format shader working directory is -11 characters bigger than the processId version (../../../../../College Stuff/Unity/GemChasers/GemChasers/Intermediate/Shaders/WorkingDirectory/15912/).
[2020.02.10-19.42.12:469][  0]LogShaderCompilers: Cleaned the shader compiler working directory 'C:/Users/Thero/AppData/Local/Temp/UnrealShaderWorkingDir/326290E345B2AD04883CE292129895FF/'.
[2020.02.10-19.42.12:470][  0]LogXGEController: Cleaning working directory: C:/Users/Thero/AppData/Local/Temp/UnrealXGEWorkingDir/
[2020.02.10-19.42.12:470][  0]LogXGEController: Cannot use XGE Controller as Incredibuild is not installed on this machine.
[2020.02.10-19.42.12:470][  0]LogShaderCompilers: Cannot use XGE Shader Compiler as Incredibuild is not installed on this machine.
[2020.02.10-19.42.12:470][  0]LogShaderCompilers: Display: Using Local Shader Compiler.
[2020.02.10-19.42.21:246][  0]LogDerivedDataCache: Display: Max Cache Size: 512 MB
[2020.02.10-19.42.21:393][  0]LogDerivedDataCache: Loaded boot cache 0.15s 78MB C:/Users/Thero/AppData/Local/UnrealEngine/4.24/DerivedDataCache/Boot.ddc.
[2020.02.10-19.42.21:393][  0]LogDerivedDataCache: Display: Loaded Boot cache: C:/Users/Thero/AppData/Local/UnrealEngine/4.24/DerivedDataCache/Boot.ddc
[2020.02.10-19.42.21:393][  0]LogDerivedDataCache: FDerivedDataBackendGraph:  Pak pak cache file ../../../../../College Stuff/Unity/GemChasers/GemChasers/DerivedDataCache/DDC.ddp not found, will not use a pak cache.
[2020.02.10-19.42.21:393][  0]LogDerivedDataCache: Unable to find inner node Pak for hierarchical cache Hierarchy.
[2020.02.10-19.42.21:393][  0]LogDerivedDataCache: FDerivedDataBackendGraph:  CompressedPak pak cache file ../../../../../College Stuff/Unity/GemChasers/GemChasers/DerivedDataCache/Compressed.ddp not found, will not use a pak cache.
[2020.02.10-19.42.21:393][  0]LogDerivedDataCache: Unable to find inner node CompressedPak for hierarchical cache Hierarchy.
[2020.02.10-19.42.21:491][  0]LogDerivedDataCache: Display: Pak cache opened for reading ../../../Engine/DerivedDataCache/Compressed.ddp.
[2020.02.10-19.42.21:491][  0]LogDerivedDataCache: FDerivedDataBackendGraph:  EnterprisePak pak cache file ../../../Enterprise/DerivedDataCache/Compressed.ddp not found, will not use a pak cache.
[2020.02.10-19.42.21:491][  0]LogDerivedDataCache: Unable to find inner node EnterprisePak for hierarchical cache Hierarchy.
[2020.02.10-19.42.21:494][  0]LogDerivedDataCache: Using Local data cache path C:/Users/Thero/AppData/Local/UnrealEngine/Common/DerivedDataCache: Writable
[2020.02.10-19.42.21:494][  0]LogDerivedDataCache: Shared data cache path not found in *engine.ini, will not use an Shared cache.
[2020.02.10-19.42.21:494][  0]LogDerivedDataCache: Unable to find inner node Shared for hierarchical cache Hierarchy.
[2020.02.10-19.42.21:633][  0]LogMaterial: Verifying Global Shaders for PCD3D_SM5
[2020.02.10-19.42.21:723][  0]LogSlate: Using FreeType 2.10.0
[2020.02.10-19.42.21:891][  0]LogSlate: SlateFontServices - WITH_FREETYPE: 1, WITH_HARFBUZZ: 1
[2020.02.10-19.42.25:071][  0]LogAssetRegistry: FAssetRegistry took 0.0099 seconds to start up
[2020.02.10-19.42.31:247][  0]LogInit: Selected Device Profile: [Windows]
[2020.02.10-19.42.33:145][  0]LogMeshReduction: Using QuadricMeshReduction for automatic static mesh reduction
[2020.02.10-19.42.33:145][  0]LogMeshReduction: Using SimplygonMeshReduction for automatic skeletal mesh reduction
[2020.02.10-19.42.33:145][  0]LogMeshReduction: Using ProxyLODMeshReduction for automatic mesh merging
[2020.02.10-19.42.33:145][  0]LogMeshReduction: No distributed automatic mesh merging module available
[2020.02.10-19.42.33:145][  0]LogMeshMerging: No distributed automatic mesh merging module available
[2020.02.10-19.42.33:588][  0]LogNetVersion: GemChasers 1.0.0, NetCL: 10570792, EngineNetVer: 13, GameNetVer: 0 (Checksum: 569320847)
[2020.02.10-19.43.01:682][  0]LogPackageLocalizationCache: Processed 10 localized package path(s) for 1 prioritized culture(s) in 0.210561 seconds
[2020.02.10-19.43.01:721][  0]LogUObjectArray: 46750 objects as part of root set at end of initial load.
[2020.02.10-19.43.01:721][  0]LogUObjectAllocator: 8137160 out of 0 bytes used by permanent object pool.
[2020.02.10-19.43.01:721][  0]LogUObjectArray: CloseDisregardForGC: 0/0 objects in disregard for GC pool
[2020.02.10-19.43.07:268][  0]LogTcpMessaging: Initializing TcpMessaging bridge
[2020.02.10-19.43.07:328][  0]LogUdpMessaging: Initializing bridge on interface 0.0.0.0:0 to multicast group 230.0.0.1:6666.
[2020.02.10-19.43.09:064][  0]SourceControl: Source control is disabled
[2020.02.10-19.43.09:082][  0]SourceControl: Source control is disabled
[2020.02.10-19.43.09:213][  0]SourceControl: Source control is disabled
[2020.02.10-19.43.09:253][  0]SourceControl: Source control is disabled
[2020.02.10-19.43.09:293][  0]SourceControl: Source control is disabled
[2020.02.10-19.43.11:206][  0]LogAndroidPermission: UAndroidPermissionCallbackProxy::GetInstance
[2020.02.10-19.43.11:472][  0]LogAudioCaptureCore: Display: No Audio Capture implementations found. Audio input will be silent.
[2020.02.10-19.43.11:472][  0]LogAudioCaptureCore: Display: No Audio Capture implementations found. Audio input will be silent.
[2020.02.10-19.43.12:259][  0]LogOcInput: OculusInput pre-init called
[2020.02.10-19.43.12:355][  0]LogWindows: Failed to load 'OVRPlugin.dll' (GetLastError=126)
[2020.02.10-19.43.12:355][  0]LogWindows: File 'OVRPlugin.dll' does not exist
[2020.02.10-19.43.13:394][  0]LogEngine: Initializing Engine...
[2020.02.10-19.43.13:424][  0]LogHMD: Failed to initialize OpenVR with code 110
[2020.02.10-19.43.13:478][  0]LogStats: UGameplayTagsManager::InitializeManager -  0.011 s
[2020.02.10-19.43.14:806][  0]LogInit: Initializing FReadOnlyCVARCache
[2020.02.10-19.43.15:265][  0]LogAIModule: Creating AISystem for world Untitled
[2020.02.10-19.43.15:451][  0]LogAudioMixer: Display: Audio Mixer Platform Settings:
[2020.02.10-19.43.15:451][  0]LogAudioMixer: Display: 	Sample Rate:						  48000
[2020.02.10-19.43.15:451][  0]LogAudioMixer: Display: 	Callback Buffer Frame Size Requested: 1024
[2020.02.10-19.43.15:451][  0]LogAudioMixer: Display: 	Callback Buffer Frame Size To Use:	  1024
[2020.02.10-19.43.15:451][  0]LogAudioMixer: Display: 	Number of buffers to queue:			  2
[2020.02.10-19.43.15:452][  0]LogAudioMixer: Display: 	Max Channels (voices):				  32
[2020.02.10-19.43.15:452][  0]LogAudioMixer: Display: 	Number of Async Source Workers:		  0
[2020.02.10-19.43.15:452][  0]LogAudio: Display: AudioDevice MaxSources: 32
[2020.02.10-19.43.15:472][  0]LogAudio: Display: Using built-in audio occlusion.
[2020.02.10-19.43.15:472][  0]LogAudioMixer: Display: Initializing audio mixer.
[2020.02.10-19.43.15:522][  0]LogAudioMixer: Display: Audio Device Output Speaker Info:
[2020.02.10-19.43.15:522][  0]LogAudioMixer: Display: Name: Speakers (Realtek High Definition Audio)
[2020.02.10-19.43.15:522][  0]LogAudioMixer: Display: Is Default: Yes
[2020.02.10-19.43.15:522][  0]LogAudioMixer: Display: Sample Rate: 48000
[2020.02.10-19.43.15:522][  0]LogAudioMixer: Display: Channel Count Used: 2
[2020.02.10-19.43.15:522][  0]LogAudioMixer: Display: Device Channel Count: 2
[2020.02.10-19.43.15:522][  0]LogAudioMixer: Display: Channel Order:
[2020.02.10-19.43.15:522][  0]LogAudioMixer: Display: 0: FrontLeft
[2020.02.10-19.43.15:522][  0]LogAudioMixer: Display: 1: FrontRight
[2020.02.10-19.43.15:619][  0]LogAudioMixer: Display: Using Audio Device Speakers (Realtek High Definition Audio)
[2020.02.10-19.43.15:657][  0]LogInit: FAudioDevice initialized.
[2020.02.10-19.43.15:657][  0]LogNetVersion: Set ProjectVersion to 1.0.0.0. Version Checksum will be recalculated on next use.
[2020.02.10-19.43.15:719][  0]LogDerivedDataCache: Saved boot cache 0.06s 79MB C:/Users/Thero/AppData/Local/UnrealEngine/4.24/DerivedDataCache/Boot.ddc.
[2020.02.10-19.43.15:725][  0]LogInit: Texture streaming: Enabled
[2020.02.10-19.43.15:926][  0]LogEngineSessionManager: EngineSessionManager initialized
[2020.02.10-19.43.15:926][  0]LogEditorSessionSummary: Verbose: Initializing EditorSessionSummaryWriter for editor session tracking
[2020.02.10-19.43.15:928][  0]LogEditorSessionSummary: EditorSessionSummaryWriter initialized
[2020.02.10-19.43.16:236][  0]LogInit: Transaction tracking system initialized
[2020.02.10-19.43.16:647][  0]BlueprintLog: New page: Editor Load
[2020.02.10-19.43.18:156][  0]LocalizationService: Localization service is disabled
[2020.02.10-19.43.23:384][  0]LogFileCache: Scanning file cache for directory 'D:/College Stuff/Unity/GemChasers/GemChasers/Content/' took 0.01s
[2020.02.10-19.43.23:384][  0]LogCook: Display: Max memory allowance for cook 16384mb min free memory 0mb
[2020.02.10-19.43.23:384][  0]LogCook: Display: Mobile HDR setting 1
[2020.02.10-19.43.28:373][  0]SourceControl: Source control is disabled
[2020.02.10-19.43.28:404][  0]Cmd: MAP LOAD FILE="../../../../../College Stuff/Unity/GemChasers/GemChasers/Content/Maps/TestMap.umap" TEMPLATE=0 SHOWPROGRESS=1 FEATURELEVEL=3
[2020.02.10-19.43.28:420][  0]LightingResults: New page: Lighting Build
[2020.02.10-19.43.28:545][  0]LogWorld: UWorld::CleanupWorld for Untitled, bSessionEnded=true, bCleanupResources=true
[2020.02.10-19.43.28:570][  0]LogSlate: InvalidateAllWidgets triggered.  All widgets were invalidated
[2020.02.10-19.43.28:581][  0]MapCheck: New page: Map Check
[2020.02.10-19.43.28:581][  0]LightingResults: New page: Lighting Build
[2020.02.10-19.43.28:835][  0]LogUObjectHash: Compacting FUObjectHashTables data took   2.42ms
[2020.02.10-19.43.29:803][  0]LogAIModule: Creating AISystem for world TestMap
[2020.02.10-19.43.30:384][  0]LogEditorServer: Finished looking for orphan Actors (0.000 secs)
[2020.02.10-19.43.30:552][  0]LogUObjectHash: Compacting FUObjectHashTables data took   3.41ms
[2020.02.10-19.43.30:552][  0]Cmd: MAP CHECKDEP NOCLEARLOG
[2020.02.10-19.43.30:595][  0]MapCheck: Map check complete: 0 Error(s), 0 Warning(s), took 26.612ms to complete.
[2020.02.10-19.43.30:595][  0]LogFileHelpers: Loading map 'TestMap' took 2.202
[2020.02.10-19.43.32:110][  0]LogSlate: Updating window title bar state: overlay mode, drag disabled, window buttons hidden, title bar hidden
[2020.02.10-19.43.32:132][  0]LogSlate: Updating window title bar state: overlay mode, drag disabled, window buttons hidden, title bar hidden
[2020.02.10-19.43.32:145][  0]LogSlate: Updating window title bar state: overlay mode, drag disabled, window buttons hidden, title bar hidden
[2020.02.10-19.43.32:155][  0]LogSlate: Updating window title bar state: overlay mode, drag disabled, window buttons hidden, title bar hidden
[2020.02.10-19.43.32:234][  0]LogCollectionManager: Loaded 0 collections in 0.001278 seconds
[2020.02.10-19.43.32:402][  0]LogFileCache: Scanning file cache for directory 'D:/College Stuff/Unity/GemChasers/GemChasers/Saved/Collections/' took 0.00s
[2020.02.10-19.43.32:402][  0]LogFileCache: Scanning file cache for directory 'D:/College Stuff/Unity/GemChasers/GemChasers/Content/Developers/Thero/Collections/' took 0.00s
[2020.02.10-19.43.32:402][  0]LogFileCache: Scanning file cache for directory 'D:/College Stuff/Unity/GemChasers/GemChasers/Content/Collections/' took 0.00s
[2020.02.10-19.43.32:402][  0]LogContentBrowser: Native class hierarchy populated in 0.0303 seconds. Added 3023 classes and 719 folders.
[2020.02.10-19.43.32:453][  0]LogContentBrowser: Native class hierarchy updated for 'WidgetCarousel' in 0.0004 seconds. Added 0 classes and 0 folders.
[2020.02.10-19.43.34:108][  0]LogContentBrowser: Native class hierarchy updated for 'AddContentDialog' in 0.0005 seconds. Added 0 classes and 0 folders.
[2020.02.10-19.43.34:180][  0]LogContentBrowser: Native class hierarchy updated for 'SceneOutliner' in 0.0005 seconds. Added 2 classes and 3 folders.
[2020.02.10-19.43.34:828][  0]LogSlate: Took 0.040713 seconds to synchronously load lazily loaded font '../../../Engine/Content/Slate/Fonts/Roboto-Regular.ttf' (155K)
[2020.02.10-19.43.34:879][  0]LogSlate: Took 0.027683 seconds to synchronously load lazily loaded font '../../../Engine/Content/Slate/Fonts/Roboto-Bold.ttf' (160K)
[2020.02.10-19.43.34:979][  0]LogSlate: Took 0.023154 seconds to synchronously load lazily loaded font '../../../Engine/Content/Editor/Slate/Fonts/FontAwesome.ttf' (139K)
[2020.02.10-19.43.35:019][  0]LogSlate: Took 0.025502 seconds to synchronously load lazily loaded font '../../../Engine/Content/Slate/Fonts/DroidSansMono.ttf' (77K)
[2020.02.10-19.43.35:591][  0]LogRenderer: Reallocating scene render targets to support 804x392 Format 10 NumSamples 1 (Frame:1).
[2020.02.10-19.43.36:166][  0]LogContentBrowser: Native class hierarchy updated for 'HierarchicalLODOutliner' in 0.0004 seconds. Added 0 classes and 0 folders.
[2020.02.10-19.43.36:166][  0]LogLoad: (Engine Initialization) Total time: 126.04 seconds
[2020.02.10-19.43.36:166][  0]LogLoad: (Engine Initialization) Total Blueprint compile time: 0.00 seconds
[2020.02.10-19.43.36:379][  0]LogContentStreaming: Texture pool size now 1000 MB
[2020.02.10-19.43.38:699][ 32]LogAssetRegistry: Asset discovery search completed in 73.6308 seconds
[2020.02.10-19.43.38:722][ 32]LogCollectionManager: Fixed up redirectors for 0 collections in 0.000046 seconds (updated 0 objects)
[2020.02.10-20.09.46:411][837]LogSlate: Took 0.021165 seconds to synchronously load lazily loaded font '../../../Engine/Content/Slate/Fonts/Roboto-Light.ttf' (167K)
[2020.02.10-20.09.48:392][936]LogSlate: Took 0.000253 seconds to synchronously load lazily loaded font '../../../Engine/Content/Slate/Fonts/Roboto-Light.ttf' (167K)
[2020.02.10-20.09.48:424][936]LogAssetEditorSubsystem: Opening Asset editor for World /Game/Maps/TestMap.TestMap
[2020.02.10-20.09.48:471][936]LogUObjectHash: Compacting FUObjectHashTables data took   1.06ms
[2020.02.10-20.09.48:515][936]Cmd: MAP LOAD FILE="../../../../../College Stuff/Unity/GemChasers/GemChasers/Content/Maps/TestMap.umap" TEMPLATE=0 SHOWPROGRESS=1 FEATURELEVEL=3
[2020.02.10-20.09.48:515][936]LightingResults: New page: Lighting Build
[2020.02.10-20.09.48:516][936]LoadErrors: New page: Loading map: TestMap.umap
[2020.02.10-20.09.48:523][936]LogWorld: UWorld::CleanupWorld for TestMap, bSessionEnded=true, bCleanupResources=true
[2020.02.10-20.09.48:523][936]LogSlate: InvalidateAllWidgets triggered.  All widgets were invalidated
[2020.02.10-20.09.48:524][936]MapCheck: New page: Map Check
[2020.02.10-20.09.48:524][936]LightingResults: New page: Lighting Build
[2020.02.10-20.09.48:593][936]LogUObjectHash: Compacting FUObjectHashTables data took   2.98ms
[2020.02.10-20.09.48:611][936]LogAIModule: Creating AISystem for world TestMap
[2020.02.10-20.09.48:628][936]LogEditorServer: Finished looking for orphan Actors (0.000 secs)
[2020.02.10-20.09.48:682][936]LogUObjectHash: Compacting FUObjectHashTables data took   3.52ms
[2020.02.10-20.09.48:732][936]Cmd: MAP CHECKDEP NOCLEARLOG
[2020.02.10-20.09.48:732][936]MapCheck: Map check complete: 0 Error(s), 0 Warning(s), took 0.103ms to complete.
[2020.02.10-20.09.48:732][936]LogFileHelpers: Loading map 'TestMap' took 0.247
[2020.02.10-20.10.09:049][125]LogAssetEditorSubsystem: Opening Asset editor for Class /Script/GemChasers.PlayerPawn
[2020.02.10-20.10.54:558][432]Candidate modules for hot reload:
[2020.02.10-20.10.54:558][432]  GemChasers
[2020.02.10-20.10.54:559][432]Launching UnrealBuildTool... [D:/Epic Games/UE_4.24/Engine/Binaries/DotNET/UnrealBuildTool.exe  -ModuleWithSuffix=GemChasers,9360 Win64 Development -TargetType=Editor -Project="D:/College Stuff/Unity/GemChasers/GemChasers/GemChasers.uproject" "D:/College Stuff/Unity/GemChasers/GemChasers/GemChasers.uproject"  -IgnoreJunk]
[2020.02.10-20.10.54:570][432]Warning: Starting HotReload took  0.3s.
[2020.02.10-20.12.10:270][691]CompilerResultsLog: New page: Compilation - Feb 10, 2020, 10:12:10 AM
[2020.02.10-20.12.10:270][691]CompilerResultsLog: Using 'git status' to determine working set for adaptive non-unity build (D:\College Stuff\Unity\GemChasers).
[2020.02.10-20.12.10:270][691]CompilerResultsLog: Parsing headers for GemChasersEditor
[2020.02.10-20.12.10:270][691]CompilerResultsLog:   Running UnrealHeaderTool "D:\College Stuff\Unity\GemChasers\GemChasers\GemChasers.uproject" "D:\College Stuff\Unity\GemChasers\GemChasers\Intermediate\Build\Win64\GemChasersEditor\Development\GemChasersEditor.uhtmanifest" -LogCmds="loginit warning, logexit warning, logdatabase error" -Unattended -WarningsAsErrors -installed
[2020.02.10-20.12.10:270][691]CompilerResultsLog: Reflection code generated for GemChasersEditor in 60.0153785 seconds
[2020.02.10-20.12.10:270][691]CompilerResultsLog: Building GemChasersEditor...
[2020.02.10-20.12.10:270][691]CompilerResultsLog: Using Visual Studio 2019 14.25.28508 toolchain (C:\Program Files (x86)\Microsoft Visual Studio\2019\Preview\VC\Tools\MSVC\14.25.28508) and Windows 10.0.16299.0 SDK (C:\Program Files (x86)\Windows Kits\10).
[2020.02.10-20.12.10:270][691]CompilerResultsLog: [Upgrade]
[2020.02.10-20.12.10:270][691]CompilerResultsLog: [Upgrade] Using backward-compatible build settings. The latest version of UE4 sets the following values by default, which may require code changes:
[2020.02.10-20.12.10:270][691]CompilerResultsLog: [Upgrade]     bLegacyPublicIncludePaths = false                 => Omits subfolders from public include paths to reduce compiler command line length. (Previously: true).
[2020.02.10-20.12.10:270][691]CompilerResultsLog: [Upgrade]     ShadowVariableWarningLevel = WarningLevel.Error   => Treats shadowed variable warnings as errors. (Previously: WarningLevel.Warning).
[2020.02.10-20.12.10:270][691]CompilerResultsLog: [Upgrade]     PCHUsage = PCHUsageMode.UseExplicitOrSharedPCHs   => Set in build.cs files to enables IWYU-style PCH model. See https://docs.unrealengine.com/en-US/Programming/BuildTools/UnrealBuildTool/IWYU/index.html. (Previously: PCHUsageMode.UseSharedPCHs).
[2020.02.10-20.12.10:270][691]CompilerResultsLog: [Upgrade] Suppress this message by setting 'DefaultBuildSettings = BuildSettingsVersion.V2;' in GemChasersEditor.Target.cs, and explicitly overriding settings that differ from the new defaults.
[2020.02.10-20.12.10:270][691]CompilerResultsLog: [Upgrade]
[2020.02.10-20.12.10:270][691]CompilerResultsLog: Building 3 actions with 8 processes...
[2020.02.10-20.12.10:270][691]CompilerResultsLog:   [1/3] UE4Editor-GemChasers-9360.lib
[2020.02.10-20.12.10:270][691]CompilerResultsLog:      Creating library D:\College Stuff\Unity\GemChasers\GemChasers\Intermediate\Build\Win64\UE4Editor\Development\GemChasers\UE4Editor-GemChasers-9360.lib and object D:\College Stuff\Unity\GemChasers\GemChasers\Intermediate\Build\Win64\UE4Editor\Development\GemChasers\UE4Editor-GemChasers-9360.exp
[2020.02.10-20.12.10:270][691]CompilerResultsLog:   [2/3] UE4Editor-GemChasers-9360.dll
[2020.02.10-20.12.10:270][691]CompilerResultsLog:      Creating library D:\College Stuff\Unity\GemChasers\GemChasers\Intermediate\Build\Win64\UE4Editor\Development\GemChasers\UE4Editor-GemChasers-9360.suppressed.lib and object D:\College Stuff\Unity\GemChasers\GemChasers\Intermediate\Build\Win64\UE4Editor\Development\GemChasers\UE4Editor-GemChasers-9360.suppressed.exp
[2020.02.10-20.12.10:270][691]CompilerResultsLog:   [3/3] GemChasersEditor.target
[2020.02.10-20.12.10:271][691]CompilerResultsLog: Total time in Parallel executor: 8.69 seconds
[2020.02.10-20.12.10:271][691]CompilerResultsLog: Total execution time: 75.46 seconds
[2020.02.10-20.12.10:271][691]LogMainFrame: MainFrame: Module compiling took 75.789 seconds
[2020.02.10-20.12.10:305][691]LogUObjectHash: Compacting FUObjectHashTables data took   1.38ms
[2020.02.10-20.12.10:348][691]LogContentBrowser: Native class hierarchy updated for 'GemChasers' in 0.0005 seconds. Added 8 classes and 2 folders.
[2020.02.10-20.12.10:352][691]Display: HotReload successful (8 functions remapped  0 scriptstructs remapped)
[2020.02.10-20.12.10:660][691]LogUObjectHash: Compacting FUObjectHashTables data took   1.85ms
[2020.02.10-20.12.10:676][691]LogContentBrowser: Native class hierarchy populated in 0.0158 seconds. Added 3025 classes and 722 folders.
[2020.02.10-20.12.10:685][691]Display: HotReload took 76.4s.
[2020.02.10-20.12.15:132][801]LogTemp: Repeating last play command: Selected Viewport
[2020.02.10-20.12.15:182][801]LogPlayLevel: PlayLevel: No blueprints needed recompiling
[2020.02.10-20.12.15:182][801]PIE: New page: PIE session: TestMap (Feb 10, 2020, 10:12:15 AM)
[2020.02.10-20.12.15:220][801]LogOnline: OSS: Creating online subsystem instance for: NULL
[2020.02.10-20.12.15:229][801]LogOnline: OSS: TryLoadSubsystemAndSetDefault: Loaded subsystem for module [NULL]
[2020.02.10-20.12.15:229][801]LogPlayLevel: Creating play world package: /Game/Maps/UEDPIE_0_TestMap
[2020.02.10-20.12.15:245][801]LogPlayLevel: PIE: StaticDuplicateObject took: (0.016261s)
[2020.02.10-20.12.15:258][801]LogAIModule: Creating AISystem for world TestMap
[2020.02.10-20.12.15:258][801]LogPlayLevel: PIE: World Init took: (0.012840s)
[2020.02.10-20.12.15:273][801]LogPlayLevel: PIE: Created PIE world by copying editor world from /Game/Maps/TestMap.TestMap to /Game/Maps/UEDPIE_0_TestMap.TestMap (0.043693s)
[2020.02.10-20.12.15:309][801]LogUObjectHash: Compacting FUObjectHashTables data took   3.14ms
[2020.02.10-20.12.15:310][801]LogAudioMixer: Display: Audio Mixer Platform Settings:
[2020.02.10-20.12.15:310][801]LogAudioMixer: Display: 	Sample Rate:						  48000
[2020.02.10-20.12.15:310][801]LogAudioMixer: Display: 	Callback Buffer Frame Size Requested: 1024
[2020.02.10-20.12.15:310][801]LogAudioMixer: Display: 	Callback Buffer Frame Size To Use:	  1024
[2020.02.10-20.12.15:310][801]LogAudioMixer: Display: 	Number of buffers to queue:			  2
[2020.02.10-20.12.15:310][801]LogAudioMixer: Display: 	Max Channels (voices):				  32
[2020.02.10-20.12.15:310][801]LogAudioMixer: Display: 	Number of Async Source Workers:		  0
[2020.02.10-20.12.15:310][801]LogAudio: Display: AudioDevice MaxSources: 32
[2020.02.10-20.12.15:311][801]LogAudio: Display: Using built-in audio occlusion.
[2020.02.10-20.12.15:311][801]LogAudioMixer: Display: Initializing audio mixer.
[2020.02.10-20.12.15:333][801]LogAudioMixer: Display: Audio Device Output Speaker Info:
[2020.02.10-20.12.15:333][801]LogAudioMixer: Display: Name: Speakers (Realtek High Definition Audio)
[2020.02.10-20.12.15:334][801]LogAudioMixer: Display: Is Default: Yes
[2020.02.10-20.12.15:334][801]LogAudioMixer: Display: Sample Rate: 48000
[2020.02.10-20.12.15:334][801]LogAudioMixer: Display: Channel Count Used: 2
[2020.02.10-20.12.15:334][801]LogAudioMixer: Display: Device Channel Count: 2
[2020.02.10-20.12.15:334][801]LogAudioMixer: Display: Channel Order:
[2020.02.10-20.12.15:334][801]LogAudioMixer: Display: 0: FrontLeft
[2020.02.10-20.12.15:334][801]LogAudioMixer: Display: 1: FrontRight
[2020.02.10-20.12.15:409][801]LogAudioMixer: Display: Using Audio Device Speakers (Realtek High Definition Audio)
[2020.02.10-20.12.15:412][801]LogInit: FAudioDevice initialized.
[2020.02.10-20.12.15:434][801]LogLoad: Game class is 'BP_MainGamemode_C'
[2020.02.10-20.12.15:478][801]LogWorld: Bringing World /Game/Maps/UEDPIE_0_TestMap.TestMap up for play (max tick rate 60) at 2020.02.10-15.12.15
[2020.02.10-20.12.15:478][801]LogWorld: Bringing up level for play took: 0.000847
[2020.02.10-20.12.15:479][801]LogOnline: OSS: Creating online subsystem instance for: :Context_3
[2020.02.10-20.12.15:610][801]LogContentBrowser: Native class hierarchy updated for 'MovieSceneCapture' in 0.0006 seconds. Added 20 classes and 0 folders.
[2020.02.10-20.12.15:630][801]PIE: Play in editor start time for /Game/Maps/UEDPIE_0_TestMap 0.75
[2020.02.10-20.12.15:742][802]LogOutputDevice: Warning: 

Script Stack (0 frames):

[2020.02.10-20.12.15:743][802]LogWindows: Windows GetLastError: The operation completed successfully. (0)
[2020.02.10-20.12.18:220][802]LogWindows: Error: === Critical error: ===
[2020.02.10-20.12.18:220][802]LogWindows: Error: 
[2020.02.10-20.12.18:220][802]LogWindows: Error: Fatal error: [File:D:/Build/++UE4/Sync/Engine/Source/Runtime/CoreUObject/Private/Templates/Casts.cpp] [Line: 10] 
[2020.02.10-20.12.18:220][802]LogWindows: Error: Cast of BP_BattleArea_C /Game/Maps/UEDPIE_0_TestMap.TestMap:PersistentLevel.BP_BattleArea_C_0 to TestEnemy failed
[2020.02.10-20.12.18:220][802]LogWindows: Error: 
[2020.02.10-20.12.18:220][802]LogWindows: Error: 
[2020.02.10-20.12.18:220][802]LogWindows: Error: [Callstack] 0x00007ffe4521a839 KERNELBASE.dll!UnknownFunction []
[2020.02.10-20.12.18:220][802]LogWindows: Error: [Callstack] 0x00007ffdd763a9a6 UE4Editor-Core.dll!UnknownFunction []
[2020.02.10-20.12.18:220][802]LogWindows: Error: [Callstack] 0x00007ffdd763de48 UE4Editor-Core.dll!UnknownFunction []
[2020.02.10-20.12.18:220][802]LogWindows: Error: [Callstack] 0x00007ffdd73f2c7d UE4Editor-Core.dll!UnknownFunction []
[2020.02.10-20.12.18:220][802]LogWindows: Error: [Callstack] 0x00007ffdd7f1e363 UE4Editor-CoreUObject.dll!UnknownFunction []
[2020.02.10-20.12.18:220][802]LogWindows: Error: [Callstack] 0x00007ffdd9073d07 UE4Editor-GemChasers-9360.dll!UnknownFunction []
[2020.02.10-20.12.18:220][802]LogWindows: Error: [Callstack] 0x00007ffdc9f706d9 UE4Editor-Engine.dll!UnknownFunction []
[2020.02.10-20.12.18:220][802]LogWindows: Error: [Callstack] 0x00007ffdc9fa30ed UE4Editor-Engine.dll!UnknownFunction []
[2020.02.10-20.12.18:220][802]LogWindows: Error: [Callstack] 0x00007ffdc9726409 UE4Editor-Engine.dll!UnknownFunction []
[2020.02.10-20.12.18:220][802]LogWindows: Error: [Callstack] 0x00007ffdc756ad60 UE4Editor-UnrealEd.dll!UnknownFunction []
[2020.02.10-20.12.18:220][802]LogWindows: Error: [Callstack] 0x00007ffdc7dce3b6 UE4Editor-UnrealEd.dll!UnknownFunction []
[2020.02.10-20.12.18:220][802]LogWindows: Error: [Callstack] 0x00007ff77c1b7f62 UE4Editor.exe!UnknownFunction []
[2020.02.10-20.12.18:220][802]LogWindows: Error: [Callstack] 0x00007ff77c1cc3ec UE4Editor.exe!UnknownFunction []
[2020.02.10-20.12.18:220][802]LogWindows: Error: [Callstack] 0x00007ff77c1cc4ca UE4Editor.exe!UnknownFunction []
[2020.02.10-20.12.18:220][802]LogWindows: Error: [Callstack] 0x00007ff77c1dceae UE4Editor.exe!UnknownFunction []
[2020.02.10-20.12.18:220][802]LogWindows: Error: [Callstack] 0x00007ff77c1dfcbe UE4Editor.exe!UnknownFunction []
[2020.02.10-20.12.18:220][802]LogWindows: Error: [Callstack] 0x00007ffe46e97bd4 KERNEL32.DLL!UnknownFunction []
[2020.02.10-20.12.18:220][802]LogWindows: Error: [Callstack] 0x00007ffe4816ced1 ntdll.dll!UnknownFunction []
[2020.02.10-20.12.18:220][802]LogWindows: Error: 
[2020.02.10-20.12.18:267][802]LogExit: Executing StaticShutdownAfterError
[2020.02.10-20.12.18:328][802]LogWindows: FPlatformMisc::RequestExit(1)
[2020.02.10-20.12.18:328][802]LogCore: Engine exit requested (reason: Win RequestExit)
[2020.02.10-20.12.18:364][802]Log file closed, 02/10/20 15:12:18
