  Cleaning GemChasersEditor and UnrealHeaderTool binaries...
  Using 'git status' to determine working set for adaptive non-unity build (D:\College Stuff\Unity\GemChasers).
  Creating makefile for GemChasersEditor (no existing makefile)
  Parsing headers for GemChasersEditor
    Running UnrealHeaderTool "D:\College Stuff\Unity\GemChasers\GemChasers\GemChasers.uproject" "D:\College Stuff\Unity\GemChasers\GemChasers\Intermediate\Build\Win64\GemChasersEditor\Development\GemChasersEditor.uhtmanifest" -LogCmds="loginit warning, logexit warning, logdatabase error" -Unattended -WarningsAsErrors -installed
  Reflection code generated for GemChasersEditor in 11.9945779 seconds
  Building GemChasersEditor...
  Using Visual Studio 2019 14.25.28508 toolchain (C:\Program Files (x86)\Microsoft Visual Studio\2019\Preview\VC\Tools\MSVC\14.25.28508) and Windows 10.0.16299.0 SDK (C:\Program Files (x86)\Windows Kits\10).
  [Upgrade]
  [Upgrade] Using backward-compatible build settings. The latest version of UE4 sets the following values by default, which may require code changes:
  [Upgrade]     bLegacyPublicIncludePaths = false                 => Omits subfolders from public include paths to reduce compiler command line length. (Previously: true).
  [Upgrade]     ShadowVariableWarningLevel = WarningLevel.Error   => Treats shadowed variable warnings as errors. (Previously: WarningLevel.Warning).
  [Upgrade]     PCHUsage = PCHUsageMode.UseExplicitOrSharedPCHs   => Set in build.cs files to enables IWYU-style PCH model. See https://docs.unrealengine.com/en-US/Programming/BuildTools/UnrealBuildTool/IWYU/index.html. (Previously: PCHUsageMode.UseSharedPCHs).
  [Upgrade] Suppress this message by setting 'DefaultBuildSettings = BuildSettingsVersion.V2;' in GemChasersEditor.Target.cs, and explicitly overriding settings that differ from the new defaults.
  [Upgrade]
  Building 25 actions with 8 processes...
    [1/25] Default.rc2
    [2/25] SharedPCH.Engine.cpp
    [3/25] GemChasers.cpp
    [4/25] GemChasersInstance.cpp
    [5/25] BattleAreaSpawnPoint.cpp
    [6/25] MainGamemode.cpp
    [7/25] GemChasersGameModeBase.cpp
    [8/25] MainPlayerController.cpp
    [9/25] GemChasers.init.gen.cpp
    [10/25] BattleArea.gen.cpp
    [11/25] EnemySpawner.gen.cpp
    [12/25] GemChasersGameModeBase.gen.cpp
    [13/25] GemChasersInstance.gen.cpp
    [14/25] MainPlayerController.gen.cpp
    [15/25] MainGamemode.gen.cpp
    [16/25] TestEnemy.gen.cpp
    [17/25] PlayerPawn.gen.cpp
    [18/25] BattleAreaSpawnPoint.gen.cpp
    [19/25] TestEnemy.cpp
    [20/25] BattleArea.cpp
    [21/25] EnemySpawner.cpp
    [22/25] PlayerPawn.cpp
    [23/25] UE4Editor-GemChasers-0001.lib
       Creating library D:\College Stuff\Unity\GemChasers\GemChasers\Intermediate\Build\Win64\UE4Editor\Development\GemChasers\UE4Editor-GemChasers-0001.lib and object D:\College Stuff\Unity\GemChasers\GemChasers\Intermediate\Build\Win64\UE4Editor\Development\GemChasers\UE4Editor-GemChasers-0001.exp
    [24/25] UE4Editor-GemChasers-0001.dll
       Creating library D:\College Stuff\Unity\GemChasers\GemChasers\Intermediate\Build\Win64\UE4Editor\Development\GemChasers\UE4Editor-GemChasers-0001.suppressed.lib and object D:\College Stuff\Unity\GemChasers\GemChasers\Intermediate\Build\Win64\UE4Editor\Development\GemChasers\UE4Editor-GemChasers-0001.suppressed.exp
    [25/25] GemChasersEditor.target
  Total time in Parallel executor: 63.95 seconds
  Total execution time: 102.66 seconds
